INFO: [VRFC 10-2263] Analyzing Verilog file "C:/Users/sayed/Desktop/Programing/major project/major-project-/row processing unit/row processing unit.srcs/sources_1/new/m2VG.v" into library xil_defaultlib
INFO: [VRFC 10-311] analyzing module m2VG_pipelined
INFO: [VRFC 10-2263] Analyzing Verilog file "C:/Users/sayed/Desktop/Programing/major project/major-project-/row processing unit/row processing unit.srcs/sources_1/new/m4VG.v" into library xil_defaultlib
INFO: [VRFC 10-311] analyzing module m4VG_pipelined
INFO: [VRFC 10-2263] Analyzing Verilog file "C:/Users/sayed/Desktop/Programing/major project/major-project-/row processing unit/row processing unit.srcs/sources_1/new/m8VG.v" into library xil_defaultlib
INFO: [VRFC 10-311] analyzing module m8VG_pipelined
INFO: [VRFC 10-2263] Analyzing Verilog file "C:/Users/sayed/Desktop/Programing/major project/major-project-/row processing unit/row processing unit.srcs/sources_1/new/m16VG.v" into library xil_defaultlib
INFO: [VRFC 10-311] analyzing module m16VG_pipelined
INFO: [VRFC 10-2263] Analyzing Verilog file "C:/Users/sayed/Desktop/Programing/major project/major-project-/row processing unit/row processing unit.srcs/sources_1/new/Absoluter_adder.v" into library xil_defaultlib
INFO: [VRFC 10-311] analyzing module Absoluter_adder
INFO: [VRFC 10-2263] Analyzing Verilog file "C:/Users/sayed/Desktop/Programing/major project/major-project-/row processing unit/row processing unit.srcs/sources_1/new/subtract_2.v" into library xil_defaultlib
INFO: [VRFC 10-311] analyzing module subtract_2
INFO: [VRFC 10-2263] Analyzing Verilog file "C:/Users/sayed/Desktop/Programing/major project/major-project-/row processing unit/row processing unit.srcs/sources_1/new/m18VG.v" into library xil_defaultlib
INFO: [VRFC 10-311] analyzing module m18VG_pipelined
INFO: [VRFC 10-2263] Analyzing Verilog file "C:/Users/sayed/Desktop/Programing/major project/major-project-/row processing unit/row processing unit.srcs/sources_1/new/adderW2.v" into library xil_defaultlib
INFO: [VRFC 10-311] analyzing module adderW2
INFO: [VRFC 10-2263] Analyzing Verilog file "C:/Users/sayed/Desktop/Programing/major project/major-project-/row processing unit/row processing unit.srcs/sources_1/new/Absoluter_18.v" into library xil_defaultlib
INFO: [VRFC 10-311] analyzing module Absoluter_18
INFO: [VRFC 10-2263] Analyzing Verilog file "C:/Users/sayed/Desktop/Programing/major project/major-project-/row processing unit/row processing unit.srcs/sources_1/new/subtractor_18.v" into library xil_defaultlib
INFO: [VRFC 10-311] analyzing module subtractor_18
INFO: [VRFC 10-2263] Analyzing Verilog file "C:/Users/sayed/Desktop/Programing/major project/major-project-/row processing unit/row processing unit.srcs/sources_1/new/emsggen.v" into library xil_defaultlib
INFO: [VRFC 10-311] analyzing module emsggen
INFO: [VRFC 10-2263] Analyzing Verilog file "C:/Users/sayed/Desktop/Programing/major project/major-project-/row processing unit/row processing unit.srcs/sources_1/new/AdderWc.v" into library xil_defaultlib
INFO: [VRFC 10-311] analyzing module AdderWc
INFO: [VRFC 10-2263] Analyzing Verilog file "C:/Users/sayed/Desktop/Programing/major project/major-project-/row processing unit/row processing unit.srcs/sources_1/new/recovunit_dp.v" into library xil_defaultlib
INFO: [VRFC 10-311] analyzing module recovunit_ne
INFO: [VRFC 10-2263] Analyzing Verilog file "C:/Users/sayed/Desktop/Programing/major project/major-project-/row processing unit/row processing unit.srcs/sources_1/new/RowUnit.v" into library xil_defaultlib
INFO: [VRFC 10-311] analyzing module RowUnit
INFO: [VRFC 10-2263] Analyzing Verilog file "C:/Users/sayed/Desktop/Programing/major project/major-project-/row processing unit/row processing unit.sim/sim_1/behav/glbl.v" into library xil_defaultlib
INFO: [VRFC 10-311] analyzing module glbl
