Vivado Simulator 2019.1
Time resolution is 1 ps
decoder_ready = 0, unload_en = x
decoder_ready = 0, unload_en = 0
LOADEN DISABLED
|CC|   0
|CCWA|       x


 IN_CLK =           x


 IN_CLK =           1
|CC|   1
|CCWA|       0


 IN_CLK =           2
|CC|   2
|CCWA|       0


 IN_CLK =           3
|CC|   3
|CCWA|       0


 IN_CLK =           4
|CC|   4
|CCWA|       0


 IN_CLK =           5
|CC|   5
|CCWA|       0


 IN_CLK =           6
|CC|   6
|CCWA|       0


 IN_CLK =           7
|CC|   7
|CCWA|       0


 IN_CLK =           8
|CC|   8
|CCWA|       0


 IN_CLK =           9
|CC|   9
|CCWA|       0


 IN_CLK =          10
|CC|  10
|CCWA|       0


 IN_CLK =          11
|CC|  11
|CCWA|       0


 IN_CLK =          12
|CC|  12
|CCWA|       0


 IN_CLK =          13
|CC|  13
|CCWA|       0


 IN_CLK =          14
|CC|  14
|CCWA|       0


 IN_CLK =          15
|CC|  15
|CCWA|       0


 IN_CLK =          16
|CC|  16
|CCWA|       0


 IN_CLK =          17
|CC|  17
|CCWA|       0


 IN_CLK =          18
|CC|  18
|CCWA|       0


 IN_CLK =          19
|CC|  19
|CCWA|       0


 IN_CLK =          20
|CC|  20
|CCWA|       0


 IN_CLK =          21
|CC|  21
|CCWA|       0


 IN_CLK =          22
|CC|  22
|CCWA|       0


 IN_CLK =          23
|CC|  23
|CCWA|       0


 IN_CLK =          24
|CC|  24
|CCWA|       0


 IN_CLK =          25
|CC|  25
|CCWA|       0


 IN_CLK =          26
|CC|  26
|CCWA|       0


 IN_CLK =          27
|CC|  27
|CCWA|       0


 IN_CLK =          28
|CC|  28
|CCWA|       0


 IN_CLK =          29
|CC|  29
|CCWA|       0


 IN_CLK =          30
|CC|  30
|CCWA|       0


 IN_CLK =          31
|CC|  31
|CCWA|       0


 IN_CLK =          32
|CC|  32
|CCWA|       0


 IN_CLK =          33
|CC|  33
|CCWA|       0


 IN_CLK =          34
|CC|  34
|CCWA|       0


 IN_CLK =          35
|CC|  35
|CCWA|       0


 IN_CLK =          36
|CC|  36
|CCWA|       0


 IN_CLK =          37
|CC|  37
|CCWA|       0


 IN_CLK =          38
|CC|  38
|CCWA|       0


 IN_CLK =          39
|CC|  39
|CCWA|       0


 IN_CLK =          40
|CC|  40
|CCWA|       0


 IN_CLK =          41
|CC|  41
|CCWA|       0


 IN_CLK =          42
|CC|  42
|CCWA|       0


 IN_CLK =          43
|CC|  43
|CCWA|       0


 IN_CLK =          44
|CC|  44
|CCWA|       0


 IN_CLK =          45
|CC|  45
|CCWA|       0


 IN_CLK =          46
|CC|  46
|CCWA|       0


 IN_CLK =          47
|CC|  47
|CCWA|       0


 IN_CLK =          48
|CC|  48
|CCWA|       0


 IN_CLK =          49
|CC|  49
|CCWA|       0


 IN_CLK =          50
|CC|  50
|CCWA|       0


 IN_CLK =          51
|CC|  51
|CCWA|       0


 IN_CLK =          52
|CC|  52
|CCWA|       0


 IN_CLK =          53
|CC|  53
|CCWA|       0


 IN_CLK =          54
|CC|  54
|CCWA|       0


 IN_CLK =          55
|CC|  55
|CCWA|       0


 IN_CLK =          56
|CC|  56
|CCWA|       0


 IN_CLK =          57
|CC|  57
|CCWA|       0


 IN_CLK =          58
|CC|  58
|CCWA|       0


 IN_CLK =          59
|CC|  59
|CCWA|       0


 IN_CLK =          60
|CC|  60
|CCWA|       0


 IN_CLK =          61
|CC|  61
|CCWA|       0


 IN_CLK =          62
|CC|  62
|CCWA|       0


 IN_CLK =          63
|CC|  63
|CCWA|       0


 IN_CLK =          64
|CC|  64
|CCWA|       0


 IN_CLK =          65
|CC|  65
|CCWA|       0


 IN_CLK =          66
|CC|  66
|CCWA|       0


 IN_CLK =          67
|CC|  67
|CCWA|       0


 IN_CLK =          68
|CC|  68
|CCWA|       0


 IN_CLK =          69
|CC|  69
|CCWA|       0


 IN_CLK =          70
|CC|  70
|CCWA|       0


 IN_CLK =          71
|CC|  71
|CCWA|       0


 IN_CLK =          72
|CC|  72
|CCWA|       0


 IN_CLK =          73
|CC|  73
|CCWA|       0


 IN_CLK =          74
|CC|  74
|CCWA|       0


 IN_CLK =          75
|CC|  75
|CCWA|       0


 IN_CLK =          76
|CC|  76
|CCWA|       0


 IN_CLK =          77
|CC|  77
|CCWA|       0


 IN_CLK =          78
|CC|  78
|CCWA|       0


 IN_CLK =          79
|CC|  79
|CCWA|       0


 IN_CLK =          80
|CC|  80
|CCWA|       0


 IN_CLK =          81
|CC|  81
|CCWA|       0


 IN_CLK =          82
|CC|  82
|CCWA|       0


 IN_CLK =          83
|CC|  83
|CCWA|       0


 IN_CLK =          84
|CC|  84
|CCWA|       0


 IN_CLK =          85
|CC|  85
|CCWA|       0


 IN_CLK =          86
|CC|  86
|CCWA|       0


 IN_CLK =          87
|CC|  87
|CCWA|       0


 IN_CLK =          88
|CC|  88
|CCWA|       0


 IN_CLK =          89
|CC|  89
|CCWA|       0


 IN_CLK =          90
|CC|  90
|CCWA|       0


 IN_CLK =          91
|CC|  91
|CCWA|       0


 IN_CLK =          92
|CC|  92
|CCWA|       0


 IN_CLK =          93
|CC|  93
|CCWA|       0


 IN_CLK =          94
|CC|  94
|CCWA|       0


 IN_CLK =          95
|CC|  95
|CCWA|       0


 IN_CLK =          96
|CC|  96
|CCWA|       0


 IN_CLK =          97
|CC|  97
|CCWA|       0


 IN_CLK =          98
|CC|  98
|CCWA|       0


 IN_CLK =          99
|CC|  99
|CCWA|       0


 IN_CLK =         100
|CC| 100
|CCWA|       0


 IN_CLK =         101
|CC| 101
|CCWA|       0


 IN_CLK =         102
|CC| 102
|CCWA|       0


 IN_CLK =         103
|CC| 103
|CCWA|       0


 IN_CLK =         104
|CC| 104
|CCWA|       0


 IN_CLK =         105
|CC| 105
|CCWA|       0


 IN_CLK =         106
|CC| 106
|CCWA|       0


 IN_CLK =         107
|CC| 107
|CCWA|       0


 IN_CLK =         108
|CC| 108
|CCWA|       0


 IN_CLK =         109
|CC| 109
|CCWA|       0


 IN_CLK =         110
|CC| 110
|CCWA|       0


 IN_CLK =         111
|CC| 111
|CCWA|       0


 IN_CLK =         112
|CC| 112
|CCWA|       0


 IN_CLK =         113
|CC| 113
|CCWA|       0


 IN_CLK =         114
|CC| 114
|CCWA|       0


 IN_CLK =         115
|CC| 115
|CCWA|       0


 IN_CLK =         116
|CC| 116
|CCWA|       0


 IN_CLK =         117
|CC| 117
|CCWA|       0


 IN_CLK =         118
|CC| 118
|CCWA|       0


 IN_CLK =         119
|CC| 119
|CCWA|       0


 IN_CLK =         120
|CC| 120
|CCWA|       0


 IN_CLK =         121
|CC| 121
|CCWA|       0


 IN_CLK =         122
|CC| 122
|CCWA|       0


 IN_CLK =         123
|CC| 123
|CCWA|       0


 IN_CLK =         124
|CC| 124
|CCWA|       0


 IN_CLK =         125
|CC| 125
|CCWA|       0


 IN_CLK =         126
|CC| 126
|CCWA|       0


 IN_CLK =         127
|CC| 127
|CCWA|       0


 IN_CLK =         128
|CC| 128
|CCWA|       0


 IN_CLK =         129
|CC| 129
|CCWA|       0


 IN_CLK =         130
|CC| 130
|CCWA|       0


 IN_CLK =         131
|CC| 131
|CCWA|       0


 IN_CLK =         132
|CC| 132
|CCWA|       0


 IN_CLK =         133
|CC| 133
|CCWA|       0


 IN_CLK =         134
|CC| 134
|CCWA|       0


 IN_CLK =         135
|CC| 135
|CCWA|       0


 IN_CLK =         136
|CC| 136
|CCWA|       0


 IN_CLK =         137
|CC| 137
|CCWA|       0


 IN_CLK =         138
|CC| 138
|CCWA|       0


 IN_CLK =         139
|CC| 139
|CCWA|       0


 IN_CLK =         140
|CC| 140
|CCWA|       0


 IN_CLK =         141
|CC| 141
|CCWA|       0


 IN_CLK =         142
|CC| 142
|CCWA|       0


 IN_CLK =         143
|CC| 143
|CCWA|       0


 IN_CLK =         144
|CC| 144
|CCWA|       0


 IN_CLK =         145
|CC| 145
|CCWA|       0


 IN_CLK =         146
|CC| 146
|CCWA|       0


 IN_CLK =         147
|CC| 147
|CCWA|       0


 IN_CLK =         148
|CC| 148
|CCWA|       0


 IN_CLK =         149
|CC| 149
|CCWA|       0


 IN_CLK =         150
|CC| 150
|CCWA|       0


 IN_CLK =         151
|CC| 151
|CCWA|       0


 IN_CLK =         152
|CC| 152
|CCWA|       0


 IN_CLK =         153
|CC| 153
|CCWA|       0


 IN_CLK =         154
|CC| 154
|CCWA|       0


 IN_CLK =         155
|CC| 155
|CCWA|       0


 IN_CLK =         156
|CC| 156
|CCWA|       0


 IN_CLK =         157
|CC| 157
|CCWA|       0


 IN_CLK =         158
|CC| 158
|CCWA|       0


 IN_CLK =         159
|CC| 159
|CCWA|       0


 IN_CLK =         160
|CC| 160
|CCWA|       0


 IN_CLK =         161
|CC| 161
|CCWA|       0


 IN_CLK =         162
|CC| 162
|CCWA|       0


 IN_CLK =         163
|CC| 163
|CCWA|       0


 IN_CLK =         164
|CC| 164
|CCWA|       0


 IN_CLK =         165
|CC| 165
|CCWA|       0


 IN_CLK =         166
|CC| 166
|CCWA|       0


 IN_CLK =         167
|CC| 167
|CCWA|       0


 IN_CLK =         168
|CC| 168
|CCWA|       0


 IN_CLK =         169
|CC| 169
|CCWA|       0


 IN_CLK =         170
|CC| 170
|CCWA|       0


 IN_CLK =         171
|CC| 171
|CCWA|       0


 IN_CLK =         172
|CC| 172
|CCWA|       0


 IN_CLK =         173
|CC| 173
|CCWA|       0


 IN_CLK =         174
|CC| 174
|CCWA|       0


 IN_CLK =         175
|CC| 175
|CCWA|       0


 IN_CLK =         176
|CC| 176
|CCWA|       0


 IN_CLK =         177
|CC| 177
|CCWA|       0


 IN_CLK =         178
|CC| 178
|CCWA|       0


 IN_CLK =         179
|CC| 179
|CCWA|       0


 IN_CLK =         180
|CC| 180
|CCWA|       0


 IN_CLK =         181
|CC| 181
|CCWA|       0


 IN_CLK =         182
|CC| 182
|CCWA|       0


 IN_CLK =         183
|CC| 183
|CCWA|       0


 IN_CLK =         184
|CC| 184
|CCWA|       0


 IN_CLK =         185
|CC| 185
|CCWA|       0


 IN_CLK =         186
|CC| 186
|CCWA|       0


 IN_CLK =         187
|CC| 187
|CCWA|       0


 IN_CLK =         188
|CC| 188
|CCWA|       0


 IN_CLK =         189
|CC| 189
|CCWA|       0


 IN_CLK =         190
|CC| 190
|CCWA|       0


 IN_CLK =         191
|CC| 191
|CCWA|       0


 IN_CLK =         192
|CC| 192
|CCWA|       0


 IN_CLK =         193
|CC| 193
|CCWA|       0


 IN_CLK =         194
|CC| 194
|CCWA|       0


 IN_CLK =         195
|CC| 195
|CCWA|       0


 IN_CLK =         196
|CC| 196
|CCWA|       0


 IN_CLK =         197
|CC| 197
|CCWA|       0


 IN_CLK =         198
|CC| 198
|CCWA|       0


 IN_CLK =         199
|CC| 199
|CCWA|       0


 IN_CLK =         200
|CC| 200
|CCWA|       0


 IN_CLK =         201
|CC| 201
|CCWA|       0


 IN_CLK =         202
|CC| 202
|CCWA|       0


 IN_CLK =         203
|CC| 203
|CCWA|       0


 IN_CLK =         204
|CC| 204
|CCWA|       0


 IN_CLK =         205
|CC| 205
|CCWA|       0


 IN_CLK =         206
|CC| 206
|CCWA|       0


 IN_CLK =         207
|CC| 207
|CCWA|       0


 IN_CLK =         208
|CC| 208
|CCWA|       0


 IN_CLK =         209
|CC| 209
|CCWA|       0


 IN_CLK =         210
|CC| 210
|CCWA|       0


 IN_CLK =         211
|CC| 211
|CCWA|       0


 IN_CLK =         212
|CC| 212
|CCWA|       0


 IN_CLK =         213
|CC| 213
|CCWA|       0


 IN_CLK =         214
|CC| 214
|CCWA|       0


 IN_CLK =         215
|CC| 215
|CCWA|       0


 IN_CLK =         216
|CC| 216
|CCWA|       0


 IN_CLK =         217
|CC| 217
|CCWA|       0


 IN_CLK =         218
|CC| 218
|CCWA|       0


 IN_CLK =         219
|CC| 219
|CCWA|       0


 IN_CLK =         220
|CC| 220
|CCWA|       0


 IN_CLK =         221
|CC| 221
|CCWA|       0


 IN_CLK =         222
|CC| 222
|CCWA|       0


 IN_CLK =         223
|CC| 223
|CCWA|       0


 IN_CLK =         224
|CC| 224
|CCWA|       0


 IN_CLK =         225
|CC| 225
|CCWA|       0


 IN_CLK =         226
|CC| 226
|CCWA|       0


 IN_CLK =         227
|CC| 227
|CCWA|       0


 IN_CLK =         228
|CC| 228
|CCWA|       0


 IN_CLK =         229
|CC| 229
|CCWA|       0


 IN_CLK =         230
|CC| 230
|CCWA|       0


 IN_CLK =         231
|CC| 231
|CCWA|       0


 IN_CLK =         232
|CC| 232
|CCWA|       0


 IN_CLK =         233
|CC| 233
|CCWA|       0


 IN_CLK =         234
|CC| 234
|CCWA|       0


 IN_CLK =         235
|CC| 235
|CCWA|       0


 IN_CLK =         236
|CC| 236
|CCWA|       0


 IN_CLK =         237
|CC| 237
|CCWA|       0


 IN_CLK =         238
|CC| 238
|CCWA|       0


 IN_CLK =         239
|CC| 239
|CCWA|       0


 IN_CLK =         240
|CC| 240
|CCWA|       0


 IN_CLK =         241
|CC| 241
|CCWA|       0


 IN_CLK =         242
|CC| 242
|CCWA|       1


 IN_CLK =         243
|CC| 243
|CCWA|       2


 IN_CLK =         244
|CC| 244
|CCWA|       3


 IN_CLK =         245
|CC| 245
|CCWA|       4


 IN_CLK =         246
|CC| 246
|CCWA|       5


 IN_CLK =         247
|CC| 247
|CCWA|       6


 IN_CLK =         248
|CC| 248
|CCWA|       7


 IN_CLK =         249
|CC| 249
|CCWA|       8


 IN_CLK =         250
|CC| 250
|CCWA|       9


 IN_CLK =         251
|CC| 251
|CCWA|      10


 IN_CLK =         252
|CC| 252
|CCWA|      11


 IN_CLK =         253
|CC| 253
|CCWA|      12


 IN_CLK =         254
|CC| 254
|CCWA|      13


 IN_CLK =         255
|CC| 255
|CCWA|      14


 IN_CLK =         256
|CC| 256
|CCWA|      15


 IN_CLK =         257
|CC|   0
|CCWA|      16


 IN_CLK =         258
 LOADEN SET
 NO MATCH on address count          0
 MATCH on address count          1
 MATCH on address count          2
 MATCH on address count          3
 MATCH on address count          4
 MATCH on address count          5
 MATCH on address count          6
 MATCH on address count          7
 MATCH on address count          8


 IN_CLK =         259
 MATCH on address count          9
 MATCH on address count         10
 MATCH on address count         11
 MATCH on address count         12
 MATCH on address count         13
 MATCH on address count         14
 NO MATCH on address count         15
 NO MATCH on address count         16
LOADEN DISABLED


 IN_CLK =         260


 IN_CLK =         261


 IN_CLK =         262


 IN_CLK =         263


 IN_CLK =         264


 IN_CLK =         265


 IN_CLK =         266


 IN_CLK =         267


 IN_CLK =         268


 IN_CLK =         269


 IN_CLK =         270


 IN_CLK =         271


 IN_CLK =         272


 IN_CLK =         273
decoder_ready = 1, unload_en = 0


 IN_CLK =         274
                2746 Decoder ready, checking unload out
decoder_ready = 1, unload_en = 1
SUCCESS on count           0
                2747 BRAM ALL WA  0, wr_en1
SUCCESS on count           1
                2748 BRAM ALL WA  0, wr_en1
SUCCESS on count           2
                2749 BRAM ALL WA  1, wr_en1
SUCCESS on count           3
                2750 BRAM ALL WA  2, wr_en1
SUCCESS on count           4
                2751 BRAM ALL WA  3, wr_en1
SUCCESS on count           5
                2752 BRAM ALL WA  4, wr_en1
SUCCESS on count           6
                2753 BRAM ALL WA  5, wr_en1
SUCCESS on count           7
                2754 BRAM ALL WA  6, wr_en1
SUCCESS on count           8
                2755 BRAM ALL WA  7, wr_en1


 IN_CLK =         275
SUCCESS on count           9
                2756 BRAM ALL WA  8, wr_en1
SUCCESS on count          10
                2757 BRAM ALL WA  9, wr_en1
SUCCESS on count          11
                2758 BRAM ALL WA 10, wr_en1
SUCCESS on count          12
                2759 BRAM ALL WA 11, wr_en1
SUCCESS on count          13
                2760 BRAM ALL WA 12, wr_en1
SUCCESS on count          14
                2761 BRAM ALL WA 13, wr_en1
SUCCESS on count          15
                2762 BRAM ALL WA 14, wr_en1
decoder_ready = 1, unload_en = 0
SUCCESS on count          16
                2763 BRAM ALL WA 15, wr_en1


 IN_CLK =         276


 IN_CLK =         277
Final 32 bit output SUCCESS on count (  0/222)


 IN_CLK =         278
Final 32 bit output SUCCESS on count (  1/222)


 IN_CLK =         279
Final 32 bit output SUCCESS on count (  2/222)
Final 32 bit output SUCCESS on count (  3/222)


 IN_CLK =         280
Final 32 bit output SUCCESS on count (  4/222)


 IN_CLK =         281
Final 32 bit output SUCCESS on count (  5/222)


 IN_CLK =         282
Final 32 bit output SUCCESS on count (  6/222)


 IN_CLK =         283
Final 32 bit output SUCCESS on count (  7/222)
Final 32 bit output SUCCESS on count (  8/222)


 IN_CLK =         284
Final 32 bit output SUCCESS on count (  9/222)


 IN_CLK =         285
Final 32 bit output SUCCESS on count ( 10/222)


 IN_CLK =         286
Final 32 bit output SUCCESS on count ( 11/222)


 IN_CLK =         287
Final 32 bit output SUCCESS on count ( 12/222)
Final 32 bit output SUCCESS on count ( 13/222)


 IN_CLK =         288
Final 32 bit output SUCCESS on count ( 14/222)


 IN_CLK =         289
Final 32 bit output SUCCESS on count ( 15/222)


 IN_CLK =         290
Final 32 bit output SUCCESS on count ( 16/222)


 IN_CLK =         291
Final 32 bit output SUCCESS on count ( 17/222)
Final 32 bit output SUCCESS on count ( 18/222)


 IN_CLK =         292
Final 32 bit output SUCCESS on count ( 19/222)


 IN_CLK =         293
Final 32 bit output SUCCESS on count ( 20/222)


 IN_CLK =         294
Final 32 bit output SUCCESS on count ( 21/222)


 IN_CLK =         295
Final 32 bit output SUCCESS on count ( 22/222)
Final 32 bit output SUCCESS on count ( 23/222)


 IN_CLK =         296
Final 32 bit output SUCCESS on count ( 24/222)


 IN_CLK =         297
Final 32 bit output SUCCESS on count ( 25/222)


 IN_CLK =         298
Final 32 bit output SUCCESS on count ( 26/222)


 IN_CLK =         299
Final 32 bit output SUCCESS on count ( 27/222)
Final 32 bit output SUCCESS on count ( 28/222)


 IN_CLK =         300
Final 32 bit output SUCCESS on count ( 29/222)


 IN_CLK =         301
Final 32 bit output SUCCESS on count ( 30/222)


 IN_CLK =         302
Final 32 bit output SUCCESS on count ( 31/222)


 IN_CLK =         303
Final 32 bit output SUCCESS on count ( 32/222)
Final 32 bit output SUCCESS on count ( 33/222)


 IN_CLK =         304
Final 32 bit output SUCCESS on count ( 34/222)


 IN_CLK =         305
Final 32 bit output SUCCESS on count ( 35/222)


 IN_CLK =         306
Final 32 bit output SUCCESS on count ( 36/222)


 IN_CLK =         307
Final 32 bit output SUCCESS on count ( 37/222)
Final 32 bit output SUCCESS on count ( 38/222)


 IN_CLK =         308
Final 32 bit output SUCCESS on count ( 39/222)


 IN_CLK =         309
Final 32 bit output SUCCESS on count ( 40/222)


 IN_CLK =         310
Final 32 bit output SUCCESS on count ( 41/222)


 IN_CLK =         311
Final 32 bit output SUCCESS on count ( 42/222)
Final 32 bit output SUCCESS on count ( 43/222)


 IN_CLK =         312
Final 32 bit output SUCCESS on count ( 44/222)


 IN_CLK =         313
Final 32 bit output SUCCESS on count ( 45/222)


 IN_CLK =         314
Final 32 bit output SUCCESS on count ( 46/222)


 IN_CLK =         315
Final 32 bit output SUCCESS on count ( 47/222)
Final 32 bit output SUCCESS on count ( 48/222)


 IN_CLK =         316
Final 32 bit output SUCCESS on count ( 49/222)


 IN_CLK =         317
Final 32 bit output SUCCESS on count ( 50/222)


 IN_CLK =         318
Final 32 bit output SUCCESS on count ( 51/222)


 IN_CLK =         319
Final 32 bit output SUCCESS on count ( 52/222)
Final 32 bit output SUCCESS on count ( 53/222)


 IN_CLK =         320
Final 32 bit output SUCCESS on count ( 54/222)


 IN_CLK =         321
Final 32 bit output SUCCESS on count ( 55/222)


 IN_CLK =         322
Final 32 bit output SUCCESS on count ( 56/222)


 IN_CLK =         323
Final 32 bit output SUCCESS on count ( 57/222)
Final 32 bit output SUCCESS on count ( 58/222)


 IN_CLK =         324
Final 32 bit output SUCCESS on count ( 59/222)


 IN_CLK =         325
Final 32 bit output SUCCESS on count ( 60/222)


 IN_CLK =         326
Final 32 bit output SUCCESS on count ( 61/222)


 IN_CLK =         327
Final 32 bit output SUCCESS on count ( 62/222)
Final 32 bit output SUCCESS on count ( 63/222)


 IN_CLK =         328
Final 32 bit output SUCCESS on count ( 64/222)


 IN_CLK =         329
Final 32 bit output SUCCESS on count ( 65/222)


 IN_CLK =         330
Final 32 bit output SUCCESS on count ( 66/222)


 IN_CLK =         331
Final 32 bit output SUCCESS on count ( 67/222)
Final 32 bit output SUCCESS on count ( 68/222)


 IN_CLK =         332
Final 32 bit output SUCCESS on count ( 69/222)


 IN_CLK =         333
Final 32 bit output SUCCESS on count ( 70/222)


 IN_CLK =         334
Final 32 bit output SUCCESS on count ( 71/222)


 IN_CLK =         335
Final 32 bit output SUCCESS on count ( 72/222)
Final 32 bit output SUCCESS on count ( 73/222)


 IN_CLK =         336
Final 32 bit output SUCCESS on count ( 74/222)


 IN_CLK =         337
Final 32 bit output SUCCESS on count ( 75/222)


 IN_CLK =         338
Final 32 bit output SUCCESS on count ( 76/222)


 IN_CLK =         339
Final 32 bit output SUCCESS on count ( 77/222)
Final 32 bit output SUCCESS on count ( 78/222)


 IN_CLK =         340
Final 32 bit output SUCCESS on count ( 79/222)


 IN_CLK =         341
Final 32 bit output SUCCESS on count ( 80/222)


 IN_CLK =         342
Final 32 bit output SUCCESS on count ( 81/222)


 IN_CLK =         343
Final 32 bit output SUCCESS on count ( 82/222)
Final 32 bit output SUCCESS on count ( 83/222)


 IN_CLK =         344
Final 32 bit output SUCCESS on count ( 84/222)


 IN_CLK =         345
Final 32 bit output SUCCESS on count ( 85/222)


 IN_CLK =         346
Final 32 bit output SUCCESS on count ( 86/222)


 IN_CLK =         347
Final 32 bit output SUCCESS on count ( 87/222)
Final 32 bit output SUCCESS on count ( 88/222)


 IN_CLK =         348
Final 32 bit output SUCCESS on count ( 89/222)


 IN_CLK =         349
Final 32 bit output SUCCESS on count ( 90/222)


 IN_CLK =         350
Final 32 bit output SUCCESS on count ( 91/222)


 IN_CLK =         351
Final 32 bit output SUCCESS on count ( 92/222)
Final 32 bit output SUCCESS on count ( 93/222)


 IN_CLK =         352
Final 32 bit output SUCCESS on count ( 94/222)


 IN_CLK =         353
Final 32 bit output SUCCESS on count ( 95/222)


 IN_CLK =         354
Final 32 bit output SUCCESS on count ( 96/222)


 IN_CLK =         355
Final 32 bit output SUCCESS on count ( 97/222)
Final 32 bit output SUCCESS on count ( 98/222)


 IN_CLK =         356
Final 32 bit output SUCCESS on count ( 99/222)


 IN_CLK =         357
Final 32 bit output SUCCESS on count (100/222)


 IN_CLK =         358
Final 32 bit output SUCCESS on count (101/222)


 IN_CLK =         359
Final 32 bit output SUCCESS on count (102/222)
Final 32 bit output SUCCESS on count (103/222)


 IN_CLK =         360
Final 32 bit output SUCCESS on count (104/222)


 IN_CLK =         361
Final 32 bit output SUCCESS on count (105/222)


 IN_CLK =         362
Final 32 bit output SUCCESS on count (106/222)


 IN_CLK =         363
Final 32 bit output SUCCESS on count (107/222)
Final 32 bit output SUCCESS on count (108/222)


 IN_CLK =         364
Final 32 bit output SUCCESS on count (109/222)


 IN_CLK =         365
Final 32 bit output SUCCESS on count (110/222)


 IN_CLK =         366
Final 32 bit output SUCCESS on count (111/222)


 IN_CLK =         367
Final 32 bit output SUCCESS on count (112/222)
Final 32 bit output SUCCESS on count (113/222)


 IN_CLK =         368
Final 32 bit output SUCCESS on count (114/222)


 IN_CLK =         369
Final 32 bit output SUCCESS on count (115/222)


 IN_CLK =         370
Final 32 bit output SUCCESS on count (116/222)


 IN_CLK =         371
Final 32 bit output SUCCESS on count (117/222)
Final 32 bit output SUCCESS on count (118/222)


 IN_CLK =         372
Final 32 bit output SUCCESS on count (119/222)


 IN_CLK =         373
Final 32 bit output SUCCESS on count (120/222)


 IN_CLK =         374
Final 32 bit output SUCCESS on count (121/222)


 IN_CLK =         375
Final 32 bit output SUCCESS on count (122/222)
Final 32 bit output SUCCESS on count (123/222)


 IN_CLK =         376
Final 32 bit output SUCCESS on count (124/222)


 IN_CLK =         377
Final 32 bit output SUCCESS on count (125/222)


 IN_CLK =         378
Final 32 bit output SUCCESS on count (126/222)


 IN_CLK =         379
Final 32 bit output SUCCESS on count (127/222)
Final 32 bit output SUCCESS on count (128/222)


 IN_CLK =         380
Final 32 bit output SUCCESS on count (129/222)


 IN_CLK =         381
Final 32 bit output SUCCESS on count (130/222)


 IN_CLK =         382
Final 32 bit output SUCCESS on count (131/222)


 IN_CLK =         383
Final 32 bit output SUCCESS on count (132/222)
Final 32 bit output SUCCESS on count (133/222)


 IN_CLK =         384
Final 32 bit output SUCCESS on count (134/222)


 IN_CLK =         385
Final 32 bit output SUCCESS on count (135/222)


 IN_CLK =         386
Final 32 bit output SUCCESS on count (136/222)


 IN_CLK =         387
Final 32 bit output SUCCESS on count (137/222)
Final 32 bit output SUCCESS on count (138/222)


 IN_CLK =         388
Final 32 bit output SUCCESS on count (139/222)


 IN_CLK =         389
Final 32 bit output SUCCESS on count (140/222)


 IN_CLK =         390
Final 32 bit output SUCCESS on count (141/222)


 IN_CLK =         391
Final 32 bit output SUCCESS on count (142/222)
Final 32 bit output SUCCESS on count (143/222)


 IN_CLK =         392
Final 32 bit output SUCCESS on count (144/222)


 IN_CLK =         393
Final 32 bit output SUCCESS on count (145/222)


 IN_CLK =         394
Final 32 bit output SUCCESS on count (146/222)


 IN_CLK =         395
Final 32 bit output SUCCESS on count (147/222)
Final 32 bit output SUCCESS on count (148/222)


 IN_CLK =         396
Final 32 bit output SUCCESS on count (149/222)


 IN_CLK =         397
Final 32 bit output SUCCESS on count (150/222)


 IN_CLK =         398
Final 32 bit output SUCCESS on count (151/222)


 IN_CLK =         399
Final 32 bit output SUCCESS on count (152/222)
Final 32 bit output SUCCESS on count (153/222)


 IN_CLK =         400
Final 32 bit output SUCCESS on count (154/222)


 IN_CLK =         401
Final 32 bit output SUCCESS on count (155/222)


 IN_CLK =         402
Final 32 bit output SUCCESS on count (156/222)


 IN_CLK =         403
Final 32 bit output SUCCESS on count (157/222)
Final 32 bit output SUCCESS on count (158/222)


 IN_CLK =         404
Final 32 bit output SUCCESS on count (159/222)


 IN_CLK =         405
Final 32 bit output SUCCESS on count (160/222)


 IN_CLK =         406
Final 32 bit output SUCCESS on count (161/222)


 IN_CLK =         407
Final 32 bit output SUCCESS on count (162/222)
Final 32 bit output SUCCESS on count (163/222)


 IN_CLK =         408
Final 32 bit output SUCCESS on count (164/222)


 IN_CLK =         409
Final 32 bit output SUCCESS on count (165/222)


 IN_CLK =         410
Final 32 bit output SUCCESS on count (166/222)


 IN_CLK =         411
Final 32 bit output SUCCESS on count (167/222)
Final 32 bit output SUCCESS on count (168/222)


 IN_CLK =         412
Final 32 bit output SUCCESS on count (169/222)


 IN_CLK =         413
Final 32 bit output SUCCESS on count (170/222)


 IN_CLK =         414
Final 32 bit output SUCCESS on count (171/222)


 IN_CLK =         415
Final 32 bit output SUCCESS on count (172/222)
Final 32 bit output SUCCESS on count (173/222)


 IN_CLK =         416
Final 32 bit output SUCCESS on count (174/222)


 IN_CLK =         417
Final 32 bit output SUCCESS on count (175/222)


 IN_CLK =         418
Final 32 bit output SUCCESS on count (176/222)


 IN_CLK =         419
Final 32 bit output SUCCESS on count (177/222)
Final 32 bit output SUCCESS on count (178/222)


 IN_CLK =         420
Final 32 bit output SUCCESS on count (179/222)


 IN_CLK =         421
Final 32 bit output SUCCESS on count (180/222)


 IN_CLK =         422
Final 32 bit output SUCCESS on count (181/222)


 IN_CLK =         423
Final 32 bit output SUCCESS on count (182/222)
Final 32 bit output SUCCESS on count (183/222)


 IN_CLK =         424
Final 32 bit output SUCCESS on count (184/222)


 IN_CLK =         425
Final 32 bit output SUCCESS on count (185/222)


 IN_CLK =         426
Final 32 bit output SUCCESS on count (186/222)


 IN_CLK =         427
Final 32 bit output SUCCESS on count (187/222)
Final 32 bit output SUCCESS on count (188/222)


 IN_CLK =         428
Final 32 bit output SUCCESS on count (189/222)


 IN_CLK =         429
Final 32 bit output SUCCESS on count (190/222)


 IN_CLK =         430
Final 32 bit output SUCCESS on count (191/222)


 IN_CLK =         431
Final 32 bit output SUCCESS on count (192/222)
Final 32 bit output SUCCESS on count (193/222)


 IN_CLK =         432
Final 32 bit output SUCCESS on count (194/222)


 IN_CLK =         433
Final 32 bit output SUCCESS on count (195/222)


 IN_CLK =         434
Final 32 bit output SUCCESS on count (196/222)


 IN_CLK =         435
Final 32 bit output SUCCESS on count (197/222)
Final 32 bit output SUCCESS on count (198/222)


 IN_CLK =         436
Final 32 bit output SUCCESS on count (199/222)


 IN_CLK =         437
Final 32 bit output SUCCESS on count (200/222)


 IN_CLK =         438
Final 32 bit output SUCCESS on count (201/222)


 IN_CLK =         439
Final 32 bit output SUCCESS on count (202/222)
Final 32 bit output SUCCESS on count (203/222)


 IN_CLK =         440
Final 32 bit output SUCCESS on count (204/222)


 IN_CLK =         441
Final 32 bit output SUCCESS on count (205/222)


 IN_CLK =         442
Final 32 bit output SUCCESS on count (206/222)


 IN_CLK =         443
Final 32 bit output SUCCESS on count (207/222)
Final 32 bit output SUCCESS on count (208/222)


 IN_CLK =         444
Final 32 bit output SUCCESS on count (209/222)


 IN_CLK =         445
Final 32 bit output SUCCESS on count (210/222)


 IN_CLK =         446
Final 32 bit output SUCCESS on count (211/222)


 IN_CLK =         447
Final 32 bit output SUCCESS on count (212/222)
Final 32 bit output SUCCESS on count (213/222)


 IN_CLK =         448
Final 32 bit output SUCCESS on count (214/222)


 IN_CLK =         449
Final 32 bit output SUCCESS on count (215/222)


 IN_CLK =         450
Final 32 bit output SUCCESS on count (216/222)


 IN_CLK =         451
Final 32 bit output SUCCESS on count (217/222)
Final 32 bit output SUCCESS on count (218/222)


 IN_CLK =         452
Final 32 bit output SUCCESS on count (219/222)


 IN_CLK =         453
Final 32 bit output SUCCESS on count (220/222)


 IN_CLK =         454
Final 32 bit output SUCCESS on count (221/222)


 IN_CLK =         455
Final 32 bit output SUCCESS on count (222/222)


 IN_CLK =         456


 IN_CLK =         457


 IN_CLK =         458


 IN_CLK =         459


 IN_CLK =         460


 IN_CLK =         461


 IN_CLK =         462


 IN_CLK =         463


 IN_CLK =         464


 IN_CLK =         465


 IN_CLK =         466


 IN_CLK =         467


 IN_CLK =         468


 IN_CLK =         469


 IN_CLK =         470


 IN_CLK =         471


 IN_CLK =         472


 IN_CLK =         473


 IN_CLK =         474


 IN_CLK =         475


 IN_CLK =         476


 IN_CLK =         477


 IN_CLK =         478


 IN_CLK =         479


 IN_CLK =         480


 IN_CLK =         481


 IN_CLK =         482


 IN_CLK =         483


 IN_CLK =         484


 IN_CLK =         485


 IN_CLK =         486


 IN_CLK =         487


 IN_CLK =         488


 IN_CLK =         489


 IN_CLK =         490


 IN_CLK =         491


 IN_CLK =         492


 IN_CLK =         493


 IN_CLK =         494


 IN_CLK =         495


 IN_CLK =         496


 IN_CLK =         497


 IN_CLK =         498


 IN_CLK =         499
