INFO: [VRFC 10-2263] Analyzing Verilog file "C:/Users/sayed/Desktop/Programing/major project/major-project-/decoder_top/19_02/Absoluter.v" into library xil_defaultlib
INFO: [VRFC 10-311] analyzing module Absoluter
INFO: [VRFC 10-2263] Analyzing Verilog file "C:/Users/sayed/Desktop/Programing/major project/major-project-/decoder_top/19_02/AdderW_3in_pipelined.v" into library xil_defaultlib
INFO: [VRFC 10-311] analyzing module AdderW_3in_pipelined
INFO: [VRFC 10-2263] Analyzing Verilog file "C:/Users/sayed/Desktop/Programing/major project/major-project-/decoder_top/19_02/AdderWc_3in_pipelined.v" into library xil_defaultlib
INFO: [VRFC 10-311] analyzing module AdderWc_3in_pipelined
INFO: [VRFC 10-2263] Analyzing Verilog file "C:/Users/sayed/Desktop/Programing/major project/major-project-/decoder_top/19_02/DMem_SRQtype_modifiedalign.v" into library xil_defaultlib
INFO: [VRFC 10-311] analyzing module Dmem_SRQtype_regout
INFO: [VRFC 10-2263] Analyzing Verilog file "C:/Users/sayed/Desktop/Programing/major project/major-project-/decoder_top/19_02/Dmem_circ0_scripted.v" into library xil_defaultlib
INFO: [VRFC 10-311] analyzing module Dmem_circ0_scripted
INFO: [VRFC 10-2263] Analyzing Verilog file "C:/Users/sayed/Desktop/Programing/major project/major-project-/decoder_top/19_02/Dmem_circ10_scripted.v" into library xil_defaultlib
INFO: [VRFC 10-311] analyzing module Dmem_circ10_scripted
INFO: [VRFC 10-2263] Analyzing Verilog file "C:/Users/sayed/Desktop/Programing/major project/major-project-/decoder_top/19_02/Dmem_circ11_scripted.v" into library xil_defaultlib
INFO: [VRFC 10-311] analyzing module Dmem_circ11_scripted
INFO: [VRFC 10-2263] Analyzing Verilog file "C:/Users/sayed/Desktop/Programing/major project/major-project-/decoder_top/19_02/Dmem_circ12_scripted.v" into library xil_defaultlib
INFO: [VRFC 10-311] analyzing module Dmem_circ12_scripted
INFO: [VRFC 10-2263] Analyzing Verilog file "C:/Users/sayed/Desktop/Programing/major project/major-project-/decoder_top/19_02/Dmem_circ13_scripted.v" into library xil_defaultlib
INFO: [VRFC 10-311] analyzing module Dmem_circ13_scripted
INFO: [VRFC 10-2263] Analyzing Verilog file "C:/Users/sayed/Desktop/Programing/major project/major-project-/decoder_top/19_02/Dmem_circ14_scripted.v" into library xil_defaultlib
INFO: [VRFC 10-311] analyzing module Dmem_circ14_scripted
INFO: [VRFC 10-2263] Analyzing Verilog file "C:/Users/sayed/Desktop/Programing/major project/major-project-/decoder_top/19_02/Dmem_circ15_scripted.v" into library xil_defaultlib
INFO: [VRFC 10-311] analyzing module Dmem_circ15_scripted
INFO: [VRFC 10-2263] Analyzing Verilog file "C:/Users/sayed/Desktop/Programing/major project/major-project-/decoder_top/19_02/Dmem_circ1_scripted.v" into library xil_defaultlib
INFO: [VRFC 10-311] analyzing module Dmem_circ1_scripted
INFO: [VRFC 10-2263] Analyzing Verilog file "C:/Users/sayed/Desktop/Programing/major project/major-project-/decoder_top/19_02/Dmem_circ2_scripted.v" into library xil_defaultlib
INFO: [VRFC 10-311] analyzing module Dmem_circ2_scripted
INFO: [VRFC 10-2263] Analyzing Verilog file "C:/Users/sayed/Desktop/Programing/major project/major-project-/decoder_top/19_02/Dmem_circ3_scripted.v" into library xil_defaultlib
INFO: [VRFC 10-311] analyzing module Dmem_circ3_scripted
INFO: [VRFC 10-2263] Analyzing Verilog file "C:/Users/sayed/Desktop/Programing/major project/major-project-/decoder_top/19_02/Dmem_circ4_scripted.v" into library xil_defaultlib
INFO: [VRFC 10-311] analyzing module Dmem_circ4_scripted
INFO: [VRFC 10-2263] Analyzing Verilog file "C:/Users/sayed/Desktop/Programing/major project/major-project-/decoder_top/19_02/Dmem_circ5_scripted.v" into library xil_defaultlib
INFO: [VRFC 10-311] analyzing module Dmem_circ5_scripted
INFO: [VRFC 10-2263] Analyzing Verilog file "C:/Users/sayed/Desktop/Programing/major project/major-project-/decoder_top/19_02/Dmem_circ6_scripted.v" into library xil_defaultlib
INFO: [VRFC 10-311] analyzing module Dmem_circ6_scripted
INFO: [VRFC 10-2263] Analyzing Verilog file "C:/Users/sayed/Desktop/Programing/major project/major-project-/decoder_top/19_02/Dmem_circ7_scripted.v" into library xil_defaultlib
INFO: [VRFC 10-311] analyzing module Dmem_circ7_scripted
INFO: [VRFC 10-2263] Analyzing Verilog file "C:/Users/sayed/Desktop/Programing/major project/major-project-/decoder_top/19_02/Dmem_circ8_scripted.v" into library xil_defaultlib
INFO: [VRFC 10-311] analyzing module Dmem_circ8_scripted
INFO: [VRFC 10-2263] Analyzing Verilog file "C:/Users/sayed/Desktop/Programing/major project/major-project-/decoder_top/19_02/Dmem_circ9_scripted.v" into library xil_defaultlib
INFO: [VRFC 10-311] analyzing module Dmem_circ9_scripted
INFO: [VRFC 10-2263] Analyzing Verilog file "C:/Users/sayed/Desktop/Programing/major project/major-project-/decoder_top/19_02/E_gen_pipe_ne1.v" into library xil_defaultlib
INFO: [VRFC 10-311] analyzing module E_gen_pipe
INFO: [VRFC 10-2263] Analyzing Verilog file "C:/Users/sayed/Desktop/Programing/major project/major-project-/decoder_top/19_02/E_mem_ne_bram.v" into library xil_defaultlib
INFO: [VRFC 10-311] analyzing module E_mem_ne_bram
INFO: [VRFC 10-2263] Analyzing Verilog file "C:/Users/sayed/Desktop/Programing/major project/major-project-/decoder_top/19_02/InputInterface_ne.v" into library xil_defaultlib
INFO: [VRFC 10-311] analyzing module InputInterface_ne
INFO: [VRFC 10-2263] Analyzing Verilog file "C:/Users/sayed/Desktop/Programing/major project/major-project-/decoder_top/19_02/LMem0To1_511_circ0_scripted.v" into library xil_defaultlib
INFO: [VRFC 10-311] analyzing module LMem0To1_511_circ0_scripted
INFO: [VRFC 10-2263] Analyzing Verilog file "C:/Users/sayed/Desktop/Programing/major project/major-project-/decoder_top/19_02/LMem0To1_511_circ10_scripted.v" into library xil_defaultlib
INFO: [VRFC 10-311] analyzing module LMem0To1_511_circ10_scripted
INFO: [VRFC 10-2263] Analyzing Verilog file "C:/Users/sayed/Desktop/Programing/major project/major-project-/decoder_top/19_02/LMem0To1_511_circ11_scripted.v" into library xil_defaultlib
INFO: [VRFC 10-311] analyzing module LMem0To1_511_circ11_scripted
INFO: [VRFC 10-2263] Analyzing Verilog file "C:/Users/sayed/Desktop/Programing/major project/major-project-/decoder_top/19_02/LMem0To1_511_circ12_scripted.v" into library xil_defaultlib
INFO: [VRFC 10-311] analyzing module LMem0To1_511_circ12_scripted
INFO: [VRFC 10-2263] Analyzing Verilog file "C:/Users/sayed/Desktop/Programing/major project/major-project-/decoder_top/19_02/LMem0To1_511_circ13_scripted.v" into library xil_defaultlib
INFO: [VRFC 10-311] analyzing module LMem0To1_511_circ13_scripted
INFO: [VRFC 10-2263] Analyzing Verilog file "C:/Users/sayed/Desktop/Programing/major project/major-project-/decoder_top/19_02/LMem0To1_511_circ14_scripted.v" into library xil_defaultlib
INFO: [VRFC 10-311] analyzing module LMem0To1_511_circ14_scripted
INFO: [VRFC 10-2263] Analyzing Verilog file "C:/Users/sayed/Desktop/Programing/major project/major-project-/decoder_top/19_02/LMem0To1_511_circ15_scripted.v" into library xil_defaultlib
INFO: [VRFC 10-311] analyzing module LMem0To1_511_circ15_scripted
INFO: [VRFC 10-2263] Analyzing Verilog file "C:/Users/sayed/Desktop/Programing/major project/major-project-/decoder_top/19_02/LMem0To1_511_circ1_scripted.v" into library xil_defaultlib
INFO: [VRFC 10-311] analyzing module LMem0To1_511_circ1_scripted
INFO: [VRFC 10-2263] Analyzing Verilog file "C:/Users/sayed/Desktop/Programing/major project/major-project-/decoder_top/19_02/LMem0To1_511_circ2_scripted.v" into library xil_defaultlib
INFO: [VRFC 10-311] analyzing module LMem0To1_511_circ2_scripted
INFO: [VRFC 10-2263] Analyzing Verilog file "C:/Users/sayed/Desktop/Programing/major project/major-project-/decoder_top/19_02/LMem0To1_511_circ3_scripted.v" into library xil_defaultlib
INFO: [VRFC 10-311] analyzing module LMem0To1_511_circ3_scripted
INFO: [VRFC 10-2263] Analyzing Verilog file "C:/Users/sayed/Desktop/Programing/major project/major-project-/decoder_top/19_02/LMem0To1_511_circ4_scripted.v" into library xil_defaultlib
INFO: [VRFC 10-311] analyzing module LMem0To1_511_circ4_scripted
INFO: [VRFC 10-2263] Analyzing Verilog file "C:/Users/sayed/Desktop/Programing/major project/major-project-/decoder_top/19_02/LMem0To1_511_circ5_scripted.v" into library xil_defaultlib
INFO: [VRFC 10-311] analyzing module LMem0To1_511_circ5_scripted
INFO: [VRFC 10-2263] Analyzing Verilog file "C:/Users/sayed/Desktop/Programing/major project/major-project-/decoder_top/19_02/LMem0To1_511_circ6_scripted.v" into library xil_defaultlib
INFO: [VRFC 10-311] analyzing module LMem0To1_511_circ6_scripted
INFO: [VRFC 10-2263] Analyzing Verilog file "C:/Users/sayed/Desktop/Programing/major project/major-project-/decoder_top/19_02/LMem0To1_511_circ7_scripted.v" into library xil_defaultlib
INFO: [VRFC 10-311] analyzing module LMem0To1_511_circ7_scripted
INFO: [VRFC 10-2263] Analyzing Verilog file "C:/Users/sayed/Desktop/Programing/major project/major-project-/decoder_top/19_02/LMem0To1_511_circ8_scripted.v" into library xil_defaultlib
INFO: [VRFC 10-311] analyzing module LMem0To1_511_circ8_scripted
INFO: [VRFC 10-2263] Analyzing Verilog file "C:/Users/sayed/Desktop/Programing/major project/major-project-/decoder_top/19_02/LMem0To1_511_circ9_scripted.v" into library xil_defaultlib
INFO: [VRFC 10-311] analyzing module LMem0To1_511_circ9_scripted
INFO: [VRFC 10-2263] Analyzing Verilog file "C:/Users/sayed/Desktop/Programing/major project/major-project-/decoder_top/19_02/LMem1To0_511_circ0_combined_ns_yu_pipelined_scripted_h1.v" into library xil_defaultlib
INFO: [VRFC 10-311] analyzing module LMem1To0_511_circ0_combined_ns_yu_pipelined_scripted
INFO: [VRFC 10-2263] Analyzing Verilog file "C:/Users/sayed/Desktop/Programing/major project/major-project-/decoder_top/19_02/LMem1To0_511_circ10_combined_ns_yu_pipelined_scripted_h1.v" into library xil_defaultlib
INFO: [VRFC 10-311] analyzing module LMem1To0_511_circ10_combined_ns_yu_pipelined_scripted
INFO: [VRFC 10-2263] Analyzing Verilog file "C:/Users/sayed/Desktop/Programing/major project/major-project-/decoder_top/19_02/LMem1To0_511_circ11_combined_ns_yu_pipelined_scripted_h1.v" into library xil_defaultlib
INFO: [VRFC 10-311] analyzing module LMem1To0_511_circ11_combined_ns_yu_pipelined_scripted
INFO: [VRFC 10-2263] Analyzing Verilog file "C:/Users/sayed/Desktop/Programing/major project/major-project-/decoder_top/19_02/LMem1To0_511_circ12_combined_ns_yu_pipelined_scripted_h1.v" into library xil_defaultlib
INFO: [VRFC 10-311] analyzing module LMem1To0_511_circ12_combined_ns_yu_pipelined_scripted
INFO: [VRFC 10-2263] Analyzing Verilog file "C:/Users/sayed/Desktop/Programing/major project/major-project-/decoder_top/19_02/LMem1To0_511_circ13_combined_ns_yu_pipelined_scripted_h1.v" into library xil_defaultlib
INFO: [VRFC 10-311] analyzing module LMem1To0_511_circ13_combined_ns_yu_pipelined_scripted
INFO: [VRFC 10-2263] Analyzing Verilog file "C:/Users/sayed/Desktop/Programing/major project/major-project-/decoder_top/19_02/LMem1To0_511_circ14_combined_ns_yu_pipelined_scripted_h1.v" into library xil_defaultlib
INFO: [VRFC 10-311] analyzing module LMem1To0_511_circ14_combined_ns_yu_pipelined_scripted
INFO: [VRFC 10-2263] Analyzing Verilog file "C:/Users/sayed/Desktop/Programing/major project/major-project-/decoder_top/19_02/LMem1To0_511_circ15_combined_ns_yu_pipelined_scripted_h1.v" into library xil_defaultlib
INFO: [VRFC 10-311] analyzing module LMem1To0_511_circ15_combined_ns_yu_pipelined_scripted
INFO: [VRFC 10-2263] Analyzing Verilog file "C:/Users/sayed/Desktop/Programing/major project/major-project-/decoder_top/19_02/LMem1To0_511_circ1_combined_ns_yu_pipelined_scripted_h1.v" into library xil_defaultlib
INFO: [VRFC 10-311] analyzing module LMem1To0_511_circ1_combined_ns_yu_pipelined_scripted
INFO: [VRFC 10-2263] Analyzing Verilog file "C:/Users/sayed/Desktop/Programing/major project/major-project-/decoder_top/19_02/LMem1To0_511_circ2_combined_ns_yu_pipelined_scripted_h1.v" into library xil_defaultlib
INFO: [VRFC 10-311] analyzing module LMem1To0_511_circ2_combined_ns_yu_pipelined_scripted
INFO: [VRFC 10-2263] Analyzing Verilog file "C:/Users/sayed/Desktop/Programing/major project/major-project-/decoder_top/19_02/LMem1To0_511_circ3_combined_ns_yu_pipelined_scripted_h1.v" into library xil_defaultlib
INFO: [VRFC 10-311] analyzing module LMem1To0_511_circ3_combined_ns_yu_pipelined_scripted
INFO: [VRFC 10-2263] Analyzing Verilog file "C:/Users/sayed/Desktop/Programing/major project/major-project-/decoder_top/19_02/LMem1To0_511_circ4_combined_ns_yu_pipelined_scripted_h1.v" into library xil_defaultlib
INFO: [VRFC 10-311] analyzing module LMem1To0_511_circ4_combined_ns_yu_pipelined_scripted
INFO: [VRFC 10-2263] Analyzing Verilog file "C:/Users/sayed/Desktop/Programing/major project/major-project-/decoder_top/19_02/LMem1To0_511_circ5_combined_ns_yu_pipelined_scripted_h1.v" into library xil_defaultlib
INFO: [VRFC 10-311] analyzing module LMem1To0_511_circ5_combined_ns_yu_pipelined_scripted
INFO: [VRFC 10-2263] Analyzing Verilog file "C:/Users/sayed/Desktop/Programing/major project/major-project-/decoder_top/19_02/LMem1To0_511_circ6_combined_ns_yu_pipelined_scripted_h1.v" into library xil_defaultlib
INFO: [VRFC 10-311] analyzing module LMem1To0_511_circ6_combined_ns_yu_pipelined_scripted
INFO: [VRFC 10-2263] Analyzing Verilog file "C:/Users/sayed/Desktop/Programing/major project/major-project-/decoder_top/19_02/LMem1To0_511_circ7_combined_ns_yu_pipelined_scripted_h1.v" into library xil_defaultlib
INFO: [VRFC 10-311] analyzing module LMem1To0_511_circ7_combined_ns_yu_pipelined_scripted
INFO: [VRFC 10-2263] Analyzing Verilog file "C:/Users/sayed/Desktop/Programing/major project/major-project-/decoder_top/19_02/LMem1To0_511_circ8_combined_ns_yu_pipelined_scripted_h1.v" into library xil_defaultlib
INFO: [VRFC 10-311] analyzing module LMem1To0_511_circ8_combined_ns_yu_pipelined_scripted
INFO: [VRFC 10-2263] Analyzing Verilog file "C:/Users/sayed/Desktop/Programing/major project/major-project-/decoder_top/19_02/LMem1To0_511_circ9_combined_ns_yu_pipelined_scripted_h1.v" into library xil_defaultlib
INFO: [VRFC 10-311] analyzing module LMem1To0_511_circ9_combined_ns_yu_pipelined_scripted
INFO: [VRFC 10-2263] Analyzing Verilog file "C:/Users/sayed/Desktop/Programing/major project/major-project-/decoder_top/19_02/Lmem_SRQtype_combined_ns_reginout_pipeV1.v" into library xil_defaultlib
INFO: [VRFC 10-311] analyzing module Lmem_SRQtype_combined_ns_regout_pipeV1
INFO: [VRFC 10-2263] Analyzing Verilog file "C:/Users/sayed/Desktop/Programing/major project/major-project-/decoder_top/19_02/NormaliserWc.v" into library xil_defaultlib
INFO: [VRFC 10-311] analyzing module NormaliserWc
INFO: [VRFC 10-2263] Analyzing Verilog file "C:/Users/sayed/Desktop/Programing/major project/major-project-/decoder_top/19_02/OutputInterface_ne.v" into library xil_defaultlib
INFO: [VRFC 10-311] analyzing module OutputInterface_ne
INFO: [VRFC 10-2263] Analyzing Verilog file "C:/Users/sayed/Desktop/Programing/major project/major-project-/decoder_top/19_02/SISONorm_withD_pipeV3_ne.v" into library xil_defaultlib
INFO: [VRFC 10-311] analyzing module SISONorm_withD_pipeV3_ne
INFO: [VRFC 10-2263] Analyzing Verilog file "C:/Users/sayed/Desktop/Programing/major project/major-project-/decoder_top/19_02/SubtractorWc.v" into library xil_defaultlib
INFO: [VRFC 10-311] analyzing module SubtractorWc
INFO: [VRFC 10-2263] Analyzing Verilog file "C:/Users/sayed/Desktop/Programing/major project/major-project-/decoder_top/19_02/absW.v" into library xil_defaultlib
INFO: [VRFC 10-311] analyzing module absW
INFO: [VRFC 10-2263] Analyzing Verilog file "C:/Users/sayed/Desktop/Programing/major project/major-project-/decoder_top/19_02/inFIFO_ne_asmmod.v" into library xil_defaultlib
INFO: [VRFC 10-311] analyzing module inFIFO_ne_asmmod
INFO: [VRFC 10-2263] Analyzing Verilog file "C:/Users/sayed/Desktop/Programing/major project/major-project-/decoder_top/19_02/loadunloadfsm_ne.v" into library xil_defaultlib
INFO: [VRFC 10-311] analyzing module loadunloadfsm_ne
INFO: [VRFC 10-2263] Analyzing Verilog file "C:/Users/sayed/Desktop/Programing/major project/major-project-/decoder_top/19_02/m16VG_pipelined.v" into library xil_defaultlib
INFO: [VRFC 10-311] analyzing module m16VG_pipelined
INFO: [VRFC 10-2263] Analyzing Verilog file "C:/Users/sayed/Desktop/Programing/major project/major-project-/decoder_top/19_02/m2VG_pipelined_2.v" into library xil_defaultlib
INFO: [VRFC 10-311] analyzing module m2VG_pipelined_2
INFO: [VRFC 10-2263] Analyzing Verilog file "C:/Users/sayed/Desktop/Programing/major project/major-project-/decoder_top/19_02/m32VG_pipelined.v" into library xil_defaultlib
INFO: [VRFC 10-311] analyzing module m32VG_pipelined
INFO: [VRFC 10-2263] Analyzing Verilog file "C:/Users/sayed/Desktop/Programing/major project/major-project-/decoder_top/19_02/m4VG_pipelined.v" into library xil_defaultlib
INFO: [VRFC 10-311] analyzing module m4VG_pipelined
INFO: [VRFC 10-2263] Analyzing Verilog file "C:/Users/sayed/Desktop/Programing/major project/major-project-/decoder_top/19_02/m8VG_pipelined.v" into library xil_defaultlib
INFO: [VRFC 10-311] analyzing module m8VG_pipelined
INFO: [VRFC 10-2263] Analyzing Verilog file "C:/Users/sayed/Desktop/Programing/major project/major-project-/decoder_top/19_02/ne_AddrGenFSM.v" into library xil_defaultlib
INFO: [VRFC 10-311] analyzing module ne_AddrGenFSM
INFO: [VRFC 10-2263] Analyzing Verilog file "C:/Users/sayed/Desktop/Programing/major project/major-project-/decoder_top/19_02/ne_decoder_top_pipeV3.v" into library xil_defaultlib
INFO: [VRFC 10-311] analyzing module ne_decoder_top_pipeV3
INFO: [VRFC 10-2263] Analyzing Verilog file "C:/Users/sayed/Desktop/Programing/major project/major-project-/decoder_top/19_02/ne_rowcomputer_pipeV3_SRQ_p26.v" into library xil_defaultlib
INFO: [VRFC 10-311] analyzing module ne_rowcomputer_pipeV3_SRQ_p26
INFO: [VRFC 10-2263] Analyzing Verilog file "C:/Users/sayed/Desktop/Programing/major project/major-project-/decoder_top/19_02/normaliserW.v" into library xil_defaultlib
INFO: [VRFC 10-311] analyzing module normaliserW
INFO: [VRFC 10-2263] Analyzing Verilog file "C:/Users/sayed/Desktop/Programing/major project/major-project-/decoder_top/19_02/outFIFO_ne.v" into library xil_defaultlib
INFO: [VRFC 10-311] analyzing module outFIFO_ne
INFO: [VRFC 10-2263] Analyzing Verilog file "C:/Users/sayed/Desktop/Programing/major project/major-project-/decoder_top/19_02/readselector_outputintf_scripted.v" into library xil_defaultlib
INFO: [VRFC 10-311] analyzing module readselector_outputintf
INFO: [VRFC 10-2263] Analyzing Verilog file "C:/Users/sayed/Desktop/Programing/major project/major-project-/decoder_top/19_02/recovunit_dp.v" into library xil_defaultlib
INFO: [VRFC 10-311] analyzing module recovunit_ne
INFO: [VRFC 10-2263] Analyzing Verilog file "C:/Users/sayed/Desktop/Programing/major project/major-project-/decoder_top/19_02/simpledualportram_asyncread_ne.v" into library xil_defaultlib
INFO: [VRFC 10-311] analyzing module simpledualportram_asyncread_ne
INFO: [VRFC 10-2263] Analyzing Verilog file "C:/Users/sayed/Desktop/Programing/major project/major-project-/decoder_top/19_02/simpledualportram_wrclk_rdclk_ne.v" into library xil_defaultlib
INFO: [VRFC 10-311] analyzing module simpledualportram_wrclk_rdclk_ne
INFO: [VRFC 10-2263] Analyzing Verilog file "C:/Users/sayed/Desktop/Programing/major project/major-project-/decoder_top/19_02/subtractorW.v" into library xil_defaultlib
INFO: [VRFC 10-311] analyzing module subtractorW
INFO: [VRFC 10-2263] Analyzing Verilog file "C:/Users/sayed/Desktop/Programing/major project/major-project-/decoder_top/19_02/writeselector_inputintf_scripted.v" into library xil_defaultlib
INFO: [VRFC 10-311] analyzing module writeselector_inputintf
INFO: [VRFC 10-2263] Analyzing Verilog file "C:/Users/sayed/Desktop/Programing/major project/major-project-/verification/decoder top verification/decoder top verification.srcs/sources_1/new/tb_decoder_wsiso.v" into library xil_defaultlib
INFO: [VRFC 10-311] analyzing module tb_decoder_wsiso
