Unable to capture context for thread 7724 in process 4432, can not generate back trace
Unable to capture context for thread 3232 in process 4432, can not generate back trace
Exception at PC 0x00007FFBC75ABB93
Printing stacktrace...

Unable to capture context for thread 3232 in process 4432, can not generate back trace
Exception at PC 0x00007FFC13233B29
Exception at PC 0x00007FFC13233B29
Exception at PC 0x00007FFC13233B29
Exception at PC 0x00007FFC13233B29
Exception at PC 0x00007FFC13233B29
Exception at PC 0x00007FFC13233B29
Exception at PC 0x00007FFC13233B29
Exception at PC 0x00007FFC13233B29
Exception at PC 0x00007FFC13233B29
Exception at PC 0x00007FFC13233B29
Exception at PC 0x00007FFC13233B29
Exception at PC 0x00007FFC13233B29
Exception at PC 0x00007FFC13233B29
Exception at PC 0x00007FFC13233B29
[0]  [0x00007FFBC75ABB93]
[1]  [0x00007FFBC75ABB93]
[2]  [0x00007FFBC75AB4A1]
[3]  [0x00007FFBC75AB3EF]
[4]  [0x00007FFBC75919FE]
[5]  [0x00007FFBC7590ED1]
[6]  [0x00007FFBC7590D76]
[7]  [0x00007FFBC75379F6]
[8]  [0x00007FFBC7527AFB]
[9]  [0x00007FFBC764E90A]
[10]  [0x00007FFBC7669F87]
[11]  [0x00007FFBC766A05F]
[12] (BaseThreadInitThunk+0x14) [0x00007FFC14907BD4]
[13] (RtlUserThreadStart+0x21) [0x00007FFC160ACE51]
Done
Exception at PC 0x00007FFC13233B29
Exception at PC 0x00007FFC13233B29
Exception at PC 0x00007FFC13233B29
Exception at PC 0x00007FFC13233B29
Exception at PC 0x00007FFC13233B29
Exception at PC 0x00007FFC13233B29
