
*** Running vivado
    with args -log coverrecover.vds -m64 -product Vivado -mode batch -messageDb vivado.pb -notrace -source coverrecover.tcl


****** Vivado v2018.1 (64-bit)
  **** SW Build 2188600 on Wed Apr  4 18:40:38 MDT 2018
  **** IP Build 2185939 on Wed Apr  4 20:55:05 MDT 2018
    ** Copyright 1986-2018 Xilinx, Inc. All Rights Reserved.

source coverrecover.tcl -notrace
Command: synth_design -top coverrecover -part xcku5p-ffvd900-1-i
Starting synth_design
Attempting to get a license for feature 'Synthesis' and/or device 'xcku5p'
INFO: [Common 17-349] Got license for feature 'Synthesis' and/or device 'xcku5p'
INFO: Launching helper process for spawning children vivado processes
INFO: Helper process launched with PID 18836 
---------------------------------------------------------------------------------
Starting RTL Elaboration : Time (s): cpu = 00:00:07 ; elapsed = 00:00:08 . Memory (MB): peak = 358.086 ; gain = 100.230
---------------------------------------------------------------------------------
INFO: [Synth 8-6157] synthesizing module 'coverrecover' [C:/Users/Sankar/Desktop/final proj/recovertest2/coverrecover.v:23]
	Parameter Wc bound to: 32 - type: integer 
	Parameter Wcbits bound to: 5 - type: integer 
	Parameter W bound to: 10 - type: integer 
	Parameter Wabs bound to: 9 - type: integer 
	Parameter ECOMPSIZE bound to: 55 - type: integer 
INFO: [Synth 8-6157] synthesizing module 'negandpos' [C:/Users/Sankar/Desktop/final proj/recovertest2/recoverpipeline/recoverpipeline.srcs/sources_1/new/negandpos.v:23]
	Parameter Wc bound to: 32 - type: integer 
	Parameter Wcbits bound to: 5 - type: integer 
	Parameter W bound to: 10 - type: integer 
	Parameter Wabs bound to: 9 - type: integer 
	Parameter ECOMPSIZE bound to: 55 - type: integer 
INFO: [Synth 8-6155] done synthesizing module 'negandpos' (1#1) [C:/Users/Sankar/Desktop/final proj/recovertest2/recoverpipeline/recoverpipeline.srcs/sources_1/new/negandpos.v:23]
INFO: [Synth 8-6157] synthesizing module 'recovunit_ne' [C:/Users/Sankar/Desktop/final proj/recovertest2/recovunit_dp.v:24]
	Parameter Wc bound to: 32 - type: integer 
	Parameter Wcbits bound to: 6 - type: integer 
	Parameter W bound to: 10 - type: integer 
	Parameter Wabs bound to: 9 - type: integer 
	Parameter ECOMPSIZE bound to: 56 - type: integer 
INFO: [Synth 8-6155] done synthesizing module 'recovunit_ne' (2#1) [C:/Users/Sankar/Desktop/final proj/recovertest2/recovunit_dp.v:24]
INFO: [Synth 8-6155] done synthesizing module 'coverrecover' (3#1) [C:/Users/Sankar/Desktop/final proj/recovertest2/coverrecover.v:23]
---------------------------------------------------------------------------------
Finished RTL Elaboration : Time (s): cpu = 00:00:09 ; elapsed = 00:00:10 . Memory (MB): peak = 413.348 ; gain = 155.492
---------------------------------------------------------------------------------

Report Check Netlist: 
+------+------------------+-------+---------+-------+------------------+
|      |Item              |Errors |Warnings |Status |Description       |
+------+------------------+-------+---------+-------+------------------+
|1     |multi_driven_nets |      0|        0|Passed |Multi driven nets |
+------+------------------+-------+---------+-------+------------------+
---------------------------------------------------------------------------------
Start Handling Custom Attributes
---------------------------------------------------------------------------------
---------------------------------------------------------------------------------
Finished Handling Custom Attributes : Time (s): cpu = 00:00:09 ; elapsed = 00:00:10 . Memory (MB): peak = 413.348 ; gain = 155.492
---------------------------------------------------------------------------------
---------------------------------------------------------------------------------
Finished RTL Optimization Phase 1 : Time (s): cpu = 00:00:09 ; elapsed = 00:00:10 . Memory (MB): peak = 413.348 ; gain = 155.492
---------------------------------------------------------------------------------
INFO: [Device 21-403] Loading part xcku5p-ffvd900-1-i
INFO: [Project 1-570] Preparing netlist for logic optimization

Processing XDC Constraints
Initializing timing engine
Parsing XDC File [C:/Users/Sankar/Desktop/final proj/design_constr.xdc]
Finished Parsing XDC File [C:/Users/Sankar/Desktop/final proj/design_constr.xdc]
Completed Processing XDC Constraints

INFO: [Project 1-111] Unisim Transformation Summary:
No Unisim elements were transformed.

Constraint Validation Runtime : Time (s): cpu = 00:00:00 ; elapsed = 00:00:00.014 . Memory (MB): peak = 1462.211 ; gain = 0.000
---------------------------------------------------------------------------------
Finished Constraint Validation : Time (s): cpu = 00:00:31 ; elapsed = 00:00:36 . Memory (MB): peak = 1462.211 ; gain = 1204.355
---------------------------------------------------------------------------------
---------------------------------------------------------------------------------
Start Loading Part and Timing Information
---------------------------------------------------------------------------------
Loading part: xcku5p-ffvd900-1-i
---------------------------------------------------------------------------------
Finished Loading Part and Timing Information : Time (s): cpu = 00:00:31 ; elapsed = 00:00:36 . Memory (MB): peak = 1462.211 ; gain = 1204.355
---------------------------------------------------------------------------------
---------------------------------------------------------------------------------
Start Applying 'set_property' XDC Constraints
---------------------------------------------------------------------------------
---------------------------------------------------------------------------------
Finished applying 'set_property' XDC Constraints : Time (s): cpu = 00:00:31 ; elapsed = 00:00:36 . Memory (MB): peak = 1462.211 ; gain = 1204.355
---------------------------------------------------------------------------------
---------------------------------------------------------------------------------
Finished RTL Optimization Phase 2 : Time (s): cpu = 00:00:31 ; elapsed = 00:00:36 . Memory (MB): peak = 1462.211 ; gain = 1204.355
---------------------------------------------------------------------------------

Report RTL Partitions: 
+-+--------------+------------+----------+
| |RTL Partition |Replication |Instances |
+-+--------------+------------+----------+
+-+--------------+------------+----------+
---------------------------------------------------------------------------------
Start RTL Component Statistics 
---------------------------------------------------------------------------------
Detailed RTL Component Info : 
+---Adders : 
	   2 Input     10 Bit       Adders := 2     
+---Registers : 
	              320 Bit    Registers := 1     
	               55 Bit    Registers := 1     
	               32 Bit    Registers := 2     
	               10 Bit    Registers := 4     
+---Muxes : 
	   4 Input     10 Bit        Muxes := 32    
---------------------------------------------------------------------------------
Finished RTL Component Statistics 
---------------------------------------------------------------------------------
---------------------------------------------------------------------------------
Start RTL Hierarchical Component Statistics 
---------------------------------------------------------------------------------
Hierarchical RTL Component report 
Module coverrecover 
Detailed RTL Component Info : 
+---Registers : 
	              320 Bit    Registers := 1     
	               55 Bit    Registers := 1     
	               32 Bit    Registers := 2     
	               10 Bit    Registers := 4     
Module negandpos 
Detailed RTL Component Info : 
+---Adders : 
	   2 Input     10 Bit       Adders := 2     
Module recovunit_ne 
Detailed RTL Component Info : 
+---Muxes : 
	   4 Input     10 Bit        Muxes := 32    
---------------------------------------------------------------------------------
Finished RTL Hierarchical Component Statistics
---------------------------------------------------------------------------------
---------------------------------------------------------------------------------
Start Part Resource Summary
---------------------------------------------------------------------------------
Part Resources:
DSPs: 1824 (col length:96)
BRAMs: 960 (col length: RAMB18 96 RAMB36 48)
---------------------------------------------------------------------------------
Finished Part Resource Summary
---------------------------------------------------------------------------------
---------------------------------------------------------------------------------
Start Cross Boundary and Area Optimization
---------------------------------------------------------------------------------
Warning: Parallel synthesis criteria is not met 
INFO: [Synth 8-3886] merging instance 'min1posreg_reg[0]' (FDR) to 'min1negreg_reg[0]'
INFO: [Synth 8-3886] merging instance 'min2posreg_reg[0]' (FDR) to 'min2negreg_reg[0]'
INFO: [Synth 8-3886] merging instance 'min1posreg_reg[9]' (FDR) to 'min2posreg_reg[9]'
INFO: [Synth 8-3333] propagating constant 0 across sequential element (\min2posreg_reg[9] )
WARNING: [Synth 8-3332] Sequential element (min2posreg_reg[9]) is unused and will be removed from module coverrecover.
---------------------------------------------------------------------------------
Finished Cross Boundary and Area Optimization : Time (s): cpu = 00:00:33 ; elapsed = 00:00:39 . Memory (MB): peak = 1462.211 ; gain = 1204.355
---------------------------------------------------------------------------------

Report RTL Partitions: 
+-+--------------+------------+----------+
| |RTL Partition |Replication |Instances |
+-+--------------+------------+----------+
+-+--------------+------------+----------+
---------------------------------------------------------------------------------
Start Applying XDC Timing Constraints
---------------------------------------------------------------------------------
---------------------------------------------------------------------------------
Finished Applying XDC Timing Constraints : Time (s): cpu = 00:01:09 ; elapsed = 00:01:18 . Memory (MB): peak = 2032.945 ; gain = 1775.090
---------------------------------------------------------------------------------
---------------------------------------------------------------------------------
Start Timing Optimization
---------------------------------------------------------------------------------
---------------------------------------------------------------------------------
Finished Timing Optimization : Time (s): cpu = 00:01:09 ; elapsed = 00:01:18 . Memory (MB): peak = 2044.129 ; gain = 1786.273
---------------------------------------------------------------------------------

Report RTL Partitions: 
+-+--------------+------------+----------+
| |RTL Partition |Replication |Instances |
+-+--------------+------------+----------+
+-+--------------+------------+----------+
---------------------------------------------------------------------------------
Start Technology Mapping
---------------------------------------------------------------------------------
---------------------------------------------------------------------------------
Finished Technology Mapping : Time (s): cpu = 00:01:10 ; elapsed = 00:01:19 . Memory (MB): peak = 2056.047 ; gain = 1798.191
---------------------------------------------------------------------------------

Report RTL Partitions: 
+-+--------------+------------+----------+
| |RTL Partition |Replication |Instances |
+-+--------------+------------+----------+
+-+--------------+------------+----------+
---------------------------------------------------------------------------------
Start IO Insertion
---------------------------------------------------------------------------------
---------------------------------------------------------------------------------
Start Flattening Before IO Insertion
---------------------------------------------------------------------------------
---------------------------------------------------------------------------------
Finished Flattening Before IO Insertion
---------------------------------------------------------------------------------
---------------------------------------------------------------------------------
Start Final Netlist Cleanup
---------------------------------------------------------------------------------
---------------------------------------------------------------------------------
Finished Final Netlist Cleanup
---------------------------------------------------------------------------------
---------------------------------------------------------------------------------
Finished IO Insertion : Time (s): cpu = 00:01:11 ; elapsed = 00:01:20 . Memory (MB): peak = 2056.047 ; gain = 1798.191
---------------------------------------------------------------------------------

Report Check Netlist: 
+------+------------------+-------+---------+-------+------------------+
|      |Item              |Errors |Warnings |Status |Description       |
+------+------------------+-------+---------+-------+------------------+
|1     |multi_driven_nets |      0|        0|Passed |Multi driven nets |
+------+------------------+-------+---------+-------+------------------+
---------------------------------------------------------------------------------
Start Renaming Generated Instances
---------------------------------------------------------------------------------
---------------------------------------------------------------------------------
Finished Renaming Generated Instances : Time (s): cpu = 00:01:11 ; elapsed = 00:01:20 . Memory (MB): peak = 2056.047 ; gain = 1798.191
---------------------------------------------------------------------------------

Report RTL Partitions: 
+-+--------------+------------+----------+
| |RTL Partition |Replication |Instances |
+-+--------------+------------+----------+
+-+--------------+------------+----------+
---------------------------------------------------------------------------------
Start Rebuilding User Hierarchy
---------------------------------------------------------------------------------
---------------------------------------------------------------------------------
Finished Rebuilding User Hierarchy : Time (s): cpu = 00:01:11 ; elapsed = 00:01:20 . Memory (MB): peak = 2056.047 ; gain = 1798.191
---------------------------------------------------------------------------------
---------------------------------------------------------------------------------
Start Renaming Generated Ports
---------------------------------------------------------------------------------
---------------------------------------------------------------------------------
Finished Renaming Generated Ports : Time (s): cpu = 00:01:11 ; elapsed = 00:01:20 . Memory (MB): peak = 2056.047 ; gain = 1798.191
---------------------------------------------------------------------------------
---------------------------------------------------------------------------------
Start Handling Custom Attributes
---------------------------------------------------------------------------------
---------------------------------------------------------------------------------
Finished Handling Custom Attributes : Time (s): cpu = 00:01:11 ; elapsed = 00:01:20 . Memory (MB): peak = 2056.047 ; gain = 1798.191
---------------------------------------------------------------------------------
---------------------------------------------------------------------------------
Start Renaming Generated Nets
---------------------------------------------------------------------------------
---------------------------------------------------------------------------------
Finished Renaming Generated Nets : Time (s): cpu = 00:01:11 ; elapsed = 00:01:20 . Memory (MB): peak = 2056.047 ; gain = 1798.191
---------------------------------------------------------------------------------
---------------------------------------------------------------------------------
Start Writing Synthesis Report
---------------------------------------------------------------------------------

Report BlackBoxes: 
+-+--------------+----------+
| |BlackBox name |Instances |
+-+--------------+----------+
+-+--------------+----------+

Report Cell Usage: 
+------+-----+------+
|      |Cell |Count |
+------+-----+------+
|1     |BUFG |     1|
|2     |LUT1 |     1|
|3     |LUT2 |     4|
|4     |LUT3 |    36|
|5     |LUT4 |    38|
|6     |LUT5 |    34|
|7     |LUT6 |   260|
|8     |FDRE |   475|
|9     |IBUF |    57|
|10    |OBUF |   320|
+------+-----+------+

Report Instance Areas: 
+------+---------+-------------+------+
|      |Instance |Module       |Cells |
+------+---------+-------------+------+
|1     |top      |             |  1226|
|2     |  a1     |negandpos    |    32|
|3     |  a2     |recovunit_ne |   320|
+------+---------+-------------+------+
---------------------------------------------------------------------------------
Finished Writing Synthesis Report : Time (s): cpu = 00:01:11 ; elapsed = 00:01:20 . Memory (MB): peak = 2056.047 ; gain = 1798.191
---------------------------------------------------------------------------------
Synthesis finished with 0 errors, 0 critical warnings and 1 warnings.
Synthesis Optimization Runtime : Time (s): cpu = 00:00:48 ; elapsed = 00:01:02 . Memory (MB): peak = 2056.047 ; gain = 749.328
Synthesis Optimization Complete : Time (s): cpu = 00:01:11 ; elapsed = 00:01:20 . Memory (MB): peak = 2056.047 ; gain = 1798.191
INFO: [Project 1-571] Translating synthesized netlist
INFO: [Netlist 29-17] Analyzing 58 Unisim elements for replacement
INFO: [Netlist 29-28] Unisim Transformation completed in 0 CPU seconds
INFO: [Project 1-570] Preparing netlist for logic optimization
INFO: [Opt 31-138] Pushed 0 inverter(s) to 0 load pin(s).
INFO: [Project 1-111] Unisim Transformation Summary:
  A total of 58 instances were transformed.
  BUFG => BUFGCE: 1 instances
  IBUF => IBUF (IBUFCTRL, INBUF): 57 instances

INFO: [Common 17-83] Releasing license: Synthesis
21 Infos, 1 Warnings, 0 Critical Warnings and 0 Errors encountered.
synth_design completed successfully
synth_design: Time (s): cpu = 00:01:14 ; elapsed = 00:01:25 . Memory (MB): peak = 2077.168 ; gain = 1832.508
INFO: [Common 17-1381] The checkpoint 'C:/Users/Sankar/Desktop/final proj/recovertest2/recoverpipeline/recoverpipeline.runs/synth_1/coverrecover.dcp' has been generated.
INFO: [runtcl-4] Executing : report_utilization -file coverrecover_utilization_synth.rpt -pb coverrecover_utilization_synth.pb
report_utilization: Time (s): cpu = 00:00:00 ; elapsed = 00:00:00.238 . Memory (MB): peak = 2077.168 ; gain = 0.000
INFO: [Common 17-206] Exiting Vivado at Fri Sep 25 13:47:45 2020...
