Unable to capture context for thread 12080 in process 3200, can not generate back trace
Exception at PC 0x00007FFCF40DBB93
Printing stacktrace...

Exception at PC 0x00007FFD3DBDD759
Exception at PC 0x00007FFD3DBDD759
Exception at PC 0x00007FFD3DBDD759
Exception at PC 0x00007FFD3DBDD759
Exception at PC 0x00007FFD3DBDD759
Exception at PC 0x00007FFD3DBDD759
Exception at PC 0x00007FFD3DBDD759
Exception at PC 0x00007FFD3DBDD759
Exception at PC 0x00007FFD3DBDD759
Exception at PC 0x00007FFD3DBDD759
Exception at PC 0x00007FFD3DBDD759
Exception at PC 0x00007FFD3DBDD759
Exception at PC 0x00007FFD3DBDD759
Exception at PC 0x00007FFD3DBDD759
[0]  [0x00007FFCF40DBB93]
[1]  [0x00007FFCF40DBB93]
[2]  [0x00007FFCF40DB4A1]
[3]  [0x00007FFCF40DB3EF]
[4]  [0x00007FFCF40C19FE]
[5]  [0x00007FFCF40C0ED1]
[6]  [0x00007FFCF40C0D76]
[7]  [0x00007FFCF40679F6]
[8]  [0x00007FFCF4057AFB]
[9]  [0x00007FFCF417E90A]
[10]  [0x00007FFCF4199F87]
[11]  [0x00007FFCF419A05F]
[12] (BaseThreadInitThunk+0x14) [0x00007FFD40067034]
[13] (RtlUserThreadStart+0x21) [0x00007FFD4019D0D1]
Done
Exception at PC 0x00007FFD3DBDD759
Exception at PC 0x00007FFD3DBDD759
Exception at PC 0x00007FFD3DBDD759
Exception at PC 0x00007FFD3DBDD759
Exception at PC 0x00007FFD3DBDD759
Exception at PC 0x00007FFD3DBDD759
