Exception at PC 0x00007FF9FA373B29
Exception at PC 0x00007FF9FA373B29
Exception at PC 0x00007FF9FA373B29
Exception at PC 0x00007FF9FA373B29
Unable to capture context for thread 10712 in process 6364, can not generate back trace
Exception at PC 0x00007FF9BFD7BB93
Printing stacktrace...

Unable to capture context for thread 10712 in process 6364, can not generate back trace
Exception at PC 0x00007FF9FA373B29
Exception at PC 0x00007FF9FA373B29
Exception at PC 0x00007FF9FA373B29
Exception at PC 0x00007FF9FA373B29
Exception at PC 0x00007FF9FA373B29
Exception at PC 0x00007FF9FA373B29
Exception at PC 0x00007FF9FA373B29
Exception at PC 0x00007FF9FA373B29
Exception at PC 0x00007FF9FA373B29
Exception at PC 0x00007FF9FA373B29
[0]  [0x00007FF9BFD7BB93]
[1]  [0x00007FF9BFD7BB93]
[2]  [0x00007FF9BFD7B4A1]
[3]  [0x00007FF9BFD7B3EF]
[4]  [0x00007FF9BFD619FE]
[5]  [0x00007FF9BFD60ED1]
[6]  [0x00007FF9BFD60D76]
[7]  [0x00007FF9BFD079F6]
[8]  [0x00007FF9BFCF7AFB]
[9]  [0x00007FF9BFE1E90A]
[10]  [0x00007FF9BFE39F87]
[11]  [0x00007FF9BFE3A05F]
[12] (BaseThreadInitThunk+0x14) [0x00007FF9FB1F7BD4]
[13] (RtlUserThreadStart+0x21) [0x00007FF9FC96CE51]
Done
Exception at PC 0x00007FF9FA373B29
Exception at PC 0x00007FF9FA373B29
Exception at PC 0x00007FF9FA373B29
Exception at PC 0x00007FF9FA373B29
Exception at PC 0x00007FF9FA373B29
Exception at PC 0x00007FF9FA373B29
