Vivado Simulator 2016.2
Copyright 1986-1999, 2001-2016 Xilinx, Inc. All Rights Reserved.
Running: C:/Xilinx/Vivado/2016.2/bin/unwrapped/win64.o/xelab.exe -wto d8fc1b10d8594f7a9a0ad2646f095a06 --debug typical --relax --mt 2 -L xil_defaultlib -L unisims_ver -L unimacro_ver -L secureip --snapshot InputQueueCirc_1_behav xil_defaultlib.InputQueueCirc_1 xil_defaultlib.glbl -log elaborate.log 
Using 2 slave threads.
Starting static elaboration
WARNING: [VRFC 10-1783] select index 52 into muxOutConnector is out of bounds [C:/Users/sayed/Desktop/Programing/major project/major-project-/dmem_readalign_manual/dmem_readalign_manual.srcs/sources_1/new/InputQueueScripted.v:130]
WARNING: [VRFC 10-1783] select index 52 into muxOutConnector is out of bounds [C:/Users/sayed/Desktop/Programing/major project/major-project-/dmem_readalign_manual/dmem_readalign_manual.srcs/sources_1/new/InputQueueScripted.v:184]
WARNING: [VRFC 10-1783] select index 52 into muxOutConnector is out of bounds [C:/Users/sayed/Desktop/Programing/major project/major-project-/dmem_readalign_manual/dmem_readalign_manual.srcs/sources_1/new/InputQueueScripted.v:238]
WARNING: [VRFC 10-1783] select index 52 into muxOutConnector is out of bounds [C:/Users/sayed/Desktop/Programing/major project/major-project-/dmem_readalign_manual/dmem_readalign_manual.srcs/sources_1/new/InputQueueScripted.v:292]
WARNING: [VRFC 10-1783] select index 52 into muxOutConnector is out of bounds [C:/Users/sayed/Desktop/Programing/major project/major-project-/dmem_readalign_manual/dmem_readalign_manual.srcs/sources_1/new/InputQueueScripted.v:346]
WARNING: [VRFC 10-1783] select index 52 into muxOutConnector is out of bounds [C:/Users/sayed/Desktop/Programing/major project/major-project-/dmem_readalign_manual/dmem_readalign_manual.srcs/sources_1/new/InputQueueScripted.v:400]
WARNING: [VRFC 10-1783] select index 52 into muxOutConnector is out of bounds [C:/Users/sayed/Desktop/Programing/major project/major-project-/dmem_readalign_manual/dmem_readalign_manual.srcs/sources_1/new/InputQueueScripted.v:454]
WARNING: [VRFC 10-1783] select index 52 into muxOutConnector is out of bounds [C:/Users/sayed/Desktop/Programing/major project/major-project-/dmem_readalign_manual/dmem_readalign_manual.srcs/sources_1/new/InputQueueScripted.v:508]
WARNING: [VRFC 10-1783] select index 52 into muxOutConnector is out of bounds [C:/Users/sayed/Desktop/Programing/major project/major-project-/dmem_readalign_manual/dmem_readalign_manual.srcs/sources_1/new/InputQueueScripted.v:562]
WARNING: [VRFC 10-1783] select index 52 into muxOutConnector is out of bounds [C:/Users/sayed/Desktop/Programing/major project/major-project-/dmem_readalign_manual/dmem_readalign_manual.srcs/sources_1/new/InputQueueScripted.v:616]
WARNING: [VRFC 10-1783] select index 52 into muxOutConnector is out of bounds [C:/Users/sayed/Desktop/Programing/major project/major-project-/dmem_readalign_manual/dmem_readalign_manual.srcs/sources_1/new/InputQueueScripted.v:670]
WARNING: [VRFC 10-1783] select index 52 into muxOutConnector is out of bounds [C:/Users/sayed/Desktop/Programing/major project/major-project-/dmem_readalign_manual/dmem_readalign_manual.srcs/sources_1/new/InputQueueScripted.v:724]
WARNING: [VRFC 10-1783] select index 52 into muxOutConnector is out of bounds [C:/Users/sayed/Desktop/Programing/major project/major-project-/dmem_readalign_manual/dmem_readalign_manual.srcs/sources_1/new/InputQueueScripted.v:778]
WARNING: [VRFC 10-1783] select index 52 into muxOutConnector is out of bounds [C:/Users/sayed/Desktop/Programing/major project/major-project-/dmem_readalign_manual/dmem_readalign_manual.srcs/sources_1/new/InputQueueScripted.v:832]
WARNING: [VRFC 10-1783] select index 52 into muxOutConnector is out of bounds [C:/Users/sayed/Desktop/Programing/major project/major-project-/dmem_readalign_manual/dmem_readalign_manual.srcs/sources_1/new/InputQueueScripted.v:886]
WARNING: [VRFC 10-1783] select index 52 into muxOutConnector is out of bounds [C:/Users/sayed/Desktop/Programing/major project/major-project-/dmem_readalign_manual/dmem_readalign_manual.srcs/sources_1/new/InputQueueScripted.v:940]
WARNING: [VRFC 10-1783] select index 52 into muxOutConnector is out of bounds [C:/Users/sayed/Desktop/Programing/major project/major-project-/dmem_readalign_manual/dmem_readalign_manual.srcs/sources_1/new/InputQueueScripted.v:994]
WARNING: [VRFC 10-1783] select index 52 into muxOutConnector is out of bounds [C:/Users/sayed/Desktop/Programing/major project/major-project-/dmem_readalign_manual/dmem_readalign_manual.srcs/sources_1/new/InputQueueScripted.v:1048]
WARNING: [VRFC 10-1783] select index 52 into muxOutConnector is out of bounds [C:/Users/sayed/Desktop/Programing/major project/major-project-/dmem_readalign_manual/dmem_readalign_manual.srcs/sources_1/new/InputQueueScripted.v:1102]
WARNING: [VRFC 10-1783] select index 52 into muxOutConnector is out of bounds [C:/Users/sayed/Desktop/Programing/major project/major-project-/dmem_readalign_manual/dmem_readalign_manual.srcs/sources_1/new/InputQueueScripted.v:1156]
Completed static elaboration
Starting simulation data flow analysis
Completed simulation data flow analysis
Time Resolution for simulation is 1ps
Compiling module xil_defaultlib.InputQueueCirc_1
Compiling module xil_defaultlib.glbl
Built simulation snapshot InputQueueCirc_1_behav
