Exception at PC 0x00007FFA0F4ABB93
Printing stacktrace...

Exception at PC 0x00007FFA80B83E49
Exception at PC 0x00007FFA80B83E49
Exception at PC 0x00007FFA80B83E49
Exception at PC 0x00007FFA80B83E49
Exception at PC 0x00007FFA80B83E49
Exception at PC 0x00007FFA80B83E49
Exception at PC 0x00007FFA80B83E49
Exception at PC 0x00007FFA80B83E49
Exception at PC 0x00007FFA80B83E49
Exception at PC 0x00007FFA80B83E49
Exception at PC 0x00007FFA80B83E49
Exception at PC 0x00007FFA80B83E49
Exception at PC 0x00007FFA80B83E49
Exception at PC 0x00007FFA80B83E49
[0]  [0x00007FFA0F4ABB93]
[1]  [0x00007FFA0F4ABB93]
[2]  [0x00007FFA0F4AB4A1]
[3]  [0x00007FFA0F4AB3EF]
[4]  [0x00007FFA0F4919FE]
[5]  [0x00007FFA0F490ED1]
[6]  [0x00007FFA0F490D76]
[7]  [0x00007FFA0F4379F6]
[8]  [0x00007FFA0F427AFB]
[9]  [0x00007FFA0F54E90A]
[10]  [0x00007FFA0F569F87]
[11]  [0x00007FFA0F56A05F]
[12] (BaseThreadInitThunk+0x14) [0x00007FFA81B97034]
[13] (RtlUserThreadStart+0x21) [0x00007FFA82F1CEC1]
Done
Exception at PC 0x00007FFA80B83E49
Exception at PC 0x00007FFA80B83E49
Exception at PC 0x00007FFA80B83E49
Exception at PC 0x00007FFA80B83E49
Exception at PC 0x00007FFA80B83E49
Exception at PC 0x00007FFA80B83E49
