#-----------------------------------------------------------
# Vivado v2018.1 (64-bit)
# SW Build 2188600 on Wed Apr  4 18:40:38 MDT 2018
# IP Build 2185939 on Wed Apr  4 20:55:05 MDT 2018
# Start of session at: Thu Oct 15 14:42:06 2020
# Process ID: 13696
# Current directory: C:/Users/Sankar/Documents/GitHub/major-project-/row_process_oct15_pipelined
# Command line: vivado.exe -gui_launcher_event rodinguilauncherevent12332 C:\Users\Sankar\Documents\GitHub\major-project-\row_process_oct15_pipelined\row_process_oct15_pipelined.xpr
# Log file: C:/Users/Sankar/Documents/GitHub/major-project-/row_process_oct15_pipelined/vivado.log
# Journal file: C:/Users/Sankar/Documents/GitHub/major-project-/row_process_oct15_pipelined\vivado.jou
#-----------------------------------------------------------
start_gui
open_project C:/Users/Sankar/Documents/GitHub/major-project-/row_process_oct15_pipelined/row_process_oct15_pipelined.xpr
CRITICAL WARNING: [Project 1-19] Could not find the file 'C:/Users/Sankar/Documents/GitHub/major-project-/row_process_oct15_pipelined/row_process_oct15_pipelined.srcs/sources_1/new/m4VG.v'.
CRITICAL WARNING: [Project 1-19] Could not find the file 'C:/Users/Sankar/Documents/GitHub/major-project-/row_process_oct15_pipelined/row_process_oct15_pipelined.srcs/sources_1/new/AdderWc.v'.
Scanning sources...
Finished scanning sources
INFO: [IP_Flow 19-234] Refreshing IP repositories
INFO: [IP_Flow 19-1704] No user IP repositories specified
INFO: [IP_Flow 19-2313] Loaded Vivado IP repository 'C:/Xilinx/Vivado/2018.1/data/ip'.
open_project: Time (s): cpu = 00:00:15 ; elapsed = 00:00:09 . Memory (MB): peak = 803.902 ; gain = 76.195
update_compile_order -fileset sources_1
exit
INFO: [Common 17-206] Exiting Vivado at Thu Oct 15 14:47:21 2020...
