Exception at PC 0x00007FFB5D5AA719
Exception at PC 0x00007FFAEBA3BB93
Printing stacktrace...

Exception at PC 0x00007FFB5D5AA719
Exception at PC 0x00007FFB5D5AA719
Exception at PC 0x00007FFB5D5AA719
Exception at PC 0x00007FFB5D5AA719
Exception at PC 0x00007FFB5D5AA719
Exception at PC 0x00007FFB5D5AA719
Exception at PC 0x00007FFB5D5AA719
Exception at PC 0x00007FFB5D5AA719
Exception at PC 0x00007FFB5D5AA719
Exception at PC 0x00007FFB5D5AA719
Exception at PC 0x00007FFB5D5AA719
Exception at PC 0x00007FFB5D5AA719
Exception at PC 0x00007FFB5D5AA719
Exception at PC 0x00007FFB5D5AA719
Exception at PC 0x00007FFB5D5AA719
Exception at PC 0x00007FFB5D5AA719
Exception at PC 0x00007FFB5D5AA719
Exception at PC 0x00007FFB5D5AA719
Exception at PC 0x00007FFB5D5AA719
[0]  [0x00007FFAEBA3BB93]
[1]  [0x00007FFAEBA3BB93]
[2]  [0x00007FFAEBA3B4A1]
[3]  [0x00007FFAEBA3B3EF]
[4]  [0x00007FFAEBA219FE]
[5]  [0x00007FFAEBA20ED1]
[6]  [0x00007FFAEBA20D76]
[7]  [0x00007FFAEB9C79F6]
[8]  [0x00007FFAEB9B7AFB]
[9]  [0x00007FFAEBADE90A]
[10]  [0x00007FFAEBAF9F87]
[11]  [0x00007FFAEBAFA05F]
[12] (BaseThreadInitThunk+0x14) [0x00007FFB5F717BD4]
[13] (RtlUserThreadStart+0x21) [0x00007FFB6050CE51]
Done
