INFO: [VRFC 10-2263] Analyzing Verilog file "C:/Users/sayed/Desktop/Programing/major project/major-project-/NE_rpu/m2VG_pipelined_2.v" into library xil_defaultlib
INFO: [VRFC 10-311] analyzing module m2VG_pipelined_2
INFO: [VRFC 10-2263] Analyzing Verilog file "C:/Users/sayed/Desktop/Programing/major project/major-project-/NE_rpu/m4VG.v" into library xil_defaultlib
INFO: [VRFC 10-311] analyzing module m4VG_pipelined
INFO: [VRFC 10-2263] Analyzing Verilog file "C:/Users/sayed/Desktop/Programing/major project/major-project-/NE_rpu/m8VG.v" into library xil_defaultlib
INFO: [VRFC 10-311] analyzing module m8VG_pipelined
INFO: [VRFC 10-2263] Analyzing Verilog file "C:/Users/sayed/Desktop/Programing/major project/major-project-/NE_rpu/NormaliserW.v" into library xil_defaultlib
INFO: [VRFC 10-311] analyzing module normaliserW
INFO: [VRFC 10-2263] Analyzing Verilog file "C:/Users/sayed/Desktop/Programing/major project/major-project-/NE_rpu/m16VG.v" into library xil_defaultlib
INFO: [VRFC 10-311] analyzing module m16VG_pipelined
INFO: [VRFC 10-2263] Analyzing Verilog file "C:/Users/sayed/Desktop/Programing/major project/major-project-/NE_rpu/Absoluter_adder.v" into library xil_defaultlib
INFO: [VRFC 10-311] analyzing module Absoluter_adder
INFO: [VRFC 10-2263] Analyzing Verilog file "C:/Users/sayed/Desktop/Programing/major project/major-project-/NE_rpu/subtract_2.v" into library xil_defaultlib
INFO: [VRFC 10-311] analyzing module subtract_2
INFO: [VRFC 10-2263] Analyzing Verilog file "C:/Users/sayed/Desktop/Programing/major project/major-project-/NE_rpu/NormaliseWc.v" into library xil_defaultlib
INFO: [VRFC 10-311] analyzing module NormaliserWc
INFO: [VRFC 10-2263] Analyzing Verilog file "C:/Users/sayed/Desktop/Programing/major project/major-project-/NE_rpu/m32VG.v" into library xil_defaultlib
INFO: [VRFC 10-311] analyzing module m32VG_pipelined
INFO: [VRFC 10-2263] Analyzing Verilog file "C:/Users/sayed/Desktop/Programing/major project/major-project-/NE_rpu/adderW2.v" into library xil_defaultlib
INFO: [VRFC 10-311] analyzing module adderW2
INFO: [VRFC 10-2263] Analyzing Verilog file "C:/Users/sayed/Desktop/Programing/major project/major-project-/NE_rpu/Absoluter_32.v" into library xil_defaultlib
INFO: [VRFC 10-311] analyzing module Absoluter_32
INFO: [VRFC 10-2263] Analyzing Verilog file "C:/Users/sayed/Desktop/Programing/major project/major-project-/NE_rpu/Subtractor_pipelined.v" into library xil_defaultlib
INFO: [VRFC 10-311] analyzing module subtractor_32
INFO: [VRFC 10-2263] Analyzing Verilog file "C:/Users/sayed/Desktop/Programing/major project/major-project-/NE_rpu/subtractor_32.v" into library xil_defaultlib
INFO: [VRFC 10-311] analyzing module subtractor_32_d
INFO: [VRFC 10-2263] Analyzing Verilog file "C:/Users/sayed/Desktop/Programing/major project/major-project-/NE_rpu/recovunit_dp.v" into library xil_defaultlib
INFO: [VRFC 10-311] analyzing module recovunit_ne
INFO: [VRFC 10-2263] Analyzing Verilog file "C:/Users/sayed/Desktop/Documents and downloads/ne_RCU/E_mem_ne_bram.v" into library xil_defaultlib
INFO: [VRFC 10-311] analyzing module E_mem_ne_bram
INFO: [VRFC 10-2263] Analyzing Verilog file "C:/Users/sayed/Desktop/Programing/major project/major-project-/NE_rpu/emsggen.v" into library xil_defaultlib
INFO: [VRFC 10-311] analyzing module emsggen
INFO: [VRFC 10-2263] Analyzing Verilog file "C:/Users/sayed/Desktop/Programing/major project/major-project-/NE_rpu/AdderWc_pipelined.v" into library xil_defaultlib
INFO: [VRFC 10-311] analyzing module AdderWc
INFO: [VRFC 10-2263] Analyzing Verilog file "C:/Users/sayed/Desktop/Programing/major project/major-project-/NE_rpu/SISO_rowunit.v" into library xil_defaultlib
INFO: [VRFC 10-311] analyzing module SISO_rowunit2
INFO: [VRFC 10-2263] Analyzing Verilog file "C:/Users/sayed/Desktop/Programing/major project/major-project-/misc/misc.srcs/sources_1/new/readtest9b.v" into library xil_defaultlib
INFO: [VRFC 10-311] analyzing module readtest9b
INFO: [VRFC 10-2263] Analyzing Verilog file "C:/Users/sayed/Desktop/Programing/major project/major-project-/misc/misc.sim/sim_1/behav/glbl.v" into library xil_defaultlib
INFO: [VRFC 10-311] analyzing module glbl
