INFO: [VRFC 10-2263] Analyzing Verilog file "C:/Users/sayed/Desktop/Programing/major project/major-project-/decoder_top/Absoluter_32.v" into library xil_defaultlib
INFO: [VRFC 10-311] analyzing module Absoluter_32
INFO: [VRFC 10-2263] Analyzing Verilog file "C:/Users/sayed/Desktop/Programing/major project/major-project-/decoder_top/Absoluter_adder.v" into library xil_defaultlib
INFO: [VRFC 10-311] analyzing module Absoluter_adder
INFO: [VRFC 10-2263] Analyzing Verilog file "C:/Users/sayed/Desktop/Programing/major project/major-project-/decoder_top/AdderWc_pipelined.v" into library xil_defaultlib
INFO: [VRFC 10-311] analyzing module AdderWc
INFO: [VRFC 10-2263] Analyzing Verilog file "C:/Users/sayed/Desktop/Programing/major project/major-project-/verification/Verification.srcs/sources_1/imports/ver_sankar/Dmem_SRQtype.v" into library xil_defaultlib
INFO: [VRFC 10-311] analyzing module Dmem_SRQtype_regout
INFO: [VRFC 10-2263] Analyzing Verilog file "C:/Users/sayed/Desktop/Programing/major project/major-project-/decoder_top/Dmem_circ0_scripted.v" into library xil_defaultlib
INFO: [VRFC 10-311] analyzing module Dmem_circ0_scripted
INFO: [VRFC 10-2263] Analyzing Verilog file "C:/Users/sayed/Desktop/Programing/major project/major-project-/decoder_top/Dmem_circ10_scripted.v" into library xil_defaultlib
INFO: [VRFC 10-311] analyzing module Dmem_circ10_scripted
INFO: [VRFC 10-2263] Analyzing Verilog file "C:/Users/sayed/Desktop/Programing/major project/major-project-/decoder_top/Dmem_circ11_scripted.v" into library xil_defaultlib
INFO: [VRFC 10-311] analyzing module Dmem_circ11_scripted
INFO: [VRFC 10-2263] Analyzing Verilog file "C:/Users/sayed/Desktop/Programing/major project/major-project-/decoder_top/Dmem_circ12_scripted.v" into library xil_defaultlib
INFO: [VRFC 10-311] analyzing module Dmem_circ12_scripted
INFO: [VRFC 10-2263] Analyzing Verilog file "C:/Users/sayed/Desktop/Programing/major project/major-project-/decoder_top/Dmem_circ13_scripted.v" into library xil_defaultlib
INFO: [VRFC 10-311] analyzing module Dmem_circ13_scripted
INFO: [VRFC 10-2263] Analyzing Verilog file "C:/Users/sayed/Desktop/Programing/major project/major-project-/decoder_top/Dmem_circ14_scripted.v" into library xil_defaultlib
INFO: [VRFC 10-311] analyzing module Dmem_circ14_scripted
INFO: [VRFC 10-2263] Analyzing Verilog file "C:/Users/sayed/Desktop/Programing/major project/major-project-/decoder_top/Dmem_circ15_scripted.v" into library xil_defaultlib
INFO: [VRFC 10-311] analyzing module Dmem_circ15_scripted
INFO: [VRFC 10-2263] Analyzing Verilog file "C:/Users/sayed/Desktop/Programing/major project/major-project-/decoder_top/Dmem_circ1_scripted.v" into library xil_defaultlib
INFO: [VRFC 10-311] analyzing module Dmem_circ1_scripted
INFO: [VRFC 10-2263] Analyzing Verilog file "C:/Users/sayed/Desktop/Programing/major project/major-project-/decoder_top/Dmem_circ2_scripted.v" into library xil_defaultlib
INFO: [VRFC 10-311] analyzing module Dmem_circ2_scripted
INFO: [VRFC 10-2263] Analyzing Verilog file "C:/Users/sayed/Desktop/Programing/major project/major-project-/decoder_top/Dmem_circ3_scripted.v" into library xil_defaultlib
INFO: [VRFC 10-311] analyzing module Dmem_circ3_scripted
INFO: [VRFC 10-2263] Analyzing Verilog file "C:/Users/sayed/Desktop/Programing/major project/major-project-/decoder_top/Dmem_circ4_scripted.v" into library xil_defaultlib
INFO: [VRFC 10-311] analyzing module Dmem_circ4_scripted
INFO: [VRFC 10-2263] Analyzing Verilog file "C:/Users/sayed/Desktop/Programing/major project/major-project-/decoder_top/Dmem_circ5_scripted.v" into library xil_defaultlib
INFO: [VRFC 10-311] analyzing module Dmem_circ5_scripted
INFO: [VRFC 10-2263] Analyzing Verilog file "C:/Users/sayed/Desktop/Programing/major project/major-project-/decoder_top/Dmem_circ6_scripted.v" into library xil_defaultlib
INFO: [VRFC 10-311] analyzing module Dmem_circ6_scripted
INFO: [VRFC 10-2263] Analyzing Verilog file "C:/Users/sayed/Desktop/Programing/major project/major-project-/decoder_top/Dmem_circ7_scripted.v" into library xil_defaultlib
INFO: [VRFC 10-311] analyzing module Dmem_circ7_scripted
INFO: [VRFC 10-2263] Analyzing Verilog file "C:/Users/sayed/Desktop/Programing/major project/major-project-/decoder_top/Dmem_circ8_scripted.v" into library xil_defaultlib
INFO: [VRFC 10-311] analyzing module Dmem_circ8_scripted
INFO: [VRFC 10-2263] Analyzing Verilog file "C:/Users/sayed/Desktop/Programing/major project/major-project-/decoder_top/Dmem_circ9_scripted.v" into library xil_defaultlib
INFO: [VRFC 10-311] analyzing module Dmem_circ9_scripted
INFO: [VRFC 10-2263] Analyzing Verilog file "C:/Users/sayed/Desktop/Programing/major project/major-project-/decoder_top/E_mem_ne_bram.v" into library xil_defaultlib
INFO: [VRFC 10-311] analyzing module E_mem_ne_bram
INFO: [VRFC 10-2263] Analyzing Verilog file "C:/Users/sayed/Desktop/Programing/major project/major-project-/verification/Verification.srcs/sources_1/imports/ver_sankar/LMem0To1_511_circ0_scripted.v" into library xil_defaultlib
INFO: [VRFC 10-311] analyzing module LMem0To1_511_circ0_scripted
INFO: [VRFC 10-2263] Analyzing Verilog file "C:/Users/sayed/Desktop/Programing/major project/major-project-/verification/Verification.srcs/sources_1/imports/ver_sankar/LMem0To1_511_circ10_scripted.v" into library xil_defaultlib
INFO: [VRFC 10-311] analyzing module LMem0To1_511_circ10_scripted
INFO: [VRFC 10-2263] Analyzing Verilog file "C:/Users/sayed/Desktop/Programing/major project/major-project-/verification/Verification.srcs/sources_1/imports/ver_sankar/LMem0To1_511_circ11_scripted.v" into library xil_defaultlib
INFO: [VRFC 10-311] analyzing module LMem0To1_511_circ11_scripted
INFO: [VRFC 10-2263] Analyzing Verilog file "C:/Users/sayed/Desktop/Programing/major project/major-project-/verification/Verification.srcs/sources_1/imports/ver_sankar/LMem0To1_511_circ12_scripted.v" into library xil_defaultlib
INFO: [VRFC 10-311] analyzing module LMem0To1_511_circ12_scripted
INFO: [VRFC 10-2263] Analyzing Verilog file "C:/Users/sayed/Desktop/Programing/major project/major-project-/verification/Verification.srcs/sources_1/imports/ver_sankar/LMem0To1_511_circ13_scripted.v" into library xil_defaultlib
INFO: [VRFC 10-311] analyzing module LMem0To1_511_circ13_scripted
INFO: [VRFC 10-2263] Analyzing Verilog file "C:/Users/sayed/Desktop/Programing/major project/major-project-/verification/Verification.srcs/sources_1/imports/ver_sankar/LMem0To1_511_circ14_scripted.v" into library xil_defaultlib
INFO: [VRFC 10-311] analyzing module LMem0To1_511_circ14_scripted
INFO: [VRFC 10-2263] Analyzing Verilog file "C:/Users/sayed/Desktop/Programing/major project/major-project-/verification/Verification.srcs/sources_1/imports/ver_sankar/LMem0To1_511_circ15_scripted.v" into library xil_defaultlib
INFO: [VRFC 10-311] analyzing module LMem0To1_511_circ15_scripted
INFO: [VRFC 10-2263] Analyzing Verilog file "C:/Users/sayed/Desktop/Programing/major project/major-project-/verification/Verification.srcs/sources_1/imports/ver_sankar/LMem0To1_511_circ1_scripted.v" into library xil_defaultlib
INFO: [VRFC 10-311] analyzing module LMem0To1_511_circ1_scripted
INFO: [VRFC 10-2263] Analyzing Verilog file "C:/Users/sayed/Desktop/Programing/major project/major-project-/verification/Verification.srcs/sources_1/imports/ver_sankar/LMem0To1_511_circ2_scripted.v" into library xil_defaultlib
INFO: [VRFC 10-311] analyzing module LMem0To1_511_circ2_scripted
INFO: [VRFC 10-2263] Analyzing Verilog file "C:/Users/sayed/Desktop/Programing/major project/major-project-/verification/Verification.srcs/sources_1/imports/ver_sankar/LMem0To1_511_circ3_scripted.v" into library xil_defaultlib
INFO: [VRFC 10-311] analyzing module LMem0To1_511_circ3_scripted
INFO: [VRFC 10-2263] Analyzing Verilog file "C:/Users/sayed/Desktop/Programing/major project/major-project-/verification/Verification.srcs/sources_1/imports/ver_sankar/LMem0To1_511_circ4_scripted.v" into library xil_defaultlib
INFO: [VRFC 10-311] analyzing module LMem0To1_511_circ4_scripted
INFO: [VRFC 10-2263] Analyzing Verilog file "C:/Users/sayed/Desktop/Programing/major project/major-project-/verification/Verification.srcs/sources_1/imports/ver_sankar/LMem0To1_511_circ5_scripted.v" into library xil_defaultlib
INFO: [VRFC 10-311] analyzing module LMem0To1_511_circ5_scripted
INFO: [VRFC 10-2263] Analyzing Verilog file "C:/Users/sayed/Desktop/Programing/major project/major-project-/verification/Verification.srcs/sources_1/imports/ver_sankar/LMem0To1_511_circ6_scripted.v" into library xil_defaultlib
INFO: [VRFC 10-311] analyzing module LMem0To1_511_circ6_scripted
INFO: [VRFC 10-2263] Analyzing Verilog file "C:/Users/sayed/Desktop/Programing/major project/major-project-/verification/Verification.srcs/sources_1/imports/ver_sankar/LMem0To1_511_circ7_scripted.v" into library xil_defaultlib
INFO: [VRFC 10-311] analyzing module LMem0To1_511_circ7_scripted
INFO: [VRFC 10-2263] Analyzing Verilog file "C:/Users/sayed/Desktop/Programing/major project/major-project-/verification/Verification.srcs/sources_1/imports/ver_sankar/LMem0To1_511_circ8_scripted.v" into library xil_defaultlib
INFO: [VRFC 10-311] analyzing module LMem0To1_511_circ8_scripted
INFO: [VRFC 10-2263] Analyzing Verilog file "C:/Users/sayed/Desktop/Programing/major project/major-project-/verification/Verification.srcs/sources_1/imports/ver_sankar/LMem0To1_511_circ9_scripted.v" into library xil_defaultlib
INFO: [VRFC 10-311] analyzing module LMem0To1_511_circ9_scripted
INFO: [VRFC 10-2263] Analyzing Verilog file "C:/Users/sayed/Desktop/Programing/major project/major-project-/verification/Verification.srcs/sources_1/imports/ver_sankar/LMem1To0_511_circ0_combined_ns_yu_pipelined_scripted_h1.v" into library xil_defaultlib
INFO: [VRFC 10-311] analyzing module LMem1To0_511_circ0_combined_ns_yu_pipelined_scripted
INFO: [VRFC 10-2263] Analyzing Verilog file "C:/Users/sayed/Desktop/Programing/major project/major-project-/decoder_top/LMem1To0_511_circ0_combined_ns_yu_scripted_h1.v" into library xil_defaultlib
INFO: [VRFC 10-311] analyzing module LMem1To0_511_circ0_combined_ns_yu_scripted
INFO: [VRFC 10-2263] Analyzing Verilog file "C:/Users/sayed/Desktop/Programing/major project/major-project-/verification/Verification.srcs/sources_1/imports/ver_sankar/LMem1To0_511_circ10_combined_ns_yu_pipelined_scripted_h1.v" into library xil_defaultlib
INFO: [VRFC 10-311] analyzing module LMem1To0_511_circ10_combined_ns_yu_pipelined_scripted
INFO: [VRFC 10-2263] Analyzing Verilog file "C:/Users/sayed/Desktop/Programing/major project/major-project-/decoder_top/LMem1To0_511_circ10_combined_ns_yu_scripted_h1.v" into library xil_defaultlib
INFO: [VRFC 10-311] analyzing module LMem1To0_511_circ10_combined_ns_yu_scripted
INFO: [VRFC 10-2263] Analyzing Verilog file "C:/Users/sayed/Desktop/Programing/major project/major-project-/verification/Verification.srcs/sources_1/imports/ver_sankar/LMem1To0_511_circ11_combined_ns_yu_pipelined_scripted_h1.v" into library xil_defaultlib
INFO: [VRFC 10-311] analyzing module LMem1To0_511_circ11_combined_ns_yu_pipelined_scripted
INFO: [VRFC 10-2263] Analyzing Verilog file "C:/Users/sayed/Desktop/Programing/major project/major-project-/decoder_top/LMem1To0_511_circ11_combined_ns_yu_scripted_h1.v" into library xil_defaultlib
INFO: [VRFC 10-311] analyzing module LMem1To0_511_circ11_combined_ns_yu_scripted
INFO: [VRFC 10-2263] Analyzing Verilog file "C:/Users/sayed/Desktop/Programing/major project/major-project-/verification/Verification.srcs/sources_1/imports/ver_sankar/LMem1To0_511_circ12_combined_ns_yu_pipelined_scripted_h1.v" into library xil_defaultlib
INFO: [VRFC 10-311] analyzing module LMem1To0_511_circ12_combined_ns_yu_pipelined_scripted
INFO: [VRFC 10-2263] Analyzing Verilog file "C:/Users/sayed/Desktop/Programing/major project/major-project-/decoder_top/LMem1To0_511_circ12_combined_ns_yu_scripted_h1.v" into library xil_defaultlib
INFO: [VRFC 10-311] analyzing module LMem1To0_511_circ12_combined_ns_yu_scripted
INFO: [VRFC 10-2263] Analyzing Verilog file "C:/Users/sayed/Desktop/Programing/major project/major-project-/verification/Verification.srcs/sources_1/imports/ver_sankar/LMem1To0_511_circ13_combined_ns_yu_pipelined_scripted_h1.v" into library xil_defaultlib
INFO: [VRFC 10-311] analyzing module LMem1To0_511_circ13_combined_ns_yu_pipelined_scripted
INFO: [VRFC 10-2263] Analyzing Verilog file "C:/Users/sayed/Desktop/Programing/major project/major-project-/decoder_top/LMem1To0_511_circ13_combined_ns_yu_scripted_h1.v" into library xil_defaultlib
INFO: [VRFC 10-311] analyzing module LMem1To0_511_circ13_combined_ns_yu_scripted
INFO: [VRFC 10-2263] Analyzing Verilog file "C:/Users/sayed/Desktop/Programing/major project/major-project-/verification/Verification.srcs/sources_1/imports/ver_sankar/LMem1To0_511_circ14_combined_ns_yu_pipelined_scripted_h1.v" into library xil_defaultlib
INFO: [VRFC 10-311] analyzing module LMem1To0_511_circ14_combined_ns_yu_pipelined_scripted
INFO: [VRFC 10-2263] Analyzing Verilog file "C:/Users/sayed/Desktop/Programing/major project/major-project-/decoder_top/LMem1To0_511_circ14_combined_ns_yu_scripted_h1.v" into library xil_defaultlib
INFO: [VRFC 10-311] analyzing module LMem1To0_511_circ14_combined_ns_yu_scripted
INFO: [VRFC 10-2263] Analyzing Verilog file "C:/Users/sayed/Desktop/Programing/major project/major-project-/verification/Verification.srcs/sources_1/imports/ver_sankar/LMem1To0_511_circ15_combined_ns_yu_pipelined_scripted_h1.v" into library xil_defaultlib
INFO: [VRFC 10-311] analyzing module LMem1To0_511_circ15_combined_ns_yu_pipelined_scripted
INFO: [VRFC 10-2263] Analyzing Verilog file "C:/Users/sayed/Desktop/Programing/major project/major-project-/decoder_top/LMem1To0_511_circ15_combined_ns_yu_scripted_h1.v" into library xil_defaultlib
INFO: [VRFC 10-311] analyzing module LMem1To0_511_circ15_combined_ns_yu_scripted
INFO: [VRFC 10-2263] Analyzing Verilog file "C:/Users/sayed/Desktop/Programing/major project/major-project-/verification/Verification.srcs/sources_1/imports/ver_sankar/LMem1To0_511_circ1_combined_ns_yu_pipelined_scripted_h1.v" into library xil_defaultlib
INFO: [VRFC 10-311] analyzing module LMem1To0_511_circ1_combined_ns_yu_pipelined_scripted
INFO: [VRFC 10-2263] Analyzing Verilog file "C:/Users/sayed/Desktop/Programing/major project/major-project-/decoder_top/LMem1To0_511_circ1_combined_ns_yu_scripted_h1.v" into library xil_defaultlib
INFO: [VRFC 10-311] analyzing module LMem1To0_511_circ1_combined_ns_yu_scripted
INFO: [VRFC 10-2263] Analyzing Verilog file "C:/Users/sayed/Desktop/Programing/major project/major-project-/verification/Verification.srcs/sources_1/imports/ver_sankar/LMem1To0_511_circ2_combined_ns_yu_pipelined_scripted_h1.v" into library xil_defaultlib
INFO: [VRFC 10-311] analyzing module LMem1To0_511_circ2_combined_ns_yu_pipelined_scripted
INFO: [VRFC 10-2263] Analyzing Verilog file "C:/Users/sayed/Desktop/Programing/major project/major-project-/decoder_top/LMem1To0_511_circ2_combined_ns_yu_scripted_h1.v" into library xil_defaultlib
INFO: [VRFC 10-311] analyzing module LMem1To0_511_circ2_combined_ns_yu_scripted
INFO: [VRFC 10-2263] Analyzing Verilog file "C:/Users/sayed/Desktop/Programing/major project/major-project-/verification/Verification.srcs/sources_1/imports/ver_sankar/LMem1To0_511_circ3_combined_ns_yu_pipelined_scripted_h1.v" into library xil_defaultlib
INFO: [VRFC 10-311] analyzing module LMem1To0_511_circ3_combined_ns_yu_pipelined_scripted
INFO: [VRFC 10-2263] Analyzing Verilog file "C:/Users/sayed/Desktop/Programing/major project/major-project-/decoder_top/LMem1To0_511_circ3_combined_ns_yu_scripted_h1.v" into library xil_defaultlib
INFO: [VRFC 10-311] analyzing module LMem1To0_511_circ3_combined_ns_yu_scripted
INFO: [VRFC 10-2263] Analyzing Verilog file "C:/Users/sayed/Desktop/Programing/major project/major-project-/verification/Verification.srcs/sources_1/imports/ver_sankar/LMem1To0_511_circ4_combined_ns_yu_pipelined_scripted_h1.v" into library xil_defaultlib
INFO: [VRFC 10-311] analyzing module LMem1To0_511_circ4_combined_ns_yu_pipelined_scripted
INFO: [VRFC 10-2263] Analyzing Verilog file "C:/Users/sayed/Desktop/Programing/major project/major-project-/decoder_top/LMem1To0_511_circ4_combined_ns_yu_scripted_h1.v" into library xil_defaultlib
INFO: [VRFC 10-311] analyzing module LMem1To0_511_circ4_combined_ns_yu_scripted
INFO: [VRFC 10-2263] Analyzing Verilog file "C:/Users/sayed/Desktop/Programing/major project/major-project-/verification/Verification.srcs/sources_1/imports/ver_sankar/LMem1To0_511_circ5_combined_ns_yu_pipelined_scripted_h1.v" into library xil_defaultlib
INFO: [VRFC 10-311] analyzing module LMem1To0_511_circ5_combined_ns_yu_pipelined_scripted
INFO: [VRFC 10-2263] Analyzing Verilog file "C:/Users/sayed/Desktop/Programing/major project/major-project-/decoder_top/LMem1To0_511_circ5_combined_ns_yu_scripted_h1.v" into library xil_defaultlib
INFO: [VRFC 10-311] analyzing module LMem1To0_511_circ5_combined_ns_yu_scripted
INFO: [VRFC 10-2263] Analyzing Verilog file "C:/Users/sayed/Desktop/Programing/major project/major-project-/verification/Verification.srcs/sources_1/imports/ver_sankar/LMem1To0_511_circ6_combined_ns_yu_pipelined_scripted_h1.v" into library xil_defaultlib
INFO: [VRFC 10-311] analyzing module LMem1To0_511_circ6_combined_ns_yu_pipelined_scripted
INFO: [VRFC 10-2263] Analyzing Verilog file "C:/Users/sayed/Desktop/Programing/major project/major-project-/decoder_top/LMem1To0_511_circ6_combined_ns_yu_scripted_h1.v" into library xil_defaultlib
INFO: [VRFC 10-311] analyzing module LMem1To0_511_circ6_combined_ns_yu_scripted
INFO: [VRFC 10-2263] Analyzing Verilog file "C:/Users/sayed/Desktop/Programing/major project/major-project-/verification/Verification.srcs/sources_1/imports/ver_sankar/LMem1To0_511_circ7_combined_ns_yu_pipelined_scripted_h1.v" into library xil_defaultlib
INFO: [VRFC 10-311] analyzing module LMem1To0_511_circ7_combined_ns_yu_pipelined_scripted
INFO: [VRFC 10-2263] Analyzing Verilog file "C:/Users/sayed/Desktop/Programing/major project/major-project-/decoder_top/LMem1To0_511_circ7_combined_ns_yu_scripted_h1.v" into library xil_defaultlib
INFO: [VRFC 10-311] analyzing module LMem1To0_511_circ7_combined_ns_yu_scripted
INFO: [VRFC 10-2263] Analyzing Verilog file "C:/Users/sayed/Desktop/Programing/major project/major-project-/verification/Verification.srcs/sources_1/imports/ver_sankar/LMem1To0_511_circ8_combined_ns_yu_pipelined_scripted_h1.v" into library xil_defaultlib
INFO: [VRFC 10-311] analyzing module LMem1To0_511_circ8_combined_ns_yu_pipelined_scripted
INFO: [VRFC 10-2263] Analyzing Verilog file "C:/Users/sayed/Desktop/Programing/major project/major-project-/decoder_top/LMem1To0_511_circ8_combined_ns_yu_scripted_h1.v" into library xil_defaultlib
INFO: [VRFC 10-311] analyzing module LMem1To0_511_circ8_combined_ns_yu_scripted
INFO: [VRFC 10-2263] Analyzing Verilog file "C:/Users/sayed/Desktop/Programing/major project/major-project-/verification/Verification.srcs/sources_1/imports/ver_sankar/LMem1To0_511_circ9_combined_ns_yu_pipelined_scripted_h1.v" into library xil_defaultlib
INFO: [VRFC 10-311] analyzing module LMem1To0_511_circ9_combined_ns_yu_pipelined_scripted
INFO: [VRFC 10-2263] Analyzing Verilog file "C:/Users/sayed/Desktop/Programing/major project/major-project-/decoder_top/LMem1To0_511_circ9_combined_ns_yu_scripted_h1.v" into library xil_defaultlib
INFO: [VRFC 10-311] analyzing module LMem1To0_511_circ9_combined_ns_yu_scripted
INFO: [VRFC 10-2263] Analyzing Verilog file "C:/Users/sayed/Desktop/Programing/major project/major-project-/decoder_top/Lmem_SRQtype_combined_ns_reginout2pipe.v" into library xil_defaultlib
INFO: [VRFC 10-311] analyzing module Lmem_SRQtype_combined_ns_reginout2pipe
INFO: [VRFC 10-2263] Analyzing Verilog file "C:/Users/sayed/Desktop/Programing/major project/major-project-/verification/Verification.srcs/sources_1/imports/ver_sankar/Lmem_SRQtype_combined_ns_reginout_pipeV1.v" into library xil_defaultlib
INFO: [VRFC 10-311] analyzing module Lmem_SRQtype_combined_ns_reginout_pipeV1
INFO: [VRFC 10-2263] Analyzing Verilog file "C:/Users/sayed/Desktop/Programing/major project/major-project-/decoder_top/NormaliseWc.v" into library xil_defaultlib
INFO: [VRFC 10-311] analyzing module NormaliserWc
INFO: [VRFC 10-2263] Analyzing Verilog file "C:/Users/sayed/Desktop/Programing/major project/major-project-/decoder_top/NormaliserW.v" into library xil_defaultlib
INFO: [VRFC 10-311] analyzing module normaliserW
INFO: [VRFC 10-2263] Analyzing Verilog file "C:/Users/sayed/Desktop/Programing/major project/major-project-/decoder_top/SISO_LMEM_pipelined.v" into library xil_defaultlib
INFO: [VRFC 10-311] analyzing module SISO_rowunit_pipe
INFO: [VRFC 10-2263] Analyzing Verilog file "C:/Users/sayed/Desktop/Programing/major project/major-project-/decoder_top/Subtractor_pipelined.v" into library xil_defaultlib
INFO: [VRFC 10-311] analyzing module subtractor_32
INFO: [VRFC 10-2263] Analyzing Verilog file "C:/Users/sayed/Desktop/Programing/major project/major-project-/decoder_top/adderW2.v" into library xil_defaultlib
INFO: [VRFC 10-311] analyzing module adderW2
INFO: [VRFC 10-2263] Analyzing Verilog file "C:/Users/sayed/Desktop/Programing/major project/major-project-/decoder_top/controller_pipe.v" into library xil_defaultlib
INFO: [VRFC 10-311] analyzing module ne_AddrGenFSM_pipe
INFO: [VRFC 10-2263] Analyzing Verilog file "C:/Users/sayed/Desktop/Programing/major project/major-project-/decoder_top/emsggen.v" into library xil_defaultlib
INFO: [VRFC 10-311] analyzing module emsggen
INFO: [VRFC 10-2263] Analyzing Verilog file "C:/Users/sayed/Desktop/Programing/major project/major-project-/decoder_top/m16VG.v" into library xil_defaultlib
INFO: [VRFC 10-311] analyzing module m16VG_pipelined
INFO: [VRFC 10-2263] Analyzing Verilog file "C:/Users/sayed/Desktop/Programing/major project/major-project-/decoder_top/m2VG_pipelined_2.v" into library xil_defaultlib
INFO: [VRFC 10-311] analyzing module m2VG_pipelined_2
INFO: [VRFC 10-2263] Analyzing Verilog file "C:/Users/sayed/Desktop/Programing/major project/major-project-/decoder_top/m32VG.v" into library xil_defaultlib
INFO: [VRFC 10-311] analyzing module m32VG_pipelined
INFO: [VRFC 10-2263] Analyzing Verilog file "C:/Users/sayed/Desktop/Programing/major project/major-project-/decoder_top/m4VG.v" into library xil_defaultlib
INFO: [VRFC 10-311] analyzing module m4VG_pipelined
INFO: [VRFC 10-2263] Analyzing Verilog file "C:/Users/sayed/Desktop/Programing/major project/major-project-/decoder_top/m8VG.v" into library xil_defaultlib
INFO: [VRFC 10-311] analyzing module m8VG_pipelined
INFO: [VRFC 10-2263] Analyzing Verilog file "C:/Users/sayed/Desktop/Programing/major project/major-project-/decoder_top/ne_rowcomputer_SRQ_p26.v" into library xil_defaultlib
INFO: [VRFC 10-311] analyzing module ne_rowcomputer_SRQ_p26
INFO: [VRFC 10-2458] undeclared symbol wraddress, assumed default net type wire [C:/Users/sayed/Desktop/Programing/major project/major-project-/decoder_top/ne_rowcomputer_SRQ_p26.v:158]
INFO: [VRFC 10-2263] Analyzing Verilog file "C:/Users/sayed/Desktop/Programing/major project/major-project-/decoder_top/recovunit_dp.v" into library xil_defaultlib
INFO: [VRFC 10-311] analyzing module recovunit_ne
INFO: [VRFC 10-2263] Analyzing Verilog file "C:/Users/sayed/Desktop/Programing/major project/major-project-/decoder_top/subtract_2.v" into library xil_defaultlib
INFO: [VRFC 10-311] analyzing module subtract_2
INFO: [VRFC 10-2263] Analyzing Verilog file "C:/Users/sayed/Desktop/Programing/major project/major-project-/decoder_top/subtractor_32.v" into library xil_defaultlib
INFO: [VRFC 10-311] analyzing module subtractor_32_d
INFO: [VRFC 10-2263] Analyzing Verilog file "C:/Users/sayed/Desktop/Programing/major project/major-project-/verification/Verification.srcs/sources_1/new/tb_full_decoder.v" into library xil_defaultlib
INFO: [VRFC 10-311] analyzing module tb_full_decoder
