Vivado Simulator 2019.1
Time resolution is 1 ps
ERROR: Illegal binary digit 'F' found in data of file "C:\Users\sayed\Desktop\Programing\major project\major-project-\verification\ne_decoder_verif\outputs\L_in_iter1_ly1.txt"
 clk           1 : (   x  0 

 Into RCU L_in xxxxxxxxxxxxxxxxxxxxxxxxxxxxxxxxxxxxxxxxxxxxxxxxxxxxxxxxxxxxxxxxxxxxxxxxxxxxxxxxxxxxxxxxxxxxxxxxxxxxxxxxxxxxxxxxxxxxxxxxxxxxxxxxxxxxxxxxxxxxxxxxxxxxxxxxxxxxxxxxxxxxxxxxxxxxxxxxxxxxxxxxxxxxxxxx
 RCU L_in after one FF xxxxxxxxxxxxxxxxxxxxxxxxxxxxxxxxxxxxxxxxxxxxxxxxxxxxxxxxxxxxxxxxxxxxxxxxxxxxxxxxxxxxxxxxxxxxxxxxxxxxxxxxxxxxxxxxxxxxxxxxxxxxxxxxxxxxxxxxxxxxxxxxxxxxxxxxxxxxxxxxxxxxxxxxxxxxxxxxxxxxxxxxxxxxxxxx
 RCU SUB_OUT xxxxxxxxxxxxxxxxxxxxxxxxxxxxxxxxxxxxxxxxxxxxxxxxxxxxxxxxxxxxxxxxxxxxxxxxxxxxxxxxxxxxxxxxxxxxxxxxxxxxxxxxxxxxxxxxxxxxxxxxxxxxxxxxxxxxxxxxxxxxxxxxxxxxxxxxxxxxxxxxxxxxxxxxxxxxxxxxxxxxxxxxxxxxxxxx
 RCU SUB_OUT_REG[6] xxxxxxxxxxxxxxxxxxxxxxxxxxxxxxxxxxxxxxxxxxxxxxxxxxxxxxxxxxxxxxxxxxxxxxxxxxxxxxxxxxxxxxxxxxxxxxxxxxxxxxxxxxxxxxxxxxxxxxxxxxxxxxxxxxxxxxxxxxxxxxxxxxxxxxxxxxxxxxxxxxxxxxxxxxxxxxxxxxxxxxxxxxxxxxxx
 updLLROut xxxxxxxxxxxxxxxxxxxxxxxxxxxxxxxxxxxxxxxxxxxxxxxxxxxxxxxxxxxxxxxxxxxxxxxxxxxxxxxxxxxxxxxxxxxxxxxxxxxxxxxxxxxxxxxxxxxxxxxxxxxxxxxxxxxxxxxxxxxxxxxxxxxxxxxxxxxxxxxxxxxxxxxxxxxxxxxxxxxxxxxxxxxxxxxx
 from RCU xxxxxxxxxxxxxxxxxxxxxxxxxxxxxxxxxxxxxxxxxxxxxxxxxxxxxxxxxxxxxxxxxxxxxxxxxxxxxxxxxxxxxxxxxxxxxxxxxxxxxxxxxxxxxxxxxxxxxxxxxxxxxxxxxxxxxxxxxxxxxxxxxxxxxxxxxxxxxxxxxxxxxxxxxxxxxxxxxxxxxxxxxxxxxxxx
 from txt 001000000000000000000000000000000000001000000000001000000000000000000000000000001000001000000000000000001000000000000000001000000000001000001000000000001000001000000000001000000000001000000000
 clk           2 : (   0  0 

 Into RCU L_in 000000000000000000000000000000000000000000000000000000000000000000000000000000000000000000000000000000000000000000000000000000000000000000000000000000000000000000000000000000000000000000000000
 RCU L_in after one FF 000000000000000000000000000000000000000000000000000000000000000000000000000000000000000000000000000000000000000000000000000000000000000000000000000000000000000000000000000000000000000000000000
 RCU SUB_OUT 000000000000000000000000000000000000000000000000000000000000000000000000000000000000000000000000000000000000000000000000000000000000000000000000000000000000000000000000000000000000000000000000
 RCU SUB_OUT_REG[6] 000000000000000000000000000000000000000000000000000000000000000000000000000000000000000000000000000000000000000000000000000000000000000000000000000000000000000000000000000000000000000000000000
 updLLROut 000000000000000000000000000000000000000000000000000000000000000000000000000000000000000000000000000000000000000000000000000000000000000000000000000000000000000000000000000000000000000000000000
 from RCU 000000000000000000000000000000000000000000000000000000000000000000000000000000000000000000000000000000000000000000000000000000000000000000000000000000000000000000000000000000000000000000000000
 from txt 001000000000000000000000000000000000001000000000001000000000000000000000000000001000001000000000000000001000000000000000001000000000001000001000000000001000001000000000001000000000001000000000
 clk           3 : (   0  0 

 Into RCU L_in 000100111100111100111100111100111100000100111100000100111100111100111100111100000100000100111100111100000100111100111100000100111100000100000100111100000100000100111100000100111100000100111100
 RCU L_in after one FF 000000000000000000000000000000000000000000000000000000000000000000000000000000000000000000000000000000000000000000000000000000000000000000000000000000000000000000000000000000000000000000000000
 RCU SUB_OUT 000000000000000000000000000000000000000000000000000000000000000000000000000000000000000000000000000000000000000000000000000000000000000000000000000000000000000000000000000000000000000000000000
 RCU SUB_OUT_REG[6] 000000000000000000000000000000000000000000000000000000000000000000000000000000000000000000000000000000000000000000000000000000000000000000000000000000000000000000000000000000000000000000000000
 updLLROut 000000000000000000000000000000000000000000000000000000000000000000000000000000000000000000000000000000000000000000000000000000000000000000000000000000000000000000000000000000000000000000000000
 from RCU 000000000000000000000000000000000000000000000000000000000000000000000000000000000000000000000000000000000000000000000000000000000000000000000000000000000000000000000000000000000000000000000000
 from txt 001000000000000000000000000000000000001000000000001000000000000000000000000000001000001000000000000000001000000000000000001000000000001000001000000000001000001000000000001000000000001000000000
 clk           4 : (   0  0 

 Into RCU L_in 000100111100111100111100111100111100000100111100000100111100111100111100111100000100000100111100111100000100111100111100000100111100000100000100111100000100000100111100000100111100000100111100
 RCU L_in after one FF 000100111100111100111100111100111100000100111100000100111100111100111100111100000100000100111100111100000100111100111100000100111100000100000100111100000100000100111100000100111100000100111100
 RCU SUB_OUT 000000000000000000000000000000000000000000000000000000000000000000000000000000000000000000000000000000000000000000000000000000000000000000000000000000000000000000000000000000000000000000000000
 RCU SUB_OUT_REG[6] 000000000000000000000000000000000000000000000000000000000000000000000000000000000000000000000000000000000000000000000000000000000000000000000000000000000000000000000000000000000000000000000000
 updLLROut 000000000000000000000000000000000000000000000000000000000000000000000000000000000000000000000000000000000000000000000000000000000000000000000000000000000000000000000000000000000000000000000000
 from RCU 000000000000000000000000000000000000000000000000000000000000000000000000000000000000000000000000000000000000000000000000000000000000000000000000000000000000000000000000000000000000000000000000
 from txt 001000000000000000000000000000000000001000000000001000000000000000000000000000001000001000000000000000001000000000000000001000000000001000001000000000001000001000000000001000000000001000000000
 clk           5 : (   0  0 

 Into RCU L_in 000100111100111100111100111100111100000100111100000100111100111100111100111100000100000100111100111100000100111100111100000100111100000100000100111100000100000100111100000100111100000100111100
 RCU L_in after one FF 000100111100111100111100111100111100000100111100000100111100111100111100111100000100000100111100111100000100111100111100000100111100000100000100111100000100000100111100000100111100000100111100
 RCU SUB_OUT 000100111100111100111100111100111100000100111100000100111100111100111100111100000100000100111100111100000100111100111100000100111100000100000100111100000100000100111100000100111100000100111100
 RCU SUB_OUT_REG[6] 000000000000000000000000000000000000000000000000000000000000000000000000000000000000000000000000000000000000000000000000000000000000000000000000000000000000000000000000000000000000000000000000
 updLLROut 000000000000000000000000000000000000000000000000000000000000000000000000000000000000000000000000000000000000000000000000000000000000000000000000000000000000000000000000000000000000000000000000
 from RCU 000000000000000000000000000000000000000000000000000000000000000000000000000000000000000000000000000000000000000000000000000000000000000000000000000000000000000000000000000000000000000000000000
 from txt 001000000000000000000000000000000000001000000000001000000000000000000000000000001000001000000000000000001000000000000000001000000000001000001000000000001000001000000000001000000000001000000000
 clk           6 : (   0  0 

 Into RCU L_in 000100111100111100111100111100111100000100111100000100111100111100111100111100000100000100111100111100000100111100111100000100111100000100000100111100000100000100111100000100111100000100111100
 RCU L_in after one FF 000100111100111100111100111100111100000100111100000100111100111100111100111100000100000100111100111100000100111100111100000100111100000100000100111100000100000100111100000100111100000100111100
 RCU SUB_OUT 000100111100111100111100111100111100000100111100000100111100111100111100111100000100000100111100111100000100111100111100000100111100000100000100111100000100000100111100000100111100000100111100
 RCU SUB_OUT_REG[6] 000000000000000000000000000000000000000000000000000000000000000000000000000000000000000000000000000000000000000000000000000000000000000000000000000000000000000000000000000000000000000000000000
 updLLROut 000000000000000000000000000000000000000000000000000000000000000000000000000000000000000000000000000000000000000000000000000000000000000000000000000000000000000000000000000000000000000000000000
 from RCU 000000000000000000000000000000000000000000000000000000000000000000000000000000000000000000000000000000000000000000000000000000000000000000000000000000000000000000000000000000000000000000000000
 from txt 001000000000000000000000000000000000001000000000001000000000000000000000000000001000001000000000000000001000000000000000001000000000001000001000000000001000001000000000001000000000001000000000
 clk           7 : (   0  0 

 Into RCU L_in 000100111100111100111100111100111100000100111100000100111100111100111100111100000100000100111100111100000100111100111100000100111100000100000100111100000100000100111100000100111100000100111100
 RCU L_in after one FF 000100111100111100111100111100111100000100111100000100111100111100111100111100000100000100111100111100000100111100111100000100111100000100000100111100000100000100111100000100111100000100111100
 RCU SUB_OUT 000100111100111100111100111100111100000100111100000100111100111100111100111100000100000100111100111100000100111100111100000100111100000100000100111100000100000100111100000100111100000100111100
 RCU SUB_OUT_REG[6] 000000000000000000000000000000000000000000000000000000000000000000000000000000000000000000000000000000000000000000000000000000000000000000000000000000000000000000000000000000000000000000000000
 updLLROut 000000000000000000000000000000000000000000000000000000000000000000000000000000000000000000000000000000000000000000000000000000000000000000000000000000000000000000000000000000000000000000000000
 from RCU 000000000000000000000000000000000000000000000000000000000000000000000000000000000000000000000000000000000000000000000000000000000000000000000000000000000000000000000000000000000000000000000000
 from txt 001000000000000000000000000000000000001000000000001000000000000000000000000000001000001000000000000000001000000000000000001000000000001000001000000000001000001000000000001000000000001000000000
 clk           8 : (   0  0 

 Into RCU L_in 000100111100111100111100111100111100000100111100000100111100111100111100111100000100000100111100111100000100111100111100000100111100000100000100111100000100000100111100000100111100000100111100
 RCU L_in after one FF 000100111100111100111100111100111100000100111100000100111100111100111100111100000100000100111100111100000100111100111100000100111100000100000100111100000100000100111100000100111100000100111100
 RCU SUB_OUT 000100111100111100111100111100111100000100111100000100111100111100111100111100000100000100111100111100000100111100111100000100111100000100000100111100000100000100111100000100111100000100111100
 RCU SUB_OUT_REG[6] 000000000000000000000000000000000000000000000000000000000000000000000000000000000000000000000000000000000000000000000000000000000000000000000000000000000000000000000000000000000000000000000000
 updLLROut 000000000000000000000000000000000000000000000000000000000000000000000000000000000000000000000000000000000000000000000000000000000000000000000000000000000000000000000000000000000000000000000000
 from RCU 000000000000000000000000000000000000000000000000000000000000000000000000000000000000000000000000000000000000000000000000000000000000000000000000000000000000000000000000000000000000000000000000
 from txt 001000000000000000000000000000000000001000000000001000000000000000000000000000001000001000000000000000001000000000000000001000000000001000001000000000001000001000000000001000000000001000000000
 clk           9 : (   0  0 

 Into RCU L_in 000100111100111100111100111100111100000100111100000100111100111100111100111100000100000100111100111100000100111100111100000100111100000100000100111100000100000100111100000100111100000100111100
 RCU L_in after one FF 000100111100111100111100111100111100000100111100000100111100111100111100111100000100000100111100111100000100111100111100000100111100000100000100111100000100000100111100000100111100000100111100
 RCU SUB_OUT 000100111100111100111100111100111100000100111100000100111100111100111100111100000100000100111100111100000100111100111100000100111100000100000100111100000100000100111100000100111100000100111100
 RCU SUB_OUT_REG[6] 000000000000000000000000000000000000000000000000000000000000000000000000000000000000000000000000000000000000000000000000000000000000000000000000000000000000000000000000000000000000000000000000
 updLLROut 000000000000000000000000000000000000000000000000000000000000000000000000000000000000000000000000000000000000000000000000000000000000000000000000000000000000000000000000000000000000000000000000
 from RCU 000000000000000000000000000000000000000000000000000000000000000000000000000000000000000000000000000000000000000000000000000000000000000000000000000000000000000000000000000000000000000000000000
 from txt 001000000000000000000000000000000000001000000000001000000000000000000000000000001000001000000000000000001000000000000000001000000000001000001000000000001000001000000000001000000000001000000000
 clk          10 : (   0  0 

 Into RCU L_in 000100111100111100111100111100111100000100111100000100111100111100111100111100000100000100111100111100000100111100111100000100111100000100000100111100000100000100111100000100111100000100111100
 RCU L_in after one FF 000100111100111100111100111100111100000100111100000100111100111100111100111100000100000100111100111100000100111100111100000100111100000100000100111100000100000100111100000100111100000100111100
 RCU SUB_OUT 000100111100111100111100111100111100000100111100000100111100111100111100111100000100000100111100111100000100111100111100000100111100000100000100111100000100000100111100000100111100000100111100
 RCU SUB_OUT_REG[6] 000000000000000000000000000000000000000000000000000000000000000000000000000000000000000000000000000000000000000000000000000000000000000000000000000000000000000000000000000000000000000000000000
 updLLROut 000000000000000000000000000000000000000000000000000000000000000000000000000000000000000000000000000000000000000000000000000000000000000000000000000000000000000000000000000000000000000000000000
 from RCU 000000000000000000000000000000000000000000000000000000000000000000000000000000000000000000000000000000000000000000000000000000000000000000000000000000000000000000000000000000000000000000000000
 from txt 001000000000000000000000000000000000001000000000001000000000000000000000000000001000001000000000000000001000000000000000001000000000001000001000000000001000001000000000001000000000001000000000
 clk          11 : (   0  0 

 Into RCU L_in 000100111100111100111100111100111100000100111100000100111100111100111100111100000100000100111100111100000100111100111100000100111100000100000100111100000100000100111100000100111100000100111100
 RCU L_in after one FF 000100111100111100111100111100111100000100111100000100111100111100111100111100000100000100111100111100000100111100111100000100111100000100000100111100000100000100111100000100111100000100111100
 RCU SUB_OUT 000100111100111100111100111100111100000100111100000100111100111100111100111100000100000100111100111100000100111100111100000100111100000100000100111100000100000100111100000100111100000100111100
 RCU SUB_OUT_REG[6] 000000000000000000000000000000000000000000000000000000000000000000000000000000000000000000000000000000000000000000000000000000000000000000000000000000000000000000000000000000000000000000000000
 updLLROut 000000000000000000000000000000000000000000000000000000000000000000000000000000000000000000000000000000000000000000000000000000000000000000000000000000000000000000000000000000000000000000000000
 from RCU 000000000000000000000000000000000000000000000000000000000000000000000000000000000000000000000000000000000000000000000000000000000000000000000000000000000000000000000000000000000000000000000000
 from txt 001000000000000000000000000000000000001000000000001000000000000000000000000000001000001000000000000000001000000000000000001000000000001000001000000000001000001000000000001000000000001000000000
 clk          12 : (   0  0 

 Into RCU L_in 000100111100111100111100111100111100000100111100000100111100111100111100111100000100000100111100111100000100111100111100000100111100000100000100111100000100000100111100000100111100000100111100
 RCU L_in after one FF 000100111100111100111100111100111100000100111100000100111100111100111100111100000100000100111100111100000100111100111100000100111100000100000100111100000100000100111100000100111100000100111100
 RCU SUB_OUT 000100111100111100111100111100111100000100111100000100111100111100111100111100000100000100111100111100000100111100111100000100111100000100000100111100000100000100111100000100111100000100111100
 RCU SUB_OUT_REG[6] 000100111100111100111100111100111100000100111100000100111100111100111100111100000100000100111100111100000100111100111100000100111100000100000100111100000100000100111100000100111100000100111100
 updLLROut 111101000011000011000011000011000011111101000011111101000011000011000011000011111101111101000011000011111101000011000011111101000011111101111101000011111101111101000011111101000011111101000011
 from RCU 000000000000000000000000000000000000000000000000000000000000000000000000000000000000000000000000000000000000000000000000000000000000000000000000000000000000000000000000000000000000000000000000
 from txt 001000000000000000000000000000000000001000000000001000000000000000000000000000001000001000000000000000001000000000000000001000000000001000001000000000001000001000000000001000000000001000000000
 clk          13 : (   0  0 

 Into RCU L_in 000100111100111100111100111100111100000100111100000100111100111100111100111100000100000100111100111100000100111100111100000100111100000100000100111100000100000100111100000100111100000100111100
 RCU L_in after one FF 000100111100111100111100111100111100000100111100000100111100111100111100111100000100000100111100111100000100111100111100000100111100000100000100111100000100000100111100000100111100000100111100
 RCU SUB_OUT 000100111100111100111100111100111100000100111100000100111100111100111100111100000100000100111100111100000100111100111100000100111100000100000100111100000100000100111100000100111100000100111100
 RCU SUB_OUT_REG[6] 000100111100111100111100111100111100000100111100000100111100111100111100111100000100000100111100111100000100111100111100000100111100000100000100111100000100000100111100000100111100000100111100
 updLLROut 000001111111111111111111111111111111000001111111000001111111111111111111111111000001000001111111111111000001111111111111000001111111000001000001111111000001000001111111000001111111000001111111
 from RCU 000000000000000000000000000000000000000000000000000000000000000000000000000000000000000000000000000000000000000000000000000000000000000000000000000000000000000000000000000000000000000000000000
 from txt 001000000000000000000000000000000000001000000000001000000000000000000000000000001000001000000000000000001000000000000000001000000000001000001000000000001000001000000000001000000000001000000000
 clk          14 : (   0  0 

 Into RCU L_in 000100111100111100111100111100111100000100111100000100111100111100111100111100000100000100111100111100000100111100111100000100111100000100000100111100000100000100111100000100111100000100111100
 RCU L_in after one FF 000100111100111100111100111100111100000100111100000100111100111100111100111100000100000100111100111100000100111100111100000100111100000100000100111100000100000100111100000100111100000100111100
 RCU SUB_OUT 000100111100111100111100111100111100000100111100000100111100111100111100111100000100000100111100111100000100111100111100000100111100000100000100111100000100000100111100000100111100000100111100
 RCU SUB_OUT_REG[6] 000100111100111100111100111100111100000100111100000100111100111100111100111100000100000100111100111100000100111100111100000100111100000100000100111100000100000100111100000100111100000100111100
 updLLROut 000001111111111111111111111111111111000001111111000001111111111111111111111111000001000001111111111111000001111111111111000001111111000001000001111111000001000001111111000001111111000001111111
 from RCU 000000000000000000000000000000000000000000000000000000000000000000000000000000000000000000000000000000000000000000000000000000000000000000000000000000000000000000000000000000000000000000000000
 from txt 001000000000000000000000000000000000001000000000001000000000000000000000000000001000001000000000000000001000000000000000001000000000001000001000000000001000001000000000001000000000001000000000
 clk          15 : (   0  0 

 Into RCU L_in 000100111100111100111100111100111100000100111100000100111100111100111100111100000100000100111100111100000100111100111100000100111100000100000100111100000100000100111100000100111100000100111100
 RCU L_in after one FF 000100111100111100111100111100111100000100111100000100111100111100111100111100000100000100111100111100000100111100111100000100111100000100000100111100000100000100111100000100111100000100111100
 RCU SUB_OUT 000100111100111100111100111100111100000100111100000100111100111100111100111100000100000100111100111100000100111100111100000100111100000100000100111100000100000100111100000100111100000100111100
 RCU SUB_OUT_REG[6] 000100111100111100111100111100111100000100111100000100111100111100111100111100000100000100111100111100000100111100111100000100111100000100000100111100000100000100111100000100111100000100111100
 updLLROut 000001111111111111111111111111111111000001111111000001111111111111111111111111000001000001111111111111000001111111111111000001111111000001000001111111000001000001111111000001111111000001111111
 from RCU 000000000000000000000000000000000000000000000000000000000000000000000000000000000000000000000000000000000000000000000000000000000000000000000000000000000000000000000000000000000000000000000000
 from txt 001000000000000000000000000000000000001000000000001000000000000000000000000000001000001000000000000000001000000000000000001000000000001000001000000000001000001000000000001000000000001000000000
 clk          16 : (  63  0 

 Into RCU L_in 000100111100111100111100111100111100000100111100000100111100111100111100111100000100000100111100111100000100111100111100000100111100000100000100111100000100000100111100000100111100000100111100
 RCU L_in after one FF 000100111100111100111100111100111100000100111100000100111100111100111100111100000100000100111100111100000100111100111100000100111100000100000100111100000100000100111100000100111100000100111100
 RCU SUB_OUT 000111111001111001111001111001111001000111111001000111111001111001111001111001000111000111111001111001000111111001111001000111111001000111000111111001000111000111111001000111111001000111111001
 RCU SUB_OUT_REG[6] 000100111100111100111100111100111100000100111100000100111100111100111100111100000100000100111100111100000100111100111100000100111100000100000100111100000100000100111100000100111100000100111100
 updLLROut 000001111111111111111111111111111111000001111111000001111111111111111111111111000001000001111111111111000001111111111111000001111111000001000001111111000001000001111111000001111111000001111111
 from RCU 000001111111111111111111111111111111000001111111000001111111111111111111111111000001000001111111111111000001111111111111000001111111000001000001111111000001000001111111000001111111000001111111
 from txt 001000000000000000000000000000000000001000000000001000000000000000000000000000001000001000000000000000001000000000000000001000000000001000001000000000001000001000000000001000000000001000000000
 clk          17 : (  63  0 

 Into RCU L_in 000100111100111100111100111100111100000100111100000100111100111100111100111100000100000100111100111100000100111100111100000100111100000100000100111100000100000100111100000100111100000100111100
 RCU L_in after one FF 000100111100111100111100111100111100000100111100000100111100111100111100111100000100000100111100111100000100111100111100000100111100000100000100111100000100000100111100000100111100000100111100
 RCU SUB_OUT 000111111001111001111001111001111001000111111001000111111001111001111001111001000111000111111001111001000111111001111001000111111001000111000111111001000111000111111001000111111001000111111001
 RCU SUB_OUT_REG[6] 000100111100111100111100111100111100000100111100000100111100111100111100111100000100000100111100111100000100111100111100000100111100000100000100111100000100000100111100000100111100000100111100
 updLLROut 000001111111111111111111111111111111000001111111000001111111111111111111111111000001000001111111111111000001111111111111000001111111000001000001111111000001000001111111000001111111000001111111
 from RCU 000001111111111111111111111111111111000001111111000001111111111111111111111111000001000001111111111111000001111111111111000001111111000001000001111111000001000001111111000001111111000001111111
 from txt 001000000000000000000000000000000000001000000000001000000000000000000000000000001000001000000000000000001000000000000000001000000000001000001000000000001000001000000000001000000000001000000000
 clk          18 : (  63  0 

 Into RCU L_in 000100111100111100111100111100111100000100111100000100111100111100111100111100000100000100111100111100000100111100111100000100111100000100000100111100000100000100111100000100111100000100111100
 RCU L_in after one FF 000100111100111100111100111100111100000100111100000100111100111100111100111100000100000100111100111100000100111100111100000100111100000100000100111100000100000100111100000100111100000100111100
 RCU SUB_OUT 000111111001111001111001111001111001000111111001000111111001111001111001111001000111000111111001111001000111111001111001000111111001000111000111111001000111000111111001000111111001000111111001
 RCU SUB_OUT_REG[6] 000100111100111100111100111100111100000100111100000100111100111100111100111100000100000100111100111100000100111100111100000100111100000100000100111100000100000100111100000100111100000100111100
 updLLROut 000001111111111111111111111111111111000001111111000001111111111111111111111111000001000001111111111111000001111111111111000001111111000001000001111111000001000001111111000001111111000001111111
 from RCU 000001111111111111111111111111111111000001111111000001111111111111111111111111000001000001111111111111000001111111111111000001111111000001000001111111000001000001111111000001111111000001111111
 from txt 001000000000000000000000000000000000001000000000001000000000000000000000000000001000001000000000000000001000000000000000001000000000001000001000000000001000001000000000001000000000001000000000
 clk          19 : (  63  0 

 Into RCU L_in 000100111100111100111100111100111100000100111100000100111100111100111100111100000100000100111100111100000100111100111100000100111100000100000100111100000100000100111100000100111100000100111100
 RCU L_in after one FF 000100111100111100111100111100111100000100111100000100111100111100111100111100000100000100111100111100000100111100111100000100111100000100000100111100000100000100111100000100111100000100111100
 RCU SUB_OUT 000111111001111001111001111001111001000111111001000111111001111001111001111001000111000111111001111001000111111001111001000111111001000111000111111001000111000111111001000111111001000111111001
 RCU SUB_OUT_REG[6] 000100111100111100111100111100111100000100111100000100111100111100111100111100000100000100111100111100000100111100111100000100111100000100000100111100000100000100111100000100111100000100111100
 updLLROut 000001111111111111111111111111111111000001111111000001111111111111111111111111000001000001111111111111000001111111111111000001111111000001000001111111000001000001111111000001111111000001111111
 from RCU 000001111111111111111111111111111111000001111111000001111111111111111111111111000001000001111111111111000001111111111111000001111111000001000001111111000001000001111111000001111111000001111111
 from txt 001000000000000000000000000000000000001000000000001000000000000000000000000000001000001000000000000000001000000000000000001000000000001000001000000000001000001000000000001000000000001000000000
 clk          20 : (  63  0 

 Into RCU L_in 000100111100111100111100111100111100000100111100000100111100111100111100111100000100000100111100111100000100111100111100000100111100000100000100111100000100000100111100000100111100000100111100
 RCU L_in after one FF 000100111100111100111100111100111100000100111100000100111100111100111100111100000100000100111100111100000100111100111100000100111100000100000100111100000100000100111100000100111100000100111100
 RCU SUB_OUT 000111111001111001111001111001111001000111111001000111111001111001111001111001000111000111111001111001000111111001111001000111111001000111000111111001000111000111111001000111111001000111111001
 RCU SUB_OUT_REG[6] 000100111100111100111100111100111100000100111100000100111100111100111100111100000100000100111100111100000100111100111100000100111100000100000100111100000100000100111100000100111100000100111100
 updLLROut 000001111111111111111111111111111111000001111111000001111111111111111111111111000001000001111111111111000001111111111111000001111111000001000001111111000001000001111111000001111111000001111111
 from RCU 000001111111111111111111111111111111000001111111000001111111111111111111111111000001000001111111111111000001111111111111000001111111000001000001111111000001000001111111000001111111000001111111
 from txt 001000000000000000000000000000000000001000000000001000000000000000000000000000001000001000000000000000001000000000000000001000000000001000001000000000001000001000000000001000000000001000000000
 clk          21 : (  63  0 

 Into RCU L_in 000100111100111100111100111100111100000100111100000100111100111100111100111100000100000100111100111100000100111100111100000100111100000100000100111100000100000100111100000100111100000100111100
 RCU L_in after one FF 000100111100111100111100111100111100000100111100000100111100111100111100111100000100000100111100111100000100111100111100000100111100000100000100111100000100000100111100000100111100000100111100
 RCU SUB_OUT 000111111001111001111001111001111001000111111001000111111001111001111001111001000111000111111001111001000111111001111001000111111001000111000111111001000111000111111001000111111001000111111001
 RCU SUB_OUT_REG[6] 000100111100111100111100111100111100000100111100000100111100111100111100111100000100000100111100111100000100111100111100000100111100000100000100111100000100000100111100000100111100000100111100
 updLLROut 000001111111111111111111111111111111000001111111000001111111111111111111111111000001000001111111111111000001111111111111000001111111000001000001111111000001000001111111000001111111000001111111
 from RCU 000001111111111111111111111111111111000001111111000001111111111111111111111111000001000001111111111111000001111111111111000001111111000001000001111111000001000001111111000001111111000001111111
 from txt 001000000000000000000000000000000000001000000000001000000000000000000000000000001000001000000000000000001000000000000000001000000000001000001000000000001000001000000000001000000000001000000000
 clk          22 : (  63  0 

 Into RCU L_in 000100111100111100111100111100111100000100111100000100111100111100111100111100000100000100111100111100000100111100111100000100111100000100000100111100000100000100111100000100111100000100111100
 RCU L_in after one FF 000100111100111100111100111100111100000100111100000100111100111100111100111100000100000100111100111100000100111100111100000100111100000100000100111100000100000100111100000100111100000100111100
 RCU SUB_OUT 000111111001111001111001111001111001000111111001000111111001111001111001111001000111000111111001111001000111111001111001000111111001000111000111111001000111000111111001000111111001000111111001
 RCU SUB_OUT_REG[6] 000100111100111100111100111100111100000100111100000100111100111100111100111100000100000100111100111100000100111100111100000100111100000100000100111100000100000100111100000100111100000100111100
 updLLROut 000001111111111111111111111111111111000001111111000001111111111111111111111111000001000001111111111111000001111111111111000001111111000001000001111111000001000001111111000001111111000001111111
 from RCU 000001111111111111111111111111111111000001111111000001111111111111111111111111000001000001111111111111000001111111111111000001111111000001000001111111000001000001111111000001111111000001111111
 from txt 001000000000000000000000000000000000001000000000001000000000000000000000000000001000001000000000000000001000000000000000001000000000001000001000000000001000001000000000001000000000001000000000
 clk          23 : (  63  0 

 Into RCU L_in 000100111100111100111100111100111100000100111100000100111100111100111100111100000100000100111100111100000100111100111100000100111100000100000100111100000100000100111100000100111100000100111100
 RCU L_in after one FF 000100111100111100111100111100111100000100111100000100111100111100111100111100000100000100111100111100000100111100111100000100111100000100000100111100000100000100111100000100111100000100111100
 RCU SUB_OUT 000111111001111001111001111001111001000111111001000111111001111001111001111001000111000111111001111001000111111001111001000111111001000111000111111001000111000111111001000111111001000111111001
 RCU SUB_OUT_REG[6] 000111111001111001111001111001111001000111111001000111111001111001111001111001000111000111111001111001000111111001111001000111111001000111000111111001000111000111111001000111111001000111111001
 updLLROut 111111000001000001000001000001000001111111000001111111000001000001000001000001111111111111000001000001111111000001000001111111000001111111111111000001111111111111000001111111000001111111000001
 from RCU 000001111111111111111111111111111111000001111111000001111111111111111111111111000001000001111111111111000001111111111111000001111111000001000001111111000001000001111111000001111111000001111111
 from txt 001000000000000000000000000000000000001000000000001000000000000000000000000000001000001000000000000000001000000000000000001000000000001000001000000000001000001000000000001000000000001000000000
 clk          24 : (   1  0 

 Into RCU L_in 000100111100111100111100111100111100000100111100000100111100111100111100111100000100000100111100111100000100111100111100000100111100000100000100111100000100000100111100000100111100000100111100
 RCU L_in after one FF 000100111100111100111100111100111100000100111100000100111100111100111100111100000100000100111100111100000100111100111100000100111100000100000100111100000100000100111100000100111100000100111100
 RCU SUB_OUT 000111111001111001111001111001111001000111111001000111111001111001111001111001000111000111111001111001000111111001111001000111111001000111000111111001000111000111111001000111111001000111111001
 RCU SUB_OUT_REG[6] 000111111001111001111001111001111001000111111001000111111001111001111001111001000111000111111001111001000111111001111001000111111001000111000111111001000111000111111001000111111001000111111001
 updLLROut 000010111110111110111110111110111110000010111110000010111110111110111110111110000010000010111110111110000010111110111110000010111110000010000010111110000010000010111110000010111110000010111110
 from RCU 111111000001000001000001000001000001111111000001111111000001000001000001000001111111111111000001000001111111000001000001111111000001111111111111000001111111111111000001111111000001111111000001
 from txt 001000000000000000000000000000000000001000000000001000000000000000000000000000001000001000000000000000001000000000000000001000000000001000001000000000001000001000000000001000000000001000000000
 clk          25 : (  62  0 

 Into RCU L_in 000100111100111100111100111100111100000100111100000100111100111100111100111100000100000100111100111100000100111100111100000100111100000100000100111100000100000100111100000100111100000100111100
 RCU L_in after one FF 000100111100111100111100111100111100000100111100000100111100111100111100111100000100000100111100111100000100111100111100000100111100000100000100111100000100000100111100000100111100000100111100
 RCU SUB_OUT 000111111001111001111001111001111001000111111001000111111001111001111001111001000111000111111001111001000111111001111001000111111001000111000111111001000111000111111001000111111001000111111001
 RCU SUB_OUT_REG[6] 000111111001111001111001111001111001000111111001000111111001111001111001111001000111000111111001111001000111111001111001000111111001000111000111111001000111000111111001000111111001000111111001
 updLLROut 000010111110111110111110111110111110000010111110000010111110111110111110111110000010000010111110111110000010111110111110000010111110000010000010111110000010000010111110000010111110000010111110
 from RCU 000010111110111110111110111110111110000010111110000010111110111110111110111110000010000010111110111110000010111110111110000010111110000010000010111110000010000010111110000010111110000010111110
 from txt 001000000000000000000000000000000000001000000000001000000000000000000000000000001000001000000000000000001000000000000000001000000000001000001000000000001000001000000000001000000000001000000000
 clk          26 : (  62  0 

 Into RCU L_in 000100111100111100111100111100111100000100111100000100111100111100111100111100000100000100111100111100000100111100111100000100111100000100000100111100000100000100111100000100111100000100111100
 RCU L_in after one FF 000100111100111100111100111100111100000100111100000100111100111100111100111100000100000100111100111100000100111100111100000100111100000100000100111100000100000100111100000100111100000100111100
 RCU SUB_OUT 001001110111110111110111110111110111001001110111001001110111110111110111110111001001001001110111110111001001110111110111001001110111001001001001110111001001001001110111001001110111001001110111
 RCU SUB_OUT_REG[6] 000111111001111001111001111001111001000111111001000111111001111001111001111001000111000111111001111001000111111001111001000111111001000111000111111001000111000111111001000111111001000111111001
 updLLROut 000010111110111110111110111110111110000010111110000010111110111110111110111110000010000010111110111110000010111110111110000010111110000010000010111110000010000010111110000010111110000010111110
 from RCU 000010111110111110111110111110111110000010111110000010111110111110111110111110000010000010111110111110000010111110111110000010111110000010000010111110000010000010111110000010111110000010111110
 from txt 001000000000000000000000000000000000001000000000001000000000000000000000000000001000001000000000000000001000000000000000001000000000001000001000000000001000001000000000001000000000001000000000
 clk          27 : (  62  0 

 Into RCU L_in 000100111100111100111100111100111100000100111100000100111100111100111100111100000100000100111100111100000100111100111100000100111100000100000100111100000100000100111100000100111100000100111100
 RCU L_in after one FF 000100111100111100111100111100111100000100111100000100111100111100111100111100000100000100111100111100000100111100111100000100111100000100000100111100000100000100111100000100111100000100111100
 RCU SUB_OUT 001001110111110111110111110111110111001001110111001001110111110111110111110111001001001001110111110111001001110111110111001001110111001001001001110111001001001001110111001001110111001001110111
 RCU SUB_OUT_REG[6] 000111111001111001111001111001111001000111111001000111111001111001111001111001000111000111111001111001000111111001111001000111111001000111000111111001000111000111111001000111111001000111111001
 updLLROut 000010111110111110111110111110111110000010111110000010111110111110111110111110000010000010111110111110000010111110111110000010111110000010000010111110000010000010111110000010111110000010111110
 from RCU 000010111110111110111110111110111110000010111110000010111110111110111110111110000010000010111110111110000010111110111110000010111110000010000010111110000010000010111110000010111110000010111110
 from txt 001000000000000000000000000000000000001000000000001000000000000000000000000000001000001000000000000000001000000000000000001000000000001000001000000000001000001000000000001000000000001000000000
 clk          28 : (  62  0 

 Into RCU L_in 000100111100111100111100111100111100000100111100000100111100111100111100111100000100000100111100111100000100111100111100000100111100000100000100111100000100000100111100000100111100000100111100
 RCU L_in after one FF 000100111100111100111100111100111100000100111100000100111100111100111100111100000100000100111100111100000100111100111100000100111100000100000100111100000100000100111100000100111100000100111100
 RCU SUB_OUT 001001110111110111110111110111110111001001110111001001110111110111110111110111001001001001110111110111001001110111110111001001110111001001001001110111001001001001110111001001110111001001110111
 RCU SUB_OUT_REG[6] 000111111001111001111001111001111001000111111001000111111001111001111001111001000111000111111001111001000111111001111001000111111001000111000111111001000111000111111001000111111001000111111001
 updLLROut 000010111110111110111110111110111110000010111110000010111110111110111110111110000010000010111110111110000010111110111110000010111110000010000010111110000010000010111110000010111110000010111110
 from RCU 000010111110111110111110111110111110000010111110000010111110111110111110111110000010000010111110111110000010111110111110000010111110000010000010111110000010000010111110000010111110000010111110
 from txt 001000000000000000000000000000000000001000000000001000000000000000000000000000001000001000000000000000001000000000000000001000000000001000001000000000001000001000000000001000000000001000000000
 clk          29 : (  62  0 

 Into RCU L_in 000100111100111100111100111100111100000100111100000100111100111100111100111100000100000100111100111100000100111100111100000100111100000100000100111100000100000100111100000100111100000100111100
 RCU L_in after one FF 000100111100111100111100111100111100000100111100000100111100111100111100111100000100000100111100111100000100111100111100000100111100000100000100111100000100000100111100000100111100000100111100
 RCU SUB_OUT 001001110111110111110111110111110111001001110111001001110111110111110111110111001001001001110111110111001001110111110111001001110111001001001001110111001001001001110111001001110111001001110111
 RCU SUB_OUT_REG[6] 000111111001111001111001111001111001000111111001000111111001111001111001111001000111000111111001111001000111111001111001000111111001000111000111111001000111000111111001000111111001000111111001
 updLLROut 000010111110111110111110111110111110000010111110000010111110111110111110111110000010000010111110111110000010111110111110000010111110000010000010111110000010000010111110000010111110000010111110
 from RCU 000010111110111110111110111110111110000010111110000010111110111110111110111110000010000010111110111110000010111110111110000010111110000010000010111110000010000010111110000010111110000010111110
 from txt 001000000000000000000000000000000000001000000000001000000000000000000000000000001000001000000000000000001000000000000000001000000000001000001000000000001000001000000000001000000000001000000000
 clk          30 : (  62  0 

 Into RCU L_in 000100111100111100111100111100111100000100111100000100111100111100111100111100000100000100111100111100000100111100111100000100111100000100000100111100000100000100111100000100111100000100111100
 RCU L_in after one FF 000100111100111100111100111100111100000100111100000100111100111100111100111100000100000100111100111100000100111100111100000100111100000100000100111100000100000100111100000100111100000100111100
 RCU SUB_OUT 001001110111110111110111110111110111001001110111001001110111110111110111110111001001001001110111110111001001110111110111001001110111001001001001110111001001001001110111001001110111001001110111
 RCU SUB_OUT_REG[6] 000111111001111001111001111001111001000111111001000111111001111001111001111001000111000111111001111001000111111001111001000111111001000111000111111001000111000111111001000111111001000111111001
 updLLROut 000010111110111110111110111110111110000010111110000010111110111110111110111110000010000010111110111110000010111110111110000010111110000010000010111110000010000010111110000010111110000010111110
 from RCU 000010111110111110111110111110111110000010111110000010111110111110111110111110000010000010111110111110000010111110111110000010111110000010000010111110000010000010111110000010111110000010111110
 from txt 001000000000000000000000000000000000001000000000001000000000000000000000000000001000001000000000000000001000000000000000001000000000001000001000000000001000001000000000001000000000001000000000
 clk          31 : (  62  0 

 Into RCU L_in 000100111100111100111100111100111100000100111100000100111100111100111100111100000100000100111100111100000100111100111100000100111100000100000100111100000100000100111100000100111100000100111100
 RCU L_in after one FF 000100111100111100111100111100111100000100111100000100111100111100111100111100000100000100111100111100000100111100111100000100111100000100000100111100000100000100111100000100111100000100111100
 RCU SUB_OUT 001001110111110111110111110111110111001001110111001001110111110111110111110111001001001001110111110111001001110111110111001001110111001001001001110111001001001001110111001001110111001001110111
 RCU SUB_OUT_REG[6] 000111111001111001111001111001111001000111111001000111111001111001111001111001000111000111111001111001000111111001111001000111111001000111000111111001000111000111111001000111111001000111111001
 updLLROut 000010111110111110111110111110111110000010111110000010111110111110111110111110000010000010111110111110000010111110111110000010111110000010000010111110000010000010111110000010111110000010111110
 from RCU 000010111110111110111110111110111110000010111110000010111110111110111110111110000010000010111110111110000010111110111110000010111110000010000010111110000010000010111110000010111110000010111110
 from txt 001000000000000000000000000000000000001000000000001000000000000000000000000000001000001000000000000000001000000000000000001000000000001000001000000000001000001000000000001000000000001000000000
 clk          32 : (  62  0 

 Into RCU L_in 000100111100111100111100111100111100000100111100000100111100111100111100111100000100000100111100111100000100111100111100000100111100000100000100111100000100000100111100000100111100000100111100
 RCU L_in after one FF 000100111100111100111100111100111100000100111100000100111100111100111100111100000100000100111100111100000100111100111100000100111100000100000100111100000100000100111100000100111100000100111100
 RCU SUB_OUT 001001110111110111110111110111110111001001110111001001110111110111110111110111001001001001110111110111001001110111110111001001110111001001001001110111001001001001110111001001110111001001110111
 RCU SUB_OUT_REG[6] 000111111001111001111001111001111001000111111001000111111001111001111001111001000111000111111001111001000111111001111001000111111001000111000111111001000111000111111001000111111001000111111001
 updLLROut 000010111110111110111110111110111110000010111110000010111110111110111110111110000010000010111110111110000010111110111110000010111110000010000010111110000010000010111110000010111110000010111110
 from RCU 000010111110111110111110111110111110000010111110000010111110111110111110111110000010000010111110111110000010111110111110000010111110000010000010111110000010000010111110000010111110000010111110
 from txt 001000000000000000000000000000000000001000000000001000000000000000000000000000001000001000000000000000001000000000000000001000000000001000001000000000001000001000000000001000000000001000000000
 clk          33 : (  62  0 

 Into RCU L_in 000100111100111100111100111100111100000100111100000100111100111100111100111100000100000100111100111100000100111100111100000100111100000100000100111100000100000100111100000100111100000100111100
 RCU L_in after one FF 000100111100111100111100111100111100000100111100000100111100111100111100111100000100000100111100111100000100111100111100000100111100000100000100111100000100000100111100000100111100000100111100
 RCU SUB_OUT 001001110111110111110111110111110111001001110111001001110111110111110111110111001001001001110111110111001001110111110111001001110111001001001001110111001001001001110111001001110111001001110111
 RCU SUB_OUT_REG[6] 001001110111110111110111110111110111001001110111001001110111110111110111110111001001001001110111110111001001110111110111001001110111001001001001110111001001001001110111001001110111001001110111
 updLLROut 000001111111111111111111111111111111000001111111000001111111111111111111111111000001000001111111111111000001111111111111000001111111000001000001111111000001000001111111000001111111000001111111
 from RCU 000010111110111110111110111110111110000010111110000010111110111110111110111110000010000010111110111110000010111110111110000010111110000010000010111110000010000010111110000010111110000010111110
 from txt 001000000000000000000000000000000000001000000000001000000000000000000000000000001000001000000000000000001000000000000000001000000000001000001000000000001000001000000000001000000000001000000000
 clk          34 : (  63  0 

 Into RCU L_in 000100111100111100111100111100111100000100111100000100111100111100111100111100000100000100111100111100000100111100111100000100111100000100000100111100000100000100111100000100111100000100111100
 RCU L_in after one FF 000100111100111100111100111100111100000100111100000100111100111100111100111100000100000100111100111100000100111100111100000100111100000100000100111100000100000100111100000100111100000100111100
 RCU SUB_OUT 001001110111110111110111110111110111001001110111001001110111110111110111110111001001001001110111110111001001110111110111001001110111001001001001110111001001001001110111001001110111001001110111
 RCU SUB_OUT_REG[6] 001001110111110111110111110111110111001001110111001001110111110111110111110111001001001001110111110111001001110111110111001001110111001001001001110111001001001001110111001001110111001001110111
 updLLROut 000011111101111101111101111101111101000011111101000011111101111101111101111101000011000011111101111101000011111101111101000011111101000011000011111101000011000011111101000011111101000011111101
 from RCU 000001111111111111111111111111111111000001111111000001111111111111111111111111000001000001111111111111000001111111111111000001111111000001000001111111000001000001111111000001111111000001111111
 from txt 001000000000000000000000000000000000001000000000001000000000000000000000000000001000001000000000000000001000000000000000001000000000001000001000000000001000001000000000001000000000001000000000
 clk          35 : (  61  0 

 Into RCU L_in 000100111100111100111100111100111100000100111100000100111100111100111100111100000100000100111100111100000100111100111100000100111100000100000100111100000100000100111100000100111100000100111100
 RCU L_in after one FF 000100111100111100111100111100111100000100111100000100111100111100111100111100000100000100111100111100000100111100111100000100111100000100000100111100000100000100111100000100111100000100111100
 RCU SUB_OUT 001001110111110111110111110111110111001001110111001001110111110111110111110111001001001001110111110111001001110111110111001001110111001001001001110111001001001001110111001001110111001001110111
 RCU SUB_OUT_REG[6] 001001110111110111110111110111110111001001110111001001110111110111110111110111001001001001110111110111001001110111110111001001110111001001001001110111001001001001110111001001110111001001110111
 updLLROut 000011111101111101111101111101111101000011111101000011111101111101111101111101000011000011111101111101000011111101111101000011111101000011000011111101000011000011111101000011111101000011111101
 from RCU 000011111101111101111101111101111101000011111101000011111101111101111101111101000011000011111101111101000011111101111101000011111101000011000011111101000011000011111101000011111101000011111101
 from txt 001000000000000000000000000000000000001000000000001000000000000000000000000000001000001000000000000000001000000000000000001000000000001000001000000000001000001000000000001000000000001000000000
 clk          36 : (  61  0 

 Into RCU L_in 000100111100111100111100111100111100000100111100000100111100111100111100111100000100000100111100111100000100111100111100000100111100000100000100111100000100000100111100000100111100000100111100
 RCU L_in after one FF 000100111100111100111100111100111100000100111100000100111100111100111100111100000100000100111100111100000100111100111100000100111100000100000100111100000100000100111100000100111100000100111100
 RCU SUB_OUT 001010110110110110110110110110110110001010110110001010110110110110110110110110001010001010110110110110001010110110110110001010110110001010001010110110001010001010110110001010110110001010110110
 RCU SUB_OUT_REG[6] 001001110111110111110111110111110111001001110111001001110111110111110111110111001001001001110111110111001001110111110111001001110111001001001001110111001001001001110111001001110111001001110111
 updLLROut 000011111101111101111101111101111101000011111101000011111101111101111101111101000011000011111101111101000011111101111101000011111101000011000011111101000011000011111101000011111101000011111101
 from RCU 000011111101111101111101111101111101000011111101000011111101111101111101111101000011000011111101111101000011111101111101000011111101000011000011111101000011000011111101000011111101000011111101
 from txt 001000000000000000000000000000000000001000000000001000000000000000000000000000001000001000000000000000001000000000000000001000000000001000001000000000001000001000000000001000000000001000000000
 clk          37 : (  61  0 

 Into RCU L_in 000100111100111100111100111100111100000100111100000100111100111100111100111100000100000100111100111100000100111100111100000100111100000100000100111100000100000100111100000100111100000100111100
 RCU L_in after one FF 000100111100111100111100111100111100000100111100000100111100111100111100111100000100000100111100111100000100111100111100000100111100000100000100111100000100000100111100000100111100000100111100
 RCU SUB_OUT 001010110110110110110110110110110110001010110110001010110110110110110110110110001010001010110110110110001010110110110110001010110110001010001010110110001010001010110110001010110110001010110110
 RCU SUB_OUT_REG[6] 001001110111110111110111110111110111001001110111001001110111110111110111110111001001001001110111110111001001110111110111001001110111001001001001110111001001001001110111001001110111001001110111
 updLLROut 000011111101111101111101111101111101000011111101000011111101111101111101111101000011000011111101111101000011111101111101000011111101000011000011111101000011000011111101000011111101000011111101
 from RCU 000011111101111101111101111101111101000011111101000011111101111101111101111101000011000011111101111101000011111101111101000011111101000011000011111101000011000011111101000011111101000011111101
 from txt 001000000000000000000000000000000000001000000000001000000000000000000000000000001000001000000000000000001000000000000000001000000000001000001000000000001000001000000000001000000000001000000000
 clk          38 : (  61  0 

 Into RCU L_in 000100111100111100111100111100111100000100111100000100111100111100111100111100000100000100111100111100000100111100111100000100111100000100000100111100000100000100111100000100111100000100111100
 RCU L_in after one FF 000100111100111100111100111100111100000100111100000100111100111100111100111100000100000100111100111100000100111100111100000100111100000100000100111100000100000100111100000100111100000100111100
 RCU SUB_OUT 001010110110110110110110110110110110001010110110001010110110110110110110110110001010001010110110110110001010110110110110001010110110001010001010110110001010001010110110001010110110001010110110
 RCU SUB_OUT_REG[6] 001001110111110111110111110111110111001001110111001001110111110111110111110111001001001001110111110111001001110111110111001001110111001001001001110111001001001001110111001001110111001001110111
 updLLROut 000011111101111101111101111101111101000011111101000011111101111101111101111101000011000011111101111101000011111101111101000011111101000011000011111101000011000011111101000011111101000011111101
 from RCU 000011111101111101111101111101111101000011111101000011111101111101111101111101000011000011111101111101000011111101111101000011111101000011000011111101000011000011111101000011111101000011111101
 from txt 001000000000000000000000000000000000001000000000001000000000000000000000000000001000001000000000000000001000000000000000001000000000001000001000000000001000001000000000001000000000001000000000
 clk          39 : (  61  0 

 Into RCU L_in 000100111100111100111100111100111100000100111100000100111100111100111100111100000100000100111100111100000100111100111100000100111100000100000100111100000100000100111100000100111100000100111100
 RCU L_in after one FF 000100111100111100111100111100111100000100111100000100111100111100111100111100000100000100111100111100000100111100111100000100111100000100000100111100000100000100111100000100111100000100111100
 RCU SUB_OUT 001010110110110110110110110110110110001010110110001010110110110110110110110110001010001010110110110110001010110110110110001010110110001010001010110110001010001010110110001010110110001010110110
 RCU SUB_OUT_REG[6] 001001110111110111110111110111110111001001110111001001110111110111110111110111001001001001110111110111001001110111110111001001110111001001001001110111001001001001110111001001110111001001110111
 updLLROut 000011111101111101111101111101111101000011111101000011111101111101111101111101000011000011111101111101000011111101111101000011111101000011000011111101000011000011111101000011111101000011111101
 from RCU 000011111101111101111101111101111101000011111101000011111101111101111101111101000011000011111101111101000011111101111101000011111101000011000011111101000011000011111101000011111101000011111101
 from txt 001000000000000000000000000000000000001000000000001000000000000000000000000000001000001000000000000000001000000000000000001000000000001000001000000000001000001000000000001000000000001000000000
 clk          40 : (  61  0 

 Into RCU L_in 000100111100111100111100111100111100000100111100000100111100111100111100111100000100000100111100111100000100111100111100000100111100000100000100111100000100000100111100000100111100000100111100
 RCU L_in after one FF 000100111100111100111100111100111100000100111100000100111100111100111100111100000100000100111100111100000100111100111100000100111100000100000100111100000100000100111100000100111100000100111100
 RCU SUB_OUT 001010110110110110110110110110110110001010110110001010110110110110110110110110001010001010110110110110001010110110110110001010110110001010001010110110001010001010110110001010110110001010110110
 RCU SUB_OUT_REG[6] 001001110111110111110111110111110111001001110111001001110111110111110111110111001001001001110111110111001001110111110111001001110111001001001001110111001001001001110111001001110111001001110111
 updLLROut 000011111101111101111101111101111101000011111101000011111101111101111101111101000011000011111101111101000011111101111101000011111101000011000011111101000011000011111101000011111101000011111101
 from RCU 000011111101111101111101111101111101000011111101000011111101111101111101111101000011000011111101111101000011111101111101000011111101000011000011111101000011000011111101000011111101000011111101
 from txt 001000000000000000000000000000000000001000000000001000000000000000000000000000001000001000000000000000001000000000000000001000000000001000001000000000001000001000000000001000000000001000000000
 clk          41 : (  61  0 

 Into RCU L_in 000100111100111100111100111100111100000100111100000100111100111100111100111100000100000100111100111100000100111100111100000100111100000100000100111100000100000100111100000100111100000100111100
 RCU L_in after one FF 000100111100111100111100111100111100000100111100000100111100111100111100111100000100000100111100111100000100111100111100000100111100000100000100111100000100000100111100000100111100000100111100
 RCU SUB_OUT 001010110110110110110110110110110110001010110110001010110110110110110110110110001010001010110110110110001010110110110110001010110110001010001010110110001010001010110110001010110110001010110110
 RCU SUB_OUT_REG[6] 001001110111110111110111110111110111001001110111001001110111110111110111110111001001001001110111110111001001110111110111001001110111001001001001110111001001001001110111001001110111001001110111
 updLLROut 000011111101111101111101111101111101000011111101000011111101111101111101111101000011000011111101111101000011111101111101000011111101000011000011111101000011000011111101000011111101000011111101
 from RCU 000011111101111101111101111101111101000011111101000011111101111101111101111101000011000011111101111101000011111101111101000011111101000011000011111101000011000011111101000011111101000011111101
 from txt 001000000000000000000000000000000000001000000000001000000000000000000000000000001000001000000000000000001000000000000000001000000000001000001000000000001000001000000000001000000000001000000000
 clk          42 : (  61  0 

 Into RCU L_in 000100111100111100111100111100111100000100111100000100111100111100111100111100000100000100111100111100000100111100111100000100111100000100000100111100000100000100111100000100111100000100111100
 RCU L_in after one FF 000100111100111100111100111100111100000100111100000100111100111100111100111100000100000100111100111100000100111100111100000100111100000100000100111100000100000100111100000100111100000100111100
 RCU SUB_OUT 001010110110110110110110110110110110001010110110001010110110110110110110110110001010001010110110110110001010110110110110001010110110001010001010110110001010001010110110001010110110001010110110
 RCU SUB_OUT_REG[6] 001001110111110111110111110111110111001001110111001001110111110111110111110111001001001001110111110111001001110111110111001001110111001001001001110111001001001001110111001001110111001001110111
 updLLROut 000011111101111101111101111101111101000011111101000011111101111101111101111101000011000011111101111101000011111101111101000011111101000011000011111101000011000011111101000011111101000011111101
 from RCU 000011111101111101111101111101111101000011111101000011111101111101111101111101000011000011111101111101000011111101111101000011111101000011000011111101000011000011111101000011111101000011111101
 from txt 001000000000000000000000000000000000001000000000001000000000000000000000000000001000001000000000000000001000000000000000001000000000001000001000000000001000001000000000001000000000001000000000
 clk          43 : (  61  0 

 Into RCU L_in 000100111100111100111100111100111100000100111100000100111100111100111100111100000100000100111100111100000100111100111100000100111100000100000100111100000100000100111100000100111100000100111100
 RCU L_in after one FF 000100111100111100111100111100111100000100111100000100111100111100111100111100000100000100111100111100000100111100111100000100111100000100000100111100000100000100111100000100111100000100111100
 RCU SUB_OUT 001010110110110110110110110110110110001010110110001010110110110110110110110110001010001010110110110110001010110110110110001010110110001010001010110110001010001010110110001010110110001010110110
 RCU SUB_OUT_REG[6] 001010110110110110110110110110110110001010110110001010110110110110110110110110001010001010110110110110001010110110110110001010110110001010001010110110001010001010110110001010110110001010110110
 updLLROut 000010111110111110111110111110111110000010111110000010111110111110111110111110000010000010111110111110000010111110111110000010111110000010000010111110000010000010111110000010111110000010111110
 from RCU 000011111101111101111101111101111101000011111101000011111101111101111101111101000011000011111101111101000011111101111101000011111101000011000011111101000011000011111101000011111101000011111101
 from txt 001000000000000000000000000000000000001000000000001000000000000000000000000000001000001000000000000000001000000000000000001000000000001000001000000000001000001000000000001000000000001000000000
 clk          44 : (  62  0 

 Into RCU L_in 000100111100111100111100111100111100000100111100000100111100111100111100111100000100000100111100111100000100111100111100000100111100000100000100111100000100000100111100000100111100000100111100
 RCU L_in after one FF 000100111100111100111100111100111100000100111100000100111100111100111100111100000100000100111100111100000100111100111100000100111100000100000100111100000100000100111100000100111100000100111100
 RCU SUB_OUT 001010110110110110110110110110110110001010110110001010110110110110110110110110001010001010110110110110001010110110110110001010110110001010001010110110001010001010110110001010110110001010110110
 RCU SUB_OUT_REG[6] 001010110110110110110110110110110110001010110110001010110110110110110110110110001010001010110110110110001010110110110110001010110110001010001010110110001010001010110110001010110110001010110110
 updLLROut 000011111101111101111101111101111101000011111101000011111101111101111101111101000011000011111101111101000011111101111101000011111101000011000011111101000011000011111101000011111101000011111101
 from RCU 000010111110111110111110111110111110000010111110000010111110111110111110111110000010000010111110111110000010111110111110000010111110000010000010111110000010000010111110000010111110000010111110
 from txt 001000000000000000000000000000000000001000000000001000000000000000000000000000001000001000000000000000001000000000000000001000000000001000001000000000001000001000000000001000000000001000000000
 clk          45 : (  61  0 

 Into RCU L_in 000100111100111100111100111100111100000100111100000100111100111100111100111100000100000100111100111100000100111100111100000100111100000100000100111100000100000100111100000100111100000100111100
 RCU L_in after one FF 000100111100111100111100111100111100000100111100000100111100111100111100111100000100000100111100111100000100111100111100000100111100000100000100111100000100000100111100000100111100000100111100
 RCU SUB_OUT 001010110110110110110110110110110110001010110110001010110110110110110110110110001010001010110110110110001010110110110110001010110110001010001010110110001010001010110110001010110110001010110110
 RCU SUB_OUT_REG[6] 001010110110110110110110110110110110001010110110001010110110110110110110110110001010001010110110110110001010110110110110001010110110001010001010110110001010001010110110001010110110001010110110
 updLLROut 000011111101111101111101111101111101000011111101000011111101111101111101111101000011000011111101111101000011111101111101000011111101000011000011111101000011000011111101000011111101000011111101
 from RCU 000011111101111101111101111101111101000011111101000011111101111101111101111101000011000011111101111101000011111101111101000011111101000011000011111101000011000011111101000011111101000011111101
 from txt 001000000000000000000000000000000000001000000000001000000000000000000000000000001000001000000000000000001000000000000000001000000000001000001000000000001000001000000000001000000000001000000000
 clk          46 : (  61  0 

 Into RCU L_in 000100111100111100111100111100111100000100111100000100111100111100111100111100000100000100111100111100000100111100111100000100111100000100000100111100000100000100111100000100111100000100111100
 RCU L_in after one FF 000100111100111100111100111100111100000100111100000100111100111100111100111100000100000100111100111100000100111100111100000100111100000100000100111100000100000100111100000100111100000100111100
 RCU SUB_OUT 001011110101110101110101110101110101001011110101001011110101110101110101110101001011001011110101110101001011110101110101001011110101001011001011110101001011001011110101001011110101001011110101
 RCU SUB_OUT_REG[6] 001010110110110110110110110110110110001010110110001010110110110110110110110110001010001010110110110110001010110110110110001010110110001010001010110110001010001010110110001010110110001010110110
 updLLROut 000011111101111101111101111101111101000011111101000011111101111101111101111101000011000011111101111101000011111101111101000011111101000011000011111101000011000011111101000011111101000011111101
 from RCU 000011111101111101111101111101111101000011111101000011111101111101111101111101000011000011111101111101000011111101111101000011111101000011000011111101000011000011111101000011111101000011111101
 from txt 001000000000000000000000000000000000001000000000001000000000000000000000000000001000001000000000000000001000000000000000001000000000001000001000000000001000001000000000001000000000001000000000
 clk          47 : (  61  0 

 Into RCU L_in 000100111100111100111100111100111100000100111100000100111100111100111100111100000100000100111100111100000100111100111100000100111100000100000100111100000100000100111100000100111100000100111100
 RCU L_in after one FF 000100111100111100111100111100111100000100111100000100111100111100111100111100000100000100111100111100000100111100111100000100111100000100000100111100000100000100111100000100111100000100111100
 RCU SUB_OUT 001011110101110101110101110101110101001011110101001011110101110101110101110101001011001011110101110101001011110101110101001011110101001011001011110101001011001011110101001011110101001011110101
 RCU SUB_OUT_REG[6] 001010110110110110110110110110110110001010110110001010110110110110110110110110001010001010110110110110001010110110110110001010110110001010001010110110001010001010110110001010110110001010110110
 updLLROut 000011111101111101111101111101111101000011111101000011111101111101111101111101000011000011111101111101000011111101111101000011111101000011000011111101000011000011111101000011111101000011111101
 from RCU 000011111101111101111101111101111101000011111101000011111101111101111101111101000011000011111101111101000011111101111101000011111101000011000011111101000011000011111101000011111101000011111101
 from txt 001000000000000000000000000000000000001000000000001000000000000000000000000000001000001000000000000000001000000000000000001000000000001000001000000000001000001000000000001000000000001000000000
 clk          48 : (  61  0 

 Into RCU L_in 000100111100111100111100111100111100000100111100000100111100111100111100111100000100000100111100111100000100111100111100000100111100000100000100111100000100000100111100000100111100000100111100
 RCU L_in after one FF 000100111100111100111100111100111100000100111100000100111100111100111100111100000100000100111100111100000100111100111100000100111100000100000100111100000100000100111100000100111100000100111100
 RCU SUB_OUT 001011110101110101110101110101110101001011110101001011110101110101110101110101001011001011110101110101001011110101110101001011110101001011001011110101001011001011110101001011110101001011110101
 RCU SUB_OUT_REG[6] 001010110110110110110110110110110110001010110110001010110110110110110110110110001010001010110110110110001010110110110110001010110110001010001010110110001010001010110110001010110110001010110110
 updLLROut 000011111101111101111101111101111101000011111101000011111101111101111101111101000011000011111101111101000011111101111101000011111101000011000011111101000011000011111101000011111101000011111101
 from RCU 000011111101111101111101111101111101000011111101000011111101111101111101111101000011000011111101111101000011111101111101000011111101000011000011111101000011000011111101000011111101000011111101
 from txt 001000000000000000000000000000000000001000000000001000000000000000000000000000001000001000000000000000001000000000000000001000000000001000001000000000001000001000000000001000000000001000000000
 clk          49 : (  61  0 

 Into RCU L_in 000100111100111100111100111100111100000100111100000100111100111100111100111100000100000100111100111100000100111100111100000100111100000100000100111100000100000100111100000100111100000100111100
 RCU L_in after one FF 000100111100111100111100111100111100000100111100000100111100111100111100111100000100000100111100111100000100111100111100000100111100000100000100111100000100000100111100000100111100000100111100
 RCU SUB_OUT 001011110101110101110101110101110101001011110101001011110101110101110101110101001011001011110101110101001011110101110101001011110101001011001011110101001011001011110101001011110101001011110101
 RCU SUB_OUT_REG[6] 001010110110110110110110110110110110001010110110001010110110110110110110110110001010001010110110110110001010110110110110001010110110001010001010110110001010001010110110001010110110001010110110
 updLLROut 000011111101111101111101111101111101000011111101000011111101111101111101111101000011000011111101111101000011111101111101000011111101000011000011111101000011000011111101000011111101000011111101
 from RCU 000011111101111101111101111101111101000011111101000011111101111101111101111101000011000011111101111101000011111101111101000011111101000011000011111101000011000011111101000011111101000011111101
 from txt 001000000000000000000000000000000000001000000000001000000000000000000000000000001000001000000000000000001000000000000000001000000000001000001000000000001000001000000000001000000000001000000000
 clk          50 : (  61  0 

 Into RCU L_in 000100111100111100111100111100111100000100111100000100111100111100111100111100000100000100111100111100000100111100111100000100111100000100000100111100000100000100111100000100111100000100111100
 RCU L_in after one FF 000100111100111100111100111100111100000100111100000100111100111100111100111100000100000100111100111100000100111100111100000100111100000100000100111100000100000100111100000100111100000100111100
 RCU SUB_OUT 001011110101110101110101110101110101001011110101001011110101110101110101110101001011001011110101110101001011110101110101001011110101001011001011110101001011001011110101001011110101001011110101
 RCU SUB_OUT_REG[6] 0010101101101101101101101101101101100010101101100010101101101101101101101101100010100010101101101101100010101101101101100010101101100010100010101101100010100