Unable to capture context for thread 9764 in process 1604, can not generate back trace
Unable to capture context for thread 10804 in process 1604, can not generate back trace
Exception at PC 0x00007FFCF0EA3B29
Exception at PC 0x00007FFCF0EA3B29
Exception at PC 0x00007FFCF0EA3B29
Exception at PC 0x00007FFCF0EA3B29
Exception at PC 0x00007FFCF0EA3B29
Unable to capture context for thread 13172 in process 1604, can not generate back trace
Exception at PC 0x00007FFCA3A7BB93
Printing stacktrace...

Unable to capture context for thread 13172 in process 1604, can not generate back trace
Exception at PC 0x00007FFCF0EA3B29
Exception at PC 0x00007FFCF0EA3B29
Exception at PC 0x00007FFCF0EA3B29
Exception at PC 0x00007FFCF0EA3B29
Exception at PC 0x00007FFCF0EA3B29
Exception at PC 0x00007FFCF0EA3B29
Exception at PC 0x00007FFCF0EA3B29
Exception at PC 0x00007FFCF0EA3B29
Exception at PC 0x00007FFCF0EA3B29
[0]  [0x00007FFCA3A7BB93]
[1]  [0x00007FFCA3A7BB93]
[2]  [0x00007FFCA3A7B4A1]
[3]  [0x00007FFCA3A7B3EF]
[4]  [0x00007FFCA3A619FE]
[5]  [0x00007FFCA3A60ED1]
[6]  [0x00007FFCA3A60D76]
[7]  [0x00007FFCA3A079F6]
[8]  [0x00007FFCA39F7AFB]
[9]  [0x00007FFCA3B1E90A]
[10]  [0x00007FFCA3B39F87]
[11]  [0x00007FFCA3B3A05F]
[12] (BaseThreadInitThunk+0x14) [0x00007FFCF2E37BD4]
[13] (RtlUserThreadStart+0x21) [0x00007FFCF3E6CE51]
Done
Exception at PC 0x00007FFCF0EA3B29
Exception at PC 0x00007FFCF0EA3B29
Exception at PC 0x00007FFCF0EA3B29
Exception at PC 0x00007FFCF0EA3B29
Exception at PC 0x00007FFCF0EA3B29
Exception at PC 0x00007FFCF0EA3B29
