Unable to capture context for thread 1236 in process 18008, can not generate back trace
Unable to capture context for thread 592 in process 18008, can not generate back trace
Exception at PC 0x00007FFD3DBDD759
Exception at PC 0x00007FFD3DBDD759
Exception at PC 0x00007FFD3DBDD759
Exception at PC 0x00007FFD3DBDD759
Unable to capture context for thread 12808 in process 18008, can not generate back trace
Unable to capture context for thread 10508 in process 18008, can not generate back trace
Exception at PC 0x00007FFD3DBDD759
Unable to capture context for thread 12808 in process 18008, can not generate back trace
Unable to capture context for thread 17724 in process 18008, can not generate back trace
Exception at PC 0x00007FFCBEBFBB93
Printing stacktrace...

Exception at PC 0x00007FFD3DBDD759
Exception at PC 0x00007FFD3DBDD759
Exception at PC 0x00007FFD3DBDD759
Exception at PC 0x00007FFD3DBDD759
Exception at PC 0x00007FFD3DBDD759
Exception at PC 0x00007FFD3DBDD759
Exception at PC 0x00007FFD3DBDD759
Exception at PC 0x00007FFD3DBDD759
Exception at PC 0x00007FFD3DBDD759
[0]  [0x00007FFCBEBFBB93]
[1]  [0x00007FFCBEBFBB93]
[2]  [0x00007FFCBEBFB4A1]
[3]  [0x00007FFCBEBFB3EF]
[4]  [0x00007FFCBEBE19FE]
[5]  [0x00007FFCBEBE0ED1]
[6]  [0x00007FFCBEBE0D76]
[7]  [0x00007FFCBEB879F6]
[8]  [0x00007FFCBEB77AFB]
[9]  [0x00007FFCBEC9E90A]
[10]  [0x00007FFCBECB9F87]
[11]  [0x00007FFCBECBA05F]
[12] (BaseThreadInitThunk+0x14) [0x00007FFD40067034]
[13] (RtlUserThreadStart+0x21) [0x00007FFD4019D0D1]
Done
Exception at PC 0x00007FFD3DBDD759
Exception at PC 0x00007FFD3DBDD759
Exception at PC 0x00007FFD3DBDD759
Exception at PC 0x00007FFD3DBDD759
Exception at PC 0x00007FFD3DBDD759
Exception at PC 0x00007FFD3DBDD759
