
*** Running vivado
    with args -log ne_rowcomputer_SRQ_p26.vds -m64 -product Vivado -mode batch -messageDb vivado.pb -notrace -source ne_rowcomputer_SRQ_p26.tcl


****** Vivado v2019.1 (64-bit)
  **** SW Build 2552052 on Fri May 24 14:49:42 MDT 2019
  **** IP Build 2548770 on Fri May 24 18:01:18 MDT 2019
    ** Copyright 1986-2019 Xilinx, Inc. All Rights Reserved.

source ne_rowcomputer_SRQ_p26.tcl -notrace
create_project: Time (s): cpu = 00:00:02 ; elapsed = 00:00:11 . Memory (MB): peak = 353.867 ; gain = 98.715
Command: synth_design -top ne_rowcomputer_SRQ_p26 -part xcku5p-ffvd900-1-i
Starting synth_design
Attempting to get a license for feature 'Synthesis' and/or device 'xcku5p'
INFO: [Common 17-349] Got license for feature 'Synthesis' and/or device 'xcku5p'
INFO: [Device 21-403] Loading part xcku5p-ffvd900-1-i
INFO: Launching helper process for spawning children vivado processes
INFO: Helper process launched with PID 16792 
---------------------------------------------------------------------------------
Starting RTL Elaboration : Time (s): cpu = 00:00:06 ; elapsed = 00:00:26 . Memory (MB): peak = 1435.750 ; gain = 44.598
---------------------------------------------------------------------------------
INFO: [Synth 8-6157] synthesizing module 'ne_rowcomputer_SRQ_p26' [C:/Users/sayed/Desktop/Programing/major project/major-project-/decoder_top/ne_rowcomputer_SRQ_p26.v:24]
	Parameter W bound to: 6 - type: integer 
	Parameter Nb bound to: 16 - type: integer 
	Parameter Wc bound to: 32 - type: integer 
	Parameter Wcbits bound to: 5 - type: integer 
	Parameter LAYERS bound to: 2 - type: integer 
	Parameter ADDRESSWIDTH bound to: 5 - type: integer 
	Parameter ADDRDEPTH bound to: 20 - type: integer 
	Parameter EMEMDEPTH bound to: 40 - type: integer 
	Parameter Wabs bound to: 5 - type: integer 
	Parameter ECOMPSIZE bound to: 47 - type: integer 
	Parameter RCU_PIPESTAGES bound to: 12 - type: integer 
	Parameter MAXITRS bound to: 10 - type: integer 
	Parameter ITRWIDTH bound to: 4 - type: integer 
	Parameter Z bound to: 511 - type: integer 
	Parameter P bound to: 26 - type: integer 
	Parameter PIPESTAGES bound to: 13 - type: integer 
	Parameter PIPECOUNTWIDTH bound to: 4 - type: integer 
	Parameter ROWDEPTH bound to: 20 - type: integer 
	Parameter ROWWIDTH bound to: 5 - type: integer 
	Parameter P_LAST bound to: 17 - type: integer 
	Parameter maxVal bound to: 6'b011111 
	Parameter Kb bound to: 14 - type: integer 
	Parameter HDWIDTH bound to: 32 - type: integer 
	Parameter Wt bound to: 2 - type: integer 
	Parameter r bound to: 52 - type: integer 
	Parameter w bound to: 6 - type: integer 
INFO: [Synth 8-6157] synthesizing module 'SISO_rowunit_pipe' [C:/Users/sayed/Desktop/Programing/major project/major-project-/decoder_top/SISO_LMEM_pipelined.v:23]
	Parameter Nb bound to: 16 - type: integer 
	Parameter Wc bound to: 32 - type: integer 
	Parameter Wcbits bound to: 5 - type: integer 
	Parameter W bound to: 6 - type: integer 
	Parameter LAYERS bound to: 2 - type: integer 
	Parameter ADDRWIDTH bound to: 5 - type: integer 
	Parameter ADDRDEPTH bound to: 20 - type: integer 
	Parameter Wabs bound to: 5 - type: integer 
	Parameter ECOMPSIZE bound to: 47 - type: integer 
	Parameter PIPESTAGES bound to: 13 - type: integer 
INFO: [Synth 8-6157] synthesizing module 'E_mem_ne_bram' [C:/Users/sayed/Desktop/Programing/major project/major-project-/decoder_top/E_mem_ne_bram.v:30]
	Parameter DEPTH bound to: 40 - type: integer 
	Parameter ADDRWIDTH bound to: 6 - type: integer 
	Parameter Wc bound to: 32 - type: integer 
	Parameter Wcbits bound to: 5 - type: integer 
	Parameter W bound to: 6 - type: integer 
	Parameter Wabs bound to: 5 - type: integer 
	Parameter ECOMPSIZE bound to: 47 - type: integer 
INFO: [Synth 8-6155] done synthesizing module 'E_mem_ne_bram' (1#1) [C:/Users/sayed/Desktop/Programing/major project/major-project-/decoder_top/E_mem_ne_bram.v:30]
INFO: [Synth 8-6157] synthesizing module 'recovunit_ne' [C:/Users/sayed/Desktop/Programing/major project/major-project-/decoder_top/recovunit_dp.v:24]
	Parameter Wc bound to: 32 - type: integer 
	Parameter Wcbits bound to: 5 - type: integer 
	Parameter W bound to: 6 - type: integer 
	Parameter Wabs bound to: 5 - type: integer 
	Parameter ECOMPSIZE bound to: 47 - type: integer 
INFO: [Synth 8-6155] done synthesizing module 'recovunit_ne' (2#1) [C:/Users/sayed/Desktop/Programing/major project/major-project-/decoder_top/recovunit_dp.v:24]
INFO: [Synth 8-6157] synthesizing module 'subtractor_32' [C:/Users/sayed/Desktop/Programing/major project/major-project-/decoder_top/Subtractor_pipelined.v:23]
	Parameter W bound to: 6 - type: integer 
	Parameter Wc bound to: 32 - type: integer 
INFO: [Synth 8-6157] synthesizing module 'subtract_2' [C:/Users/sayed/Desktop/Programing/major project/major-project-/decoder_top/subtract_2.v:23]
	Parameter W bound to: 6 - type: integer 
INFO: [Synth 8-6155] done synthesizing module 'subtract_2' (3#1) [C:/Users/sayed/Desktop/Programing/major project/major-project-/decoder_top/subtract_2.v:23]
INFO: [Synth 8-6155] done synthesizing module 'subtractor_32' (4#1) [C:/Users/sayed/Desktop/Programing/major project/major-project-/decoder_top/Subtractor_pipelined.v:23]
INFO: [Synth 8-6157] synthesizing module 'emsggen' [C:/Users/sayed/Desktop/Programing/major project/major-project-/decoder_top/emsggen.v:22]
	Parameter w bound to: 6 - type: integer 
	Parameter wabs bound to: 5 - type: integer 
	Parameter wc bound to: 32 - type: integer 
INFO: [Synth 8-6157] synthesizing module 'Absoluter_32' [C:/Users/sayed/Desktop/Programing/major project/major-project-/decoder_top/Absoluter_32.v:23]
	Parameter w bound to: 6 - type: integer 
	Parameter wc bound to: 32 - type: integer 
INFO: [Synth 8-6157] synthesizing module 'Absoluter_adder' [C:/Users/sayed/Desktop/Programing/major project/major-project-/decoder_top/Absoluter_adder.v:23]
	Parameter w bound to: 6 - type: integer 
INFO: [Synth 8-6155] done synthesizing module 'Absoluter_adder' (5#1) [C:/Users/sayed/Desktop/Programing/major project/major-project-/decoder_top/Absoluter_adder.v:23]
INFO: [Synth 8-6155] done synthesizing module 'Absoluter_32' (6#1) [C:/Users/sayed/Desktop/Programing/major project/major-project-/decoder_top/Absoluter_32.v:23]
INFO: [Synth 8-6157] synthesizing module 'NormaliserWc' [C:/Users/sayed/Desktop/Programing/major project/major-project-/decoder_top/NormaliseWc.v:25]
	Parameter W bound to: 6 - type: integer 
	Parameter Wabs bound to: 5 - type: integer 
	Parameter Wc bound to: 32 - type: integer 
INFO: [Synth 8-6157] synthesizing module 'normaliserW' [C:/Users/sayed/Desktop/Programing/major project/major-project-/decoder_top/NormaliserW.v:23]
	Parameter W bound to: 6 - type: integer 
	Parameter Wabs bound to: 5 - type: integer 
INFO: [Synth 8-6155] done synthesizing module 'normaliserW' (7#1) [C:/Users/sayed/Desktop/Programing/major project/major-project-/decoder_top/NormaliserW.v:23]
INFO: [Synth 8-6155] done synthesizing module 'NormaliserWc' (8#1) [C:/Users/sayed/Desktop/Programing/major project/major-project-/decoder_top/NormaliseWc.v:25]
INFO: [Synth 8-6157] synthesizing module 'm32VG_pipelined' [C:/Users/sayed/Desktop/Programing/major project/major-project-/decoder_top/m32VG.v:22]
	Parameter W bound to: 6 - type: integer 
	Parameter Wc bound to: 32 - type: integer 
INFO: [Synth 8-6157] synthesizing module 'm16VG_pipelined' [C:/Users/sayed/Desktop/Programing/major project/major-project-/decoder_top/m16VG.v:23]
	Parameter W bound to: 6 - type: integer 
	Parameter Wc bound to: 16 - type: integer 
INFO: [Synth 8-6157] synthesizing module 'm8VG_pipelined' [C:/Users/sayed/Desktop/Programing/major project/major-project-/decoder_top/m8VG.v:23]
	Parameter W bound to: 6 - type: integer 
	Parameter Wc bound to: 8 - type: integer 
INFO: [Synth 8-6157] synthesizing module 'm4VG_pipelined' [C:/Users/sayed/Desktop/Programing/major project/major-project-/decoder_top/m4VG.v:23]
	Parameter W bound to: 6 - type: integer 
	Parameter Wc bound to: 4 - type: integer 
INFO: [Synth 8-6157] synthesizing module 'm2VG_pipelined_2' [C:/Users/sayed/Desktop/Programing/major project/major-project-/decoder_top/m2VG_pipelined_2.v:23]
	Parameter W bound to: 6 - type: integer 
	Parameter Wc bound to: 2 - type: integer 
INFO: [Synth 8-6155] done synthesizing module 'm2VG_pipelined_2' (9#1) [C:/Users/sayed/Desktop/Programing/major project/major-project-/decoder_top/m2VG_pipelined_2.v:23]
INFO: [Synth 8-6155] done synthesizing module 'm4VG_pipelined' (10#1) [C:/Users/sayed/Desktop/Programing/major project/major-project-/decoder_top/m4VG.v:23]
INFO: [Synth 8-6155] done synthesizing module 'm8VG_pipelined' (11#1) [C:/Users/sayed/Desktop/Programing/major project/major-project-/decoder_top/m8VG.v:23]
INFO: [Synth 8-6155] done synthesizing module 'm16VG_pipelined' (12#1) [C:/Users/sayed/Desktop/Programing/major project/major-project-/decoder_top/m16VG.v:23]
INFO: [Synth 8-6155] done synthesizing module 'm32VG_pipelined' (13#1) [C:/Users/sayed/Desktop/Programing/major project/major-project-/decoder_top/m32VG.v:22]
INFO: [Synth 8-6155] done synthesizing module 'emsggen' (14#1) [C:/Users/sayed/Desktop/Programing/major project/major-project-/decoder_top/emsggen.v:22]
INFO: [Synth 8-6157] synthesizing module 'subtractor_32_d' [C:/Users/sayed/Desktop/Programing/major project/major-project-/decoder_top/subtractor_32.v:23]
	Parameter W bound to: 6 - type: integer 
	Parameter Wc bound to: 32 - type: integer 
INFO: [Synth 8-6155] done synthesizing module 'subtractor_32_d' (15#1) [C:/Users/sayed/Desktop/Programing/major project/major-project-/decoder_top/subtractor_32.v:23]
INFO: [Synth 8-6157] synthesizing module 'AdderWc' [C:/Users/sayed/Desktop/Programing/major project/major-project-/decoder_top/AdderWc_pipelined.v:23]
	Parameter Wc bound to: 32 - type: integer 
	Parameter W bound to: 6 - type: integer 
INFO: [Synth 8-6157] synthesizing module 'adderW2' [C:/Users/sayed/Desktop/Programing/major project/major-project-/decoder_top/adderW2.v:22]
	Parameter W bound to: 6 - type: integer 
INFO: [Synth 8-6155] done synthesizing module 'adderW2' (16#1) [C:/Users/sayed/Desktop/Programing/major project/major-project-/decoder_top/adderW2.v:22]
INFO: [Synth 8-6155] done synthesizing module 'AdderWc' (17#1) [C:/Users/sayed/Desktop/Programing/major project/major-project-/decoder_top/AdderWc_pipelined.v:23]
WARNING: [Synth 8-6014] Unused sequential element stageidx_addrQ_loop[11].wren_layer_address_reg_reg[12] was removed.  [C:/Users/sayed/Desktop/Programing/major project/major-project-/decoder_top/SISO_LMEM_pipelined.v:169]
INFO: [Synth 8-6155] done synthesizing module 'SISO_rowunit_pipe' (18#1) [C:/Users/sayed/Desktop/Programing/major project/major-project-/decoder_top/SISO_LMEM_pipelined.v:23]
WARNING: [Synth 8-689] width (1) of port connection 'wraddress' does not match port width (5) of module 'SISO_rowunit_pipe' [C:/Users/sayed/Desktop/Programing/major project/major-project-/decoder_top/ne_rowcomputer_SRQ_p26.v:158]
WARNING: [Synth 8-605] same-named implicit nets 'wraddress' [C:/Users/sayed/Desktop/Programing/major project/major-project-/decoder_top/ne_rowcomputer_SRQ_p26.v:158]
INFO: [Synth 8-556] previous implicit net 'wraddress' [C:/Users/sayed/Desktop/Programing/major project/major-project-/decoder_top/ne_rowcomputer_SRQ_p26.v:158]
WARNING: [Synth 8-689] width (1) of port connection 'wraddress' does not match port width (5) of module 'SISO_rowunit_pipe' [C:/Users/sayed/Desktop/Programing/major project/major-project-/decoder_top/ne_rowcomputer_SRQ_p26.v:158]
WARNING: [Synth 8-605] same-named implicit nets 'wraddress' [C:/Users/sayed/Desktop/Programing/major project/major-project-/decoder_top/ne_rowcomputer_SRQ_p26.v:158]
INFO: [Synth 8-556] previous implicit net 'wraddress' [C:/Users/sayed/Desktop/Programing/major project/major-project-/decoder_top/ne_rowcomputer_SRQ_p26.v:158]
WARNING: [Synth 8-689] width (1) of port connection 'wraddress' does not match port width (5) of module 'SISO_rowunit_pipe' [C:/Users/sayed/Desktop/Programing/major project/major-project-/decoder_top/ne_rowcomputer_SRQ_p26.v:158]
WARNING: [Synth 8-605] same-named implicit nets 'wraddress' [C:/Users/sayed/Desktop/Programing/major project/major-project-/decoder_top/ne_rowcomputer_SRQ_p26.v:158]
INFO: [Synth 8-556] previous implicit net 'wraddress' [C:/Users/sayed/Desktop/Programing/major project/major-project-/decoder_top/ne_rowcomputer_SRQ_p26.v:158]
WARNING: [Synth 8-689] width (1) of port connection 'wraddress' does not match port width (5) of module 'SISO_rowunit_pipe' [C:/Users/sayed/Desktop/Programing/major project/major-project-/decoder_top/ne_rowcomputer_SRQ_p26.v:158]
WARNING: [Synth 8-605] same-named implicit nets 'wraddress' [C:/Users/sayed/Desktop/Programing/major project/major-project-/decoder_top/ne_rowcomputer_SRQ_p26.v:158]
INFO: [Synth 8-556] previous implicit net 'wraddress' [C:/Users/sayed/Desktop/Programing/major project/major-project-/decoder_top/ne_rowcomputer_SRQ_p26.v:158]
WARNING: [Synth 8-689] width (1) of port connection 'wraddress' does not match port width (5) of module 'SISO_rowunit_pipe' [C:/Users/sayed/Desktop/Programing/major project/major-project-/decoder_top/ne_rowcomputer_SRQ_p26.v:158]
WARNING: [Synth 8-605] same-named implicit nets 'wraddress' [C:/Users/sayed/Desktop/Programing/major project/major-project-/decoder_top/ne_rowcomputer_SRQ_p26.v:158]
INFO: [Synth 8-556] previous implicit net 'wraddress' [C:/Users/sayed/Desktop/Programing/major project/major-project-/decoder_top/ne_rowcomputer_SRQ_p26.v:158]
WARNING: [Synth 8-689] width (1) of port connection 'wraddress' does not match port width (5) of module 'SISO_rowunit_pipe' [C:/Users/sayed/Desktop/Programing/major project/major-project-/decoder_top/ne_rowcomputer_SRQ_p26.v:158]
WARNING: [Synth 8-605] same-named implicit nets 'wraddress' [C:/Users/sayed/Desktop/Programing/major project/major-project-/decoder_top/ne_rowcomputer_SRQ_p26.v:158]
INFO: [Synth 8-556] previous implicit net 'wraddress' [C:/Users/sayed/Desktop/Programing/major project/major-project-/decoder_top/ne_rowcomputer_SRQ_p26.v:158]
WARNING: [Synth 8-689] width (1) of port connection 'wraddress' does not match port width (5) of module 'SISO_rowunit_pipe' [C:/Users/sayed/Desktop/Programing/major project/major-project-/decoder_top/ne_rowcomputer_SRQ_p26.v:158]
WARNING: [Synth 8-605] same-named implicit nets 'wraddress' [C:/Users/sayed/Desktop/Programing/major project/major-project-/decoder_top/ne_rowcomputer_SRQ_p26.v:158]
INFO: [Synth 8-556] previous implicit net 'wraddress' [C:/Users/sayed/Desktop/Programing/major project/major-project-/decoder_top/ne_rowcomputer_SRQ_p26.v:158]
WARNING: [Synth 8-689] width (1) of port connection 'wraddress' does not match port width (5) of module 'SISO_rowunit_pipe' [C:/Users/sayed/Desktop/Programing/major project/major-project-/decoder_top/ne_rowcomputer_SRQ_p26.v:158]
WARNING: [Synth 8-605] same-named implicit nets 'wraddress' [C:/Users/sayed/Desktop/Programing/major project/major-project-/decoder_top/ne_rowcomputer_SRQ_p26.v:158]
INFO: [Synth 8-556] previous implicit net 'wraddress' [C:/Users/sayed/Desktop/Programing/major project/major-project-/decoder_top/ne_rowcomputer_SRQ_p26.v:158]
WARNING: [Synth 8-689] width (1) of port connection 'wraddress' does not match port width (5) of module 'SISO_rowunit_pipe' [C:/Users/sayed/Desktop/Programing/major project/major-project-/decoder_top/ne_rowcomputer_SRQ_p26.v:158]
WARNING: [Synth 8-605] same-named implicit nets 'wraddress' [C:/Users/sayed/Desktop/Programing/major project/major-project-/decoder_top/ne_rowcomputer_SRQ_p26.v:158]
INFO: [Synth 8-556] previous implicit net 'wraddress' [C:/Users/sayed/Desktop/Programing/major project/major-project-/decoder_top/ne_rowcomputer_SRQ_p26.v:158]
WARNING: [Synth 8-689] width (1) of port connection 'wraddress' does not match port width (5) of module 'SISO_rowunit_pipe' [C:/Users/sayed/Desktop/Programing/major project/major-project-/decoder_top/ne_rowcomputer_SRQ_p26.v:158]
WARNING: [Synth 8-605] same-named implicit nets 'wraddress' [C:/Users/sayed/Desktop/Programing/major project/major-project-/decoder_top/ne_rowcomputer_SRQ_p26.v:158]
INFO: [Synth 8-556] previous implicit net 'wraddress' [C:/Users/sayed/Desktop/Programing/major project/major-project-/decoder_top/ne_rowcomputer_SRQ_p26.v:158]
WARNING: [Synth 8-689] width (1) of port connection 'wraddress' does not match port width (5) of module 'SISO_rowunit_pipe' [C:/Users/sayed/Desktop/Programing/major project/major-project-/decoder_top/ne_rowcomputer_SRQ_p26.v:158]
WARNING: [Synth 8-605] same-named implicit nets 'wraddress' [C:/Users/sayed/Desktop/Programing/major project/major-project-/decoder_top/ne_rowcomputer_SRQ_p26.v:158]
INFO: [Synth 8-556] previous implicit net 'wraddress' [C:/Users/sayed/Desktop/Programing/major project/major-project-/decoder_top/ne_rowcomputer_SRQ_p26.v:158]
WARNING: [Synth 8-689] width (1) of port connection 'wraddress' does not match port width (5) of module 'SISO_rowunit_pipe' [C:/Users/sayed/Desktop/Programing/major project/major-project-/decoder_top/ne_rowcomputer_SRQ_p26.v:158]
WARNING: [Synth 8-605] same-named implicit nets 'wraddress' [C:/Users/sayed/Desktop/Programing/major project/major-project-/decoder_top/ne_rowcomputer_SRQ_p26.v:158]
INFO: [Synth 8-556] previous implicit net 'wraddress' [C:/Users/sayed/Desktop/Programing/major project/major-project-/decoder_top/ne_rowcomputer_SRQ_p26.v:158]
WARNING: [Synth 8-689] width (1) of port connection 'wraddress' does not match port width (5) of module 'SISO_rowunit_pipe' [C:/Users/sayed/Desktop/Programing/major project/major-project-/decoder_top/ne_rowcomputer_SRQ_p26.v:158]
WARNING: [Synth 8-605] same-named implicit nets 'wraddress' [C:/Users/sayed/Desktop/Programing/major project/major-project-/decoder_top/ne_rowcomputer_SRQ_p26.v:158]
INFO: [Synth 8-556] previous implicit net 'wraddress' [C:/Users/sayed/Desktop/Programing/major project/major-project-/decoder_top/ne_rowcomputer_SRQ_p26.v:158]
WARNING: [Synth 8-689] width (1) of port connection 'wraddress' does not match port width (5) of module 'SISO_rowunit_pipe' [C:/Users/sayed/Desktop/Programing/major project/major-project-/decoder_top/ne_rowcomputer_SRQ_p26.v:158]
WARNING: [Synth 8-605] same-named implicit nets 'wraddress' [C:/Users/sayed/Desktop/Programing/major project/major-project-/decoder_top/ne_rowcomputer_SRQ_p26.v:158]
INFO: [Synth 8-556] previous implicit net 'wraddress' [C:/Users/sayed/Desktop/Programing/major project/major-project-/decoder_top/ne_rowcomputer_SRQ_p26.v:158]
WARNING: [Synth 8-689] width (1) of port connection 'wraddress' does not match port width (5) of module 'SISO_rowunit_pipe' [C:/Users/sayed/Desktop/Programing/major project/major-project-/decoder_top/ne_rowcomputer_SRQ_p26.v:158]
WARNING: [Synth 8-605] same-named implicit nets 'wraddress' [C:/Users/sayed/Desktop/Programing/major project/major-project-/decoder_top/ne_rowcomputer_SRQ_p26.v:158]
INFO: [Synth 8-556] previous implicit net 'wraddress' [C:/Users/sayed/Desktop/Programing/major project/major-project-/decoder_top/ne_rowcomputer_SRQ_p26.v:158]
WARNING: [Synth 8-689] width (1) of port connection 'wraddress' does not match port width (5) of module 'SISO_rowunit_pipe' [C:/Users/sayed/Desktop/Programing/major project/major-project-/decoder_top/ne_rowcomputer_SRQ_p26.v:158]
WARNING: [Synth 8-605] same-named implicit nets 'wraddress' [C:/Users/sayed/Desktop/Programing/major project/major-project-/decoder_top/ne_rowcomputer_SRQ_p26.v:158]
INFO: [Synth 8-556] previous implicit net 'wraddress' [C:/Users/sayed/Desktop/Programing/major project/major-project-/decoder_top/ne_rowcomputer_SRQ_p26.v:158]
WARNING: [Synth 8-689] width (1) of port connection 'wraddress' does not match port width (5) of module 'SISO_rowunit_pipe' [C:/Users/sayed/Desktop/Programing/major project/major-project-/decoder_top/ne_rowcomputer_SRQ_p26.v:158]
WARNING: [Synth 8-605] same-named implicit nets 'wraddress' [C:/Users/sayed/Desktop/Programing/major project/major-project-/decoder_top/ne_rowcomputer_SRQ_p26.v:158]
INFO: [Synth 8-556] previous implicit net 'wraddress' [C:/Users/sayed/Desktop/Programing/major project/major-project-/decoder_top/ne_rowcomputer_SRQ_p26.v:158]
WARNING: [Synth 8-689] width (1) of port connection 'wraddress' does not match port width (5) of module 'SISO_rowunit_pipe' [C:/Users/sayed/Desktop/Programing/major project/major-project-/decoder_top/ne_rowcomputer_SRQ_p26.v:158]
WARNING: [Synth 8-605] same-named implicit nets 'wraddress' [C:/Users/sayed/Desktop/Programing/major project/major-project-/decoder_top/ne_rowcomputer_SRQ_p26.v:158]
INFO: [Synth 8-556] previous implicit net 'wraddress' [C:/Users/sayed/Desktop/Programing/major project/major-project-/decoder_top/ne_rowcomputer_SRQ_p26.v:158]
WARNING: [Synth 8-689] width (1) of port connection 'wraddress' does not match port width (5) of module 'SISO_rowunit_pipe' [C:/Users/sayed/Desktop/Programing/major project/major-project-/decoder_top/ne_rowcomputer_SRQ_p26.v:158]
WARNING: [Synth 8-605] same-named implicit nets 'wraddress' [C:/Users/sayed/Desktop/Programing/major project/major-project-/decoder_top/ne_rowcomputer_SRQ_p26.v:158]
INFO: [Synth 8-556] previous implicit net 'wraddress' [C:/Users/sayed/Desktop/Programing/major project/major-project-/decoder_top/ne_rowcomputer_SRQ_p26.v:158]
WARNING: [Synth 8-689] width (1) of port connection 'wraddress' does not match port width (5) of module 'SISO_rowunit_pipe' [C:/Users/sayed/Desktop/Programing/major project/major-project-/decoder_top/ne_rowcomputer_SRQ_p26.v:158]
WARNING: [Synth 8-605] same-named implicit nets 'wraddress' [C:/Users/sayed/Desktop/Programing/major project/major-project-/decoder_top/ne_rowcomputer_SRQ_p26.v:158]
INFO: [Synth 8-556] previous implicit net 'wraddress' [C:/Users/sayed/Desktop/Programing/major project/major-project-/decoder_top/ne_rowcomputer_SRQ_p26.v:158]
WARNING: [Synth 8-689] width (1) of port connection 'wraddress' does not match port width (5) of module 'SISO_rowunit_pipe' [C:/Users/sayed/Desktop/Programing/major project/major-project-/decoder_top/ne_rowcomputer_SRQ_p26.v:158]
WARNING: [Synth 8-605] same-named implicit nets 'wraddress' [C:/Users/sayed/Desktop/Programing/major project/major-project-/decoder_top/ne_rowcomputer_SRQ_p26.v:158]
INFO: [Synth 8-556] previous implicit net 'wraddress' [C:/Users/sayed/Desktop/Programing/major project/major-project-/decoder_top/ne_rowcomputer_SRQ_p26.v:158]
WARNING: [Synth 8-689] width (1) of port connection 'wraddress' does not match port width (5) of module 'SISO_rowunit_pipe' [C:/Users/sayed/Desktop/Programing/major project/major-project-/decoder_top/ne_rowcomputer_SRQ_p26.v:158]
WARNING: [Synth 8-605] same-named implicit nets 'wraddress' [C:/Users/sayed/Desktop/Programing/major project/major-project-/decoder_top/ne_rowcomputer_SRQ_p26.v:158]
INFO: [Synth 8-556] previous implicit net 'wraddress' [C:/Users/sayed/Desktop/Programing/major project/major-project-/decoder_top/ne_rowcomputer_SRQ_p26.v:158]
WARNING: [Synth 8-689] width (1) of port connection 'wraddress' does not match port width (5) of module 'SISO_rowunit_pipe' [C:/Users/sayed/Desktop/Programing/major project/major-project-/decoder_top/ne_rowcomputer_SRQ_p26.v:158]
WARNING: [Synth 8-605] same-named implicit nets 'wraddress' [C:/Users/sayed/Desktop/Programing/major project/major-project-/decoder_top/ne_rowcomputer_SRQ_p26.v:158]
INFO: [Synth 8-556] previous implicit net 'wraddress' [C:/Users/sayed/Desktop/Programing/major project/major-project-/decoder_top/ne_rowcomputer_SRQ_p26.v:158]
WARNING: [Synth 8-689] width (1) of port connection 'wraddress' does not match port width (5) of module 'SISO_rowunit_pipe' [C:/Users/sayed/Desktop/Programing/major project/major-project-/decoder_top/ne_rowcomputer_SRQ_p26.v:158]
WARNING: [Synth 8-605] same-named implicit nets 'wraddress' [C:/Users/sayed/Desktop/Programing/major project/major-project-/decoder_top/ne_rowcomputer_SRQ_p26.v:158]
INFO: [Synth 8-556] previous implicit net 'wraddress' [C:/Users/sayed/Desktop/Programing/major project/major-project-/decoder_top/ne_rowcomputer_SRQ_p26.v:158]
WARNING: [Synth 8-689] width (1) of port connection 'wraddress' does not match port width (5) of module 'SISO_rowunit_pipe' [C:/Users/sayed/Desktop/Programing/major project/major-project-/decoder_top/ne_rowcomputer_SRQ_p26.v:158]
WARNING: [Synth 8-605] same-named implicit nets 'wraddress' [C:/Users/sayed/Desktop/Programing/major project/major-project-/decoder_top/ne_rowcomputer_SRQ_p26.v:158]
INFO: [Synth 8-556] previous implicit net 'wraddress' [C:/Users/sayed/Desktop/Programing/major project/major-project-/decoder_top/ne_rowcomputer_SRQ_p26.v:158]
WARNING: [Synth 8-689] width (1) of port connection 'wraddress' does not match port width (5) of module 'SISO_rowunit_pipe' [C:/Users/sayed/Desktop/Programing/major project/major-project-/decoder_top/ne_rowcomputer_SRQ_p26.v:158]
INFO: [Synth 8-6157] synthesizing module 'ne_AddrGenFSM_pipe' [C:/Users/sayed/Desktop/Programing/major project/major-project-/decoder_top/controller_pipe.v:24]
	Parameter Z bound to: 511 - type: integer 
	Parameter P bound to: 26 - type: integer 
	Parameter PIPESTAGES bound to: 13 - type: integer 
	Parameter MAXITRS bound to: 10 - type: integer 
	Parameter ROWDEPTH bound to: 20 - type: integer 
	Parameter P_LAST bound to: 17 - type: integer 
	Parameter ROWWIDTH bound to: 5 - type: integer 
	Parameter PIPECOUNTWIDTH bound to: 4 - type: integer 
	Parameter ITRWIDTH bound to: 4 - type: integer 
	Parameter MEMRDCYCLES0 bound to: 4 - type: integer 
	Parameter MEMRDCYCLES1 bound to: 4 - type: integer 
	Parameter INIT bound to: 32'sb00000000000000000000000000000000 
	Parameter LYR0 bound to: 1 - type: integer 
	Parameter LYR0WAIT bound to: 2 - type: integer 
	Parameter LYR1 bound to: 3 - type: integer 
	Parameter LYR1WAIT bound to: 4 - type: integer 
INFO: [Synth 8-6155] done synthesizing module 'ne_AddrGenFSM_pipe' (19#1) [C:/Users/sayed/Desktop/Programing/major project/major-project-/decoder_top/controller_pipe.v:24]
INFO: [Synth 8-6157] synthesizing module 'Lmem_SRQtype_combined_ns_reginout2pipe' [C:/Users/sayed/Desktop/Programing/major project/major-project-/decoder_top/Lmem_SRQtype_combined_ns_reginout2pipe.v:33]
	Parameter W bound to: 6 - type: integer 
	Parameter maxVal bound to: 6'b011111 
	Parameter P bound to: 26 - type: integer 
	Parameter Nb bound to: 16 - type: integer 
	Parameter Kb bound to: 14 - type: integer 
	Parameter HDWIDTH bound to: 32 - type: integer 
	Parameter Wt bound to: 2 - type: integer 
	Parameter ADDRESSWIDTH bound to: 5 - type: integer 
	Parameter r bound to: 52 - type: integer 
	Parameter w bound to: 6 - type: integer 
INFO: [Synth 8-6157] synthesizing module 'LMem0To1_511_circ0_scripted' [C:/Users/sayed/Desktop/Programing/major project/major-project-/decoder_top/LMem0To1_511_circ0_scripted.v:2]
	Parameter w bound to: 6 - type: integer 
	Parameter r bound to: 52 - type: integer 
	Parameter c bound to: 14 - type: integer 
	Parameter ADDRESSWIDTH bound to: 5 - type: integer 
	Parameter muxOutSymbols bound to: 52 - type: integer 
	Parameter maxVal bound to: 6'b011111 
	Parameter READDISABLEDCASE bound to: 5'b11111 
WARNING: [Synth 8-5856] 3D RAM fifoOut_reg  for this pattern/configuration is not supported. This will most likely be implemented in registers
INFO: [Synth 8-6155] done synthesizing module 'LMem0To1_511_circ0_scripted' (20#1) [C:/Users/sayed/Desktop/Programing/major project/major-project-/decoder_top/LMem0To1_511_circ0_scripted.v:2]
INFO: [Synth 8-6157] synthesizing module 'LMem0To1_511_circ1_scripted' [C:/Users/sayed/Desktop/Programing/major project/major-project-/decoder_top/LMem0To1_511_circ1_scripted.v:2]
	Parameter w bound to: 6 - type: integer 
	Parameter r bound to: 52 - type: integer 
	Parameter c bound to: 12 - type: integer 
	Parameter ADDRESSWIDTH bound to: 5 - type: integer 
	Parameter muxOutSymbols bound to: 52 - type: integer 
	Parameter maxVal bound to: 6'b011111 
	Parameter READDISABLEDCASE bound to: 5'b11111 
WARNING: [Synth 8-5856] 3D RAM fifoOut_reg  for this pattern/configuration is not supported. This will most likely be implemented in registers
INFO: [Synth 8-6155] done synthesizing module 'LMem0To1_511_circ1_scripted' (21#1) [C:/Users/sayed/Desktop/Programing/major project/major-project-/decoder_top/LMem0To1_511_circ1_scripted.v:2]
INFO: [Synth 8-6157] synthesizing module 'LMem0To1_511_circ2_scripted' [C:/Users/sayed/Desktop/Programing/major project/major-project-/decoder_top/LMem0To1_511_circ2_scripted.v:2]
	Parameter w bound to: 6 - type: integer 
	Parameter r bound to: 52 - type: integer 
	Parameter c bound to: 14 - type: integer 
	Parameter ADDRESSWIDTH bound to: 5 - type: integer 
	Parameter muxOutSymbols bound to: 52 - type: integer 
	Parameter maxVal bound to: 6'b011111 
	Parameter READDISABLEDCASE bound to: 5'b11111 
WARNING: [Synth 8-5856] 3D RAM fifoOut_reg  for this pattern/configuration is not supported. This will most likely be implemented in registers
INFO: [Synth 8-6155] done synthesizing module 'LMem0To1_511_circ2_scripted' (22#1) [C:/Users/sayed/Desktop/Programing/major project/major-project-/decoder_top/LMem0To1_511_circ2_scripted.v:2]
INFO: [Synth 8-6157] synthesizing module 'LMem0To1_511_circ3_scripted' [C:/Users/sayed/Desktop/Programing/major project/major-project-/decoder_top/LMem0To1_511_circ3_scripted.v:2]
	Parameter w bound to: 6 - type: integer 
	Parameter r bound to: 52 - type: integer 
	Parameter c bound to: 16 - type: integer 
	Parameter ADDRESSWIDTH bound to: 5 - type: integer 
	Parameter muxOutSymbols bound to: 52 - type: integer 
	Parameter maxVal bound to: 6'b011111 
	Parameter READDISABLEDCASE bound to: 5'b11111 
WARNING: [Synth 8-5856] 3D RAM fifoOut_reg  for this pattern/configuration is not supported. This will most likely be implemented in registers
INFO: [Synth 8-6155] done synthesizing module 'LMem0To1_511_circ3_scripted' (23#1) [C:/Users/sayed/Desktop/Programing/major project/major-project-/decoder_top/LMem0To1_511_circ3_scripted.v:2]
INFO: [Synth 8-6157] synthesizing module 'LMem0To1_511_circ4_scripted' [C:/Users/sayed/Desktop/Programing/major project/major-project-/decoder_top/LMem0To1_511_circ4_scripted.v:2]
	Parameter w bound to: 6 - type: integer 
	Parameter r bound to: 52 - type: integer 
	Parameter c bound to: 16 - type: integer 
	Parameter ADDRESSWIDTH bound to: 5 - type: integer 
	Parameter muxOutSymbols bound to: 52 - type: integer 
	Parameter maxVal bound to: 6'b011111 
	Parameter READDISABLEDCASE bound to: 5'b11111 
WARNING: [Synth 8-5856] 3D RAM fifoOut_reg  for this pattern/configuration is not supported. This will most likely be implemented in registers
INFO: [Synth 8-6155] done synthesizing module 'LMem0To1_511_circ4_scripted' (24#1) [C:/Users/sayed/Desktop/Programing/major project/major-project-/decoder_top/LMem0To1_511_circ4_scripted.v:2]
INFO: [Synth 8-6157] synthesizing module 'LMem0To1_511_circ5_scripted' [C:/Users/sayed/Desktop/Programing/major project/major-project-/decoder_top/LMem0To1_511_circ5_scripted.v:2]
	Parameter w bound to: 6 - type: integer 
	Parameter r bound to: 52 - type: integer 
	Parameter c bound to: 11 - type: integer 
	Parameter ADDRESSWIDTH bound to: 5 - type: integer 
	Parameter muxOutSymbols bound to: 52 - type: integer 
	Parameter maxVal bound to: 6'b011111 
	Parameter READDISABLEDCASE bound to: 5'b11111 
WARNING: [Synth 8-5856] 3D RAM fifoOut_reg  for this pattern/configuration is not supported. This will most likely be implemented in registers
INFO: [Synth 8-6155] done synthesizing module 'LMem0To1_511_circ5_scripted' (25#1) [C:/Users/sayed/Desktop/Programing/major project/major-project-/decoder_top/LMem0To1_511_circ5_scripted.v:2]
INFO: [Synth 8-6157] synthesizing module 'LMem0To1_511_circ6_scripted' [C:/Users/sayed/Desktop/Programing/major project/major-project-/decoder_top/LMem0To1_511_circ6_scripted.v:2]
	Parameter w bound to: 6 - type: integer 
	Parameter r bound to: 52 - type: integer 
	Parameter c bound to: 14 - type: integer 
	Parameter ADDRESSWIDTH bound to: 5 - type: integer 
	Parameter muxOutSymbols bound to: 52 - type: integer 
	Parameter maxVal bound to: 6'b011111 
	Parameter READDISABLEDCASE bound to: 5'b11111 
WARNING: [Synth 8-5856] 3D RAM fifoOut_reg  for this pattern/configuration is not supported. This will most likely be implemented in registers
INFO: [Synth 8-6155] done synthesizing module 'LMem0To1_511_circ6_scripted' (26#1) [C:/Users/sayed/Desktop/Programing/major project/major-project-/decoder_top/LMem0To1_511_circ6_scripted.v:2]
INFO: [Synth 8-6157] synthesizing module 'LMem0To1_511_circ7_scripted' [C:/Users/sayed/Desktop/Programing/major project/major-project-/decoder_top/LMem0To1_511_circ7_scripted.v:2]
	Parameter w bound to: 6 - type: integer 
	Parameter r bound to: 52 - type: integer 
	Parameter c bound to: 14 - type: integer 
	Parameter ADDRESSWIDTH bound to: 5 - type: integer 
	Parameter muxOutSymbols bound to: 52 - type: integer 
	Parameter maxVal bound to: 6'b011111 
	Parameter READDISABLEDCASE bound to: 5'b11111 
WARNING: [Synth 8-5856] 3D RAM fifoOut_reg  for this pattern/configuration is not supported. This will most likely be implemented in registers
INFO: [Synth 8-6155] done synthesizing module 'LMem0To1_511_circ7_scripted' (27#1) [C:/Users/sayed/Desktop/Programing/major project/major-project-/decoder_top/LMem0To1_511_circ7_scripted.v:2]
INFO: [Synth 8-6157] synthesizing module 'LMem0To1_511_circ8_scripted' [C:/Users/sayed/Desktop/Programing/major project/major-project-/decoder_top/LMem0To1_511_circ8_scripted.v:2]
	Parameter w bound to: 6 - type: integer 
	Parameter r bound to: 52 - type: integer 
	Parameter c bound to: 13 - type: integer 
	Parameter ADDRESSWIDTH bound to: 5 - type: integer 
	Parameter muxOutSymbols bound to: 52 - type: integer 
	Parameter maxVal bound to: 6'b011111 
	Parameter READDISABLEDCASE bound to: 5'b11111 
WARNING: [Synth 8-5856] 3D RAM fifoOut_reg  for this pattern/configuration is not supported. This will most likely be implemented in registers
INFO: [Synth 8-6155] done synthesizing module 'LMem0To1_511_circ8_scripted' (28#1) [C:/Users/sayed/Desktop/Programing/major project/major-project-/decoder_top/LMem0To1_511_circ8_scripted.v:2]
INFO: [Synth 8-6157] synthesizing module 'LMem0To1_511_circ9_scripted' [C:/Users/sayed/Desktop/Programing/major project/major-project-/decoder_top/LMem0To1_511_circ9_scripted.v:2]
	Parameter w bound to: 6 - type: integer 
	Parameter r bound to: 52 - type: integer 
	Parameter c bound to: 11 - type: integer 
	Parameter ADDRESSWIDTH bound to: 5 - type: integer 
	Parameter muxOutSymbols bound to: 52 - type: integer 
	Parameter maxVal bound to: 6'b011111 
	Parameter READDISABLEDCASE bound to: 5'b11111 
WARNING: [Synth 8-5856] 3D RAM fifoOut_reg  for this pattern/configuration is not supported. This will most likely be implemented in registers
INFO: [Synth 8-6155] done synthesizing module 'LMem0To1_511_circ9_scripted' (29#1) [C:/Users/sayed/Desktop/Programing/major project/major-project-/decoder_top/LMem0To1_511_circ9_scripted.v:2]
INFO: [Synth 8-6157] synthesizing module 'LMem0To1_511_circ10_scripted' [C:/Users/sayed/Desktop/Programing/major project/major-project-/decoder_top/LMem0To1_511_circ10_scripted.v:2]
	Parameter w bound to: 6 - type: integer 
	Parameter r bound to: 52 - type: integer 
	Parameter c bound to: 13 - type: integer 
	Parameter ADDRESSWIDTH bound to: 5 - type: integer 
	Parameter muxOutSymbols bound to: 52 - type: integer 
	Parameter maxVal bound to: 6'b011111 
	Parameter READDISABLEDCASE bound to: 5'b11111 
WARNING: [Synth 8-5856] 3D RAM fifoOut_reg  for this pattern/configuration is not supported. This will most likely be implemented in registers
INFO: [Synth 8-6155] done synthesizing module 'LMem0To1_511_circ10_scripted' (30#1) [C:/Users/sayed/Desktop/Programing/major project/major-project-/decoder_top/LMem0To1_511_circ10_scripted.v:2]
INFO: [Synth 8-6157] synthesizing module 'LMem0To1_511_circ11_scripted' [C:/Users/sayed/Desktop/Programing/major project/major-project-/decoder_top/LMem0To1_511_circ11_scripted.v:2]
	Parameter w bound to: 6 - type: integer 
	Parameter r bound to: 52 - type: integer 
	Parameter c bound to: 11 - type: integer 
	Parameter ADDRESSWIDTH bound to: 5 - type: integer 
	Parameter muxOutSymbols bound to: 52 - type: integer 
	Parameter maxVal bound to: 6'b011111 
	Parameter READDISABLEDCASE bound to: 5'b11111 
WARNING: [Synth 8-5856] 3D RAM fifoOut_reg  for this pattern/configuration is not supported. This will most likely be implemented in registers
INFO: [Synth 8-6155] done synthesizing module 'LMem0To1_511_circ11_scripted' (31#1) [C:/Users/sayed/Desktop/Programing/major project/major-project-/decoder_top/LMem0To1_511_circ11_scripted.v:2]
INFO: [Synth 8-6157] synthesizing module 'LMem0To1_511_circ12_scripted' [C:/Users/sayed/Desktop/Programing/major project/major-project-/decoder_top/LMem0To1_511_circ12_scripted.v:2]
	Parameter w bound to: 6 - type: integer 
	Parameter r bound to: 52 - type: integer 
	Parameter c bound to: 16 - type: integer 
	Parameter ADDRESSWIDTH bound to: 5 - type: integer 
	Parameter muxOutSymbols bound to: 52 - type: integer 
	Parameter maxVal bound to: 6'b011111 
	Parameter READDISABLEDCASE bound to: 5'b11111 
WARNING: [Synth 8-5856] 3D RAM fifoOut_reg  for this pattern/configuration is not supported. This will most likely be implemented in registers
INFO: [Synth 8-6155] done synthesizing module 'LMem0To1_511_circ12_scripted' (32#1) [C:/Users/sayed/Desktop/Programing/major project/major-project-/decoder_top/LMem0To1_511_circ12_scripted.v:2]
INFO: [Synth 8-6157] synthesizing module 'LMem0To1_511_circ13_scripted' [C:/Users/sayed/Desktop/Programing/major project/major-project-/decoder_top/LMem0To1_511_circ13_scripted.v:2]
	Parameter w bound to: 6 - type: integer 
	Parameter r bound to: 52 - type: integer 
	Parameter c bound to: 11 - type: integer 
	Parameter ADDRESSWIDTH bound to: 5 - type: integer 
	Parameter muxOutSymbols bound to: 52 - type: integer 
	Parameter maxVal bound to: 6'b011111 
	Parameter READDISABLEDCASE bound to: 5'b11111 
WARNING: [Synth 8-5856] 3D RAM fifoOut_reg  for this pattern/configuration is not supported. This will most likely be implemented in registers
INFO: [Synth 8-6155] done synthesizing module 'LMem0To1_511_circ13_scripted' (33#1) [C:/Users/sayed/Desktop/Programing/major project/major-project-/decoder_top/LMem0To1_511_circ13_scripted.v:2]
INFO: [Synth 8-6157] synthesizing module 'LMem0To1_511_circ14_scripted' [C:/Users/sayed/Desktop/Programing/major project/major-project-/decoder_top/LMem0To1_511_circ14_scripted.v:2]
	Parameter w bound to: 6 - type: integer 
	Parameter r bound to: 52 - type: integer 
	Parameter c bound to: 11 - type: integer 
	Parameter ADDRESSWIDTH bound to: 5 - type: integer 
	Parameter muxOutSymbols bound to: 52 - type: integer 
	Parameter maxVal bound to: 6'b011111 
	Parameter READDISABLEDCASE bound to: 5'b11111 
WARNING: [Synth 8-5856] 3D RAM fifoOut_reg  for this pattern/configuration is not supported. This will most likely be implemented in registers
INFO: [Synth 8-6155] done synthesizing module 'LMem0To1_511_circ14_scripted' (34#1) [C:/Users/sayed/Desktop/Programing/major project/major-project-/decoder_top/LMem0To1_511_circ14_scripted.v:2]
INFO: [Synth 8-6157] synthesizing module 'LMem0To1_511_circ15_scripted' [C:/Users/sayed/Desktop/Programing/major project/major-project-/decoder_top/LMem0To1_511_circ15_scripted.v:2]
	Parameter w bound to: 6 - type: integer 
	Parameter r bound to: 52 - type: integer 
	Parameter c bound to: 12 - type: integer 
	Parameter ADDRESSWIDTH bound to: 5 - type: integer 
	Parameter muxOutSymbols bound to: 52 - type: integer 
	Parameter maxVal bound to: 6'b011111 
	Parameter READDISABLEDCASE bound to: 5'b11111 
WARNING: [Synth 8-5856] 3D RAM fifoOut_reg  for this pattern/configuration is not supported. This will most likely be implemented in registers
INFO: [Synth 8-6155] done synthesizing module 'LMem0To1_511_circ15_scripted' (35#1) [C:/Users/sayed/Desktop/Programing/major project/major-project-/decoder_top/LMem0To1_511_circ15_scripted.v:2]
INFO: [Synth 8-6157] synthesizing module 'LMem1To0_511_circ0_combined_ns_yu_scripted' [C:/Users/sayed/Desktop/Programing/major project/major-project-/decoder_top/LMem1To0_511_circ0_combined_ns_yu_scripted_h1.v:2]
	Parameter w bound to: 6 - type: integer 
	Parameter r bound to: 52 - type: integer 
	Parameter r_lower bound to: 32 - type: integer 
	Parameter c bound to: 17 - type: integer 
	Parameter ADDRESSWIDTH bound to: 5 - type: integer 
	Parameter muxOutSymbols bound to: 52 - type: integer 
	Parameter unloadMuxOutBits bound to: 32 - type: integer 
	Parameter maxVal bound to: 6'b011111 
	Parameter READDISABLEDCASE bound to: 5'b11111 
WARNING: [Synth 8-5856] 3D RAM fifoOut_reg  for this pattern/configuration is not supported. This will most likely be implemented in registers
WARNING: [Synth 8-6014] Unused sequential element fifoOut_reg[51][16] was removed.  [C:/Users/sayed/Desktop/Programing/major project/major-project-/decoder_top/LMem1To0_511_circ0_combined_ns_yu_scripted_h1.v:90]
WARNING: [Synth 8-6014] Unused sequential element fifoOut_reg[51][15] was removed.  [C:/Users/sayed/Desktop/Programing/major project/major-project-/decoder_top/LMem1To0_511_circ0_combined_ns_yu_scripted_h1.v:90]
WARNING: [Synth 8-6014] Unused sequential element fifoOut_reg[50][16] was removed.  [C:/Users/sayed/Desktop/Programing/major project/major-project-/decoder_top/LMem1To0_511_circ0_combined_ns_yu_scripted_h1.v:90]
WARNING: [Synth 8-6014] Unused sequential element fifoOut_reg[50][15] was removed.  [C:/Users/sayed/Desktop/Programing/major project/major-project-/decoder_top/LMem1To0_511_circ0_combined_ns_yu_scripted_h1.v:90]
WARNING: [Synth 8-6014] Unused sequential element fifoOut_reg[49][16] was removed.  [C:/Users/sayed/Desktop/Programing/major project/major-project-/decoder_top/LMem1To0_511_circ0_combined_ns_yu_scripted_h1.v:90]
WARNING: [Synth 8-6014] Unused sequential element fifoOut_reg[49][15] was removed.  [C:/Users/sayed/Desktop/Programing/major project/major-project-/decoder_top/LMem1To0_511_circ0_combined_ns_yu_scripted_h1.v:90]
WARNING: [Synth 8-6014] Unused sequential element fifoOut_reg[48][16] was removed.  [C:/Users/sayed/Desktop/Programing/major project/major-project-/decoder_top/LMem1To0_511_circ0_combined_ns_yu_scripted_h1.v:90]
WARNING: [Synth 8-6014] Unused sequential element fifoOut_reg[48][15] was removed.  [C:/Users/sayed/Desktop/Programing/major project/major-project-/decoder_top/LMem1To0_511_circ0_combined_ns_yu_scripted_h1.v:90]
WARNING: [Synth 8-6014] Unused sequential element fifoOut_reg[47][16] was removed.  [C:/Users/sayed/Desktop/Programing/major project/major-project-/decoder_top/LMem1To0_511_circ0_combined_ns_yu_scripted_h1.v:90]
WARNING: [Synth 8-6014] Unused sequential element fifoOut_reg[47][15] was removed.  [C:/Users/sayed/Desktop/Programing/major project/major-project-/decoder_top/LMem1To0_511_circ0_combined_ns_yu_scripted_h1.v:90]
WARNING: [Synth 8-6014] Unused sequential element fifoOut_reg[46][16] was removed.  [C:/Users/sayed/Desktop/Programing/major project/major-project-/decoder_top/LMem1To0_511_circ0_combined_ns_yu_scripted_h1.v:90]
WARNING: [Synth 8-6014] Unused sequential element fifoOut_reg[46][15] was removed.  [C:/Users/sayed/Desktop/Programing/major project/major-project-/decoder_top/LMem1To0_511_circ0_combined_ns_yu_scripted_h1.v:90]
WARNING: [Synth 8-6014] Unused sequential element fifoOut_reg[45][16] was removed.  [C:/Users/sayed/Desktop/Programing/major project/major-project-/decoder_top/LMem1To0_511_circ0_combined_ns_yu_scripted_h1.v:90]
WARNING: [Synth 8-6014] Unused sequential element fifoOut_reg[45][15] was removed.  [C:/Users/sayed/Desktop/Programing/major project/major-project-/decoder_top/LMem1To0_511_circ0_combined_ns_yu_scripted_h1.v:90]
WARNING: [Synth 8-6014] Unused sequential element fifoOut_reg[44][16] was removed.  [C:/Users/sayed/Desktop/Programing/major project/major-project-/decoder_top/LMem1To0_511_circ0_combined_ns_yu_scripted_h1.v:90]
WARNING: [Synth 8-6014] Unused sequential element fifoOut_reg[44][15] was removed.  [C:/Users/sayed/Desktop/Programing/major project/major-project-/decoder_top/LMem1To0_511_circ0_combined_ns_yu_scripted_h1.v:90]
WARNING: [Synth 8-6014] Unused sequential element fifoOut_reg[43][16] was removed.  [C:/Users/sayed/Desktop/Programing/major project/major-project-/decoder_top/LMem1To0_511_circ0_combined_ns_yu_scripted_h1.v:90]
WARNING: [Synth 8-6014] Unused sequential element fifoOut_reg[43][15] was removed.  [C:/Users/sayed/Desktop/Programing/major project/major-project-/decoder_top/LMem1To0_511_circ0_combined_ns_yu_scripted_h1.v:90]
WARNING: [Synth 8-6014] Unused sequential element fifoOut_reg[42][16] was removed.  [C:/Users/sayed/Desktop/Programing/major project/major-project-/decoder_top/LMem1To0_511_circ0_combined_ns_yu_scripted_h1.v:90]
WARNING: [Synth 8-6014] Unused sequential element fifoOut_reg[42][15] was removed.  [C:/Users/sayed/Desktop/Programing/major project/major-project-/decoder_top/LMem1To0_511_circ0_combined_ns_yu_scripted_h1.v:90]
WARNING: [Synth 8-6014] Unused sequential element fifoOut_reg[41][16] was removed.  [C:/Users/sayed/Desktop/Programing/major project/major-project-/decoder_top/LMem1To0_511_circ0_combined_ns_yu_scripted_h1.v:90]
WARNING: [Synth 8-6014] Unused sequential element fifoOut_reg[41][15] was removed.  [C:/Users/sayed/Desktop/Programing/major project/major-project-/decoder_top/LMem1To0_511_circ0_combined_ns_yu_scripted_h1.v:90]
WARNING: [Synth 8-6014] Unused sequential element fifoOut_reg[40][16] was removed.  [C:/Users/sayed/Desktop/Programing/major project/major-project-/decoder_top/LMem1To0_511_circ0_combined_ns_yu_scripted_h1.v:90]
WARNING: [Synth 8-6014] Unused sequential element fifoOut_reg[40][15] was removed.  [C:/Users/sayed/Desktop/Programing/major project/major-project-/decoder_top/LMem1To0_511_circ0_combined_ns_yu_scripted_h1.v:90]
WARNING: [Synth 8-6014] Unused sequential element fifoOut_reg[39][16] was removed.  [C:/Users/sayed/Desktop/Programing/major project/major-project-/decoder_top/LMem1To0_511_circ0_combined_ns_yu_scripted_h1.v:90]
WARNING: [Synth 8-6014] Unused sequential element fifoOut_reg[39][15] was removed.  [C:/Users/sayed/Desktop/Programing/major project/major-project-/decoder_top/LMem1To0_511_circ0_combined_ns_yu_scripted_h1.v:90]
WARNING: [Synth 8-6014] Unused sequential element fifoOut_reg[38][16] was removed.  [C:/Users/sayed/Desktop/Programing/major project/major-project-/decoder_top/LMem1To0_511_circ0_combined_ns_yu_scripted_h1.v:90]
WARNING: [Synth 8-6014] Unused sequential element fifoOut_reg[38][15] was removed.  [C:/Users/sayed/Desktop/Programing/major project/major-project-/decoder_top/LMem1To0_511_circ0_combined_ns_yu_scripted_h1.v:90]
WARNING: [Synth 8-6014] Unused sequential element fifoOut_reg[37][16] was removed.  [C:/Users/sayed/Desktop/Programing/major project/major-project-/decoder_top/LMem1To0_511_circ0_combined_ns_yu_scripted_h1.v:90]
WARNING: [Synth 8-6014] Unused sequential element fifoOut_reg[37][15] was removed.  [C:/Users/sayed/Desktop/Programing/major project/major-project-/decoder_top/LMem1To0_511_circ0_combined_ns_yu_scripted_h1.v:90]
WARNING: [Synth 8-6014] Unused sequential element fifoOut_reg[36][16] was removed.  [C:/Users/sayed/Desktop/Programing/major project/major-project-/decoder_top/LMem1To0_511_circ0_combined_ns_yu_scripted_h1.v:90]
WARNING: [Synth 8-6014] Unused sequential element fifoOut_reg[36][15] was removed.  [C:/Users/sayed/Desktop/Programing/major project/major-project-/decoder_top/LMem1To0_511_circ0_combined_ns_yu_scripted_h1.v:90]
WARNING: [Synth 8-6014] Unused sequential element fifoOut_reg[35][16] was removed.  [C:/Users/sayed/Desktop/Programing/major project/major-project-/decoder_top/LMem1To0_511_circ0_combined_ns_yu_scripted_h1.v:90]
WARNING: [Synth 8-6014] Unused sequential element fifoOut_reg[35][15] was removed.  [C:/Users/sayed/Desktop/Programing/major project/major-project-/decoder_top/LMem1To0_511_circ0_combined_ns_yu_scripted_h1.v:90]
WARNING: [Synth 8-6014] Unused sequential element fifoOut_reg[34][16] was removed.  [C:/Users/sayed/Desktop/Programing/major project/major-project-/decoder_top/LMem1To0_511_circ0_combined_ns_yu_scripted_h1.v:90]
WARNING: [Synth 8-6014] Unused sequential element fifoOut_reg[34][15] was removed.  [C:/Users/sayed/Desktop/Programing/major project/major-project-/decoder_top/LMem1To0_511_circ0_combined_ns_yu_scripted_h1.v:90]
WARNING: [Synth 8-6014] Unused sequential element fifoOut_reg[33][16] was removed.  [C:/Users/sayed/Desktop/Programing/major project/major-project-/decoder_top/LMem1To0_511_circ0_combined_ns_yu_scripted_h1.v:90]
WARNING: [Synth 8-6014] Unused sequential element fifoOut_reg[33][15] was removed.  [C:/Users/sayed/Desktop/Programing/major project/major-project-/decoder_top/LMem1To0_511_circ0_combined_ns_yu_scripted_h1.v:90]
WARNING: [Synth 8-6014] Unused sequential element fifoOut_reg[32][16] was removed.  [C:/Users/sayed/Desktop/Programing/major project/major-project-/decoder_top/LMem1To0_511_circ0_combined_ns_yu_scripted_h1.v:90]
WARNING: [Synth 8-6014] Unused sequential element fifoOut_reg[32][15] was removed.  [C:/Users/sayed/Desktop/Programing/major project/major-project-/decoder_top/LMem1To0_511_circ0_combined_ns_yu_scripted_h1.v:90]
WARNING: [Synth 8-6014] Unused sequential element fifoOut_reg[31][16] was removed.  [C:/Users/sayed/Desktop/Programing/major project/major-project-/decoder_top/LMem1To0_511_circ0_combined_ns_yu_scripted_h1.v:90]
WARNING: [Synth 8-6014] Unused sequential element fifoOut_reg[30][16] was removed.  [C:/Users/sayed/Desktop/Programing/major project/major-project-/decoder_top/LMem1To0_511_circ0_combined_ns_yu_scripted_h1.v:90]
WARNING: [Synth 8-6014] Unused sequential element fifoOut_reg[29][16] was removed.  [C:/Users/sayed/Desktop/Programing/major project/major-project-/decoder_top/LMem1To0_511_circ0_combined_ns_yu_scripted_h1.v:90]
WARNING: [Synth 8-6014] Unused sequential element fifoOut_reg[28][16] was removed.  [C:/Users/sayed/Desktop/Programing/major project/major-project-/decoder_top/LMem1To0_511_circ0_combined_ns_yu_scripted_h1.v:90]
WARNING: [Synth 8-6014] Unused sequential element fifoOut_reg[27][16] was removed.  [C:/Users/sayed/Desktop/Programing/major project/major-project-/decoder_top/LMem1To0_511_circ0_combined_ns_yu_scripted_h1.v:90]
WARNING: [Synth 8-6014] Unused sequential element fifoOut_reg[26][16] was removed.  [C:/Users/sayed/Desktop/Programing/major project/major-project-/decoder_top/LMem1To0_511_circ0_combined_ns_yu_scripted_h1.v:90]
WARNING: [Synth 8-6014] Unused sequential element fifoOut_reg[25][16] was removed.  [C:/Users/sayed/Desktop/Programing/major project/major-project-/decoder_top/LMem1To0_511_circ0_combined_ns_yu_scripted_h1.v:90]
WARNING: [Synth 8-6014] Unused sequential element fifoOut_reg[24][16] was removed.  [C:/Users/sayed/Desktop/Programing/major project/major-project-/decoder_top/LMem1To0_511_circ0_combined_ns_yu_scripted_h1.v:90]
WARNING: [Synth 8-6014] Unused sequential element fifoOut_reg[23][16] was removed.  [C:/Users/sayed/Desktop/Programing/major project/major-project-/decoder_top/LMem1To0_511_circ0_combined_ns_yu_scripted_h1.v:90]
WARNING: [Synth 8-6014] Unused sequential element fifoOut_reg[22][16] was removed.  [C:/Users/sayed/Desktop/Programing/major project/major-project-/decoder_top/LMem1To0_511_circ0_combined_ns_yu_scripted_h1.v:90]
WARNING: [Synth 8-6014] Unused sequential element fifoOut_reg[21][16] was removed.  [C:/Users/sayed/Desktop/Programing/major project/major-project-/decoder_top/LMem1To0_511_circ0_combined_ns_yu_scripted_h1.v:90]
WARNING: [Synth 8-6014] Unused sequential element fifoOut_reg[20][16] was removed.  [C:/Users/sayed/Desktop/Programing/major project/major-project-/decoder_top/LMem1To0_511_circ0_combined_ns_yu_scripted_h1.v:90]
WARNING: [Synth 8-6014] Unused sequential element fifoOut_reg[19][16] was removed.  [C:/Users/sayed/Desktop/Programing/major project/major-project-/decoder_top/LMem1To0_511_circ0_combined_ns_yu_scripted_h1.v:90]
WARNING: [Synth 8-6014] Unused sequential element fifoOut_reg[18][16] was removed.  [C:/Users/sayed/Desktop/Programing/major project/major-project-/decoder_top/LMem1To0_511_circ0_combined_ns_yu_scripted_h1.v:90]
WARNING: [Synth 8-6014] Unused sequential element fifoOut_reg[17][16] was removed.  [C:/Users/sayed/Desktop/Programing/major project/major-project-/decoder_top/LMem1To0_511_circ0_combined_ns_yu_scripted_h1.v:90]
WARNING: [Synth 8-6014] Unused sequential element fifoOut_reg[16][16] was removed.  [C:/Users/sayed/Desktop/Programing/major project/major-project-/decoder_top/LMem1To0_511_circ0_combined_ns_yu_scripted_h1.v:90]
WARNING: [Synth 8-6014] Unused sequential element fifoOut_reg[15][16] was removed.  [C:/Users/sayed/Desktop/Programing/major project/major-project-/decoder_top/LMem1To0_511_circ0_combined_ns_yu_scripted_h1.v:90]
WARNING: [Synth 8-6014] Unused sequential element fifoOut_reg[14][16] was removed.  [C:/Users/sayed/Desktop/Programing/major project/major-project-/decoder_top/LMem1To0_511_circ0_combined_ns_yu_scripted_h1.v:90]
WARNING: [Synth 8-6014] Unused sequential element fifoOut_reg[13][16] was removed.  [C:/Users/sayed/Desktop/Programing/major project/major-project-/decoder_top/LMem1To0_511_circ0_combined_ns_yu_scripted_h1.v:90]
WARNING: [Synth 8-6014] Unused sequential element fifoOut_reg[12][16] was removed.  [C:/Users/sayed/Desktop/Programing/major project/major-project-/decoder_top/LMem1To0_511_circ0_combined_ns_yu_scripted_h1.v:90]
WARNING: [Synth 8-6014] Unused sequential element fifoOut_reg[11][16] was removed.  [C:/Users/sayed/Desktop/Programing/major project/major-project-/decoder_top/LMem1To0_511_circ0_combined_ns_yu_scripted_h1.v:90]
WARNING: [Synth 8-6014] Unused sequential element fifoOut_reg[10][16] was removed.  [C:/Users/sayed/Desktop/Programing/major project/major-project-/decoder_top/LMem1To0_511_circ0_combined_ns_yu_scripted_h1.v:90]
WARNING: [Synth 8-6014] Unused sequential element fifoOut_reg[9][16] was removed.  [C:/Users/sayed/Desktop/Programing/major project/major-project-/decoder_top/LMem1To0_511_circ0_combined_ns_yu_scripted_h1.v:90]
WARNING: [Synth 8-6014] Unused sequential element fifoOut_reg[8][16] was removed.  [C:/Users/sayed/Desktop/Programing/major project/major-project-/decoder_top/LMem1To0_511_circ0_combined_ns_yu_scripted_h1.v:90]
WARNING: [Synth 8-6014] Unused sequential element fifoOut_reg[7][16] was removed.  [C:/Users/sayed/Desktop/Programing/major project/major-project-/decoder_top/LMem1To0_511_circ0_combined_ns_yu_scripted_h1.v:90]
WARNING: [Synth 8-6014] Unused sequential element fifoOut_reg[6][16] was removed.  [C:/Users/sayed/Desktop/Programing/major project/major-project-/decoder_top/LMem1To0_511_circ0_combined_ns_yu_scripted_h1.v:90]
WARNING: [Synth 8-6014] Unused sequential element fifoOut_reg[5][16] was removed.  [C:/Users/sayed/Desktop/Programing/major project/major-project-/decoder_top/LMem1To0_511_circ0_combined_ns_yu_scripted_h1.v:90]
WARNING: [Synth 8-6014] Unused sequential element fifoOut_reg[4][16] was removed.  [C:/Users/sayed/Desktop/Programing/major project/major-project-/decoder_top/LMem1To0_511_circ0_combined_ns_yu_scripted_h1.v:90]
WARNING: [Synth 8-6014] Unused sequential element fifoOut_reg[3][16] was removed.  [C:/Users/sayed/Desktop/Programing/major project/major-project-/decoder_top/LMem1To0_511_circ0_combined_ns_yu_scripted_h1.v:90]
WARNING: [Synth 8-6014] Unused sequential element fifoOut_reg[2][16] was removed.  [C:/Users/sayed/Desktop/Programing/major project/major-project-/decoder_top/LMem1To0_511_circ0_combined_ns_yu_scripted_h1.v:90]
WARNING: [Synth 8-6014] Unused sequential element fifoOut_reg[1][16] was removed.  [C:/Users/sayed/Desktop/Programing/major project/major-project-/decoder_top/LMem1To0_511_circ0_combined_ns_yu_scripted_h1.v:90]
WARNING: [Synth 8-6014] Unused sequential element fifoOut_reg[0][16] was removed.  [C:/Users/sayed/Desktop/Programing/major project/major-project-/decoder_top/LMem1To0_511_circ0_combined_ns_yu_scripted_h1.v:90]
INFO: [Synth 8-6155] done synthesizing module 'LMem1To0_511_circ0_combined_ns_yu_scripted' (36#1) [C:/Users/sayed/Desktop/Programing/major project/major-project-/decoder_top/LMem1To0_511_circ0_combined_ns_yu_scripted_h1.v:2]
INFO: [Synth 8-6157] synthesizing module 'LMem1To0_511_circ1_combined_ns_yu_scripted' [C:/Users/sayed/Desktop/Programing/major project/major-project-/decoder_top/LMem1To0_511_circ1_combined_ns_yu_scripted_h1.v:2]
	Parameter w bound to: 6 - type: integer 
	Parameter r bound to: 52 - type: integer 
	Parameter r_lower bound to: 32 - type: integer 
	Parameter c bound to: 17 - type: integer 
	Parameter ADDRESSWIDTH bound to: 5 - type: integer 
	Parameter muxOutSymbols bound to: 52 - type: integer 
	Parameter unloadMuxOutBits bound to: 32 - type: integer 
	Parameter maxVal bound to: 6'b011111 
	Parameter READDISABLEDCASE bound to: 5'b11111 
WARNING: [Synth 8-5856] 3D RAM fifoOut_reg  for this pattern/configuration is not supported. This will most likely be implemented in registers
WARNING: [Synth 8-6014] Unused sequential element fifoOut_reg[51][16] was removed.  [C:/Users/sayed/Desktop/Programing/major project/major-project-/decoder_top/LMem1To0_511_circ1_combined_ns_yu_scripted_h1.v:90]
WARNING: [Synth 8-6014] Unused sequential element fifoOut_reg[51][15] was removed.  [C:/Users/sayed/Desktop/Programing/major project/major-project-/decoder_top/LMem1To0_511_circ1_combined_ns_yu_scripted_h1.v:90]
WARNING: [Synth 8-6014] Unused sequential element fifoOut_reg[51][14] was removed.  [C:/Users/sayed/Desktop/Programing/major project/major-project-/decoder_top/LMem1To0_511_circ1_combined_ns_yu_scripted_h1.v:90]
WARNING: [Synth 8-6014] Unused sequential element fifoOut_reg[50][16] was removed.  [C:/Users/sayed/Desktop/Programing/major project/major-project-/decoder_top/LMem1To0_511_circ1_combined_ns_yu_scripted_h1.v:90]
WARNING: [Synth 8-6014] Unused sequential element fifoOut_reg[50][15] was removed.  [C:/Users/sayed/Desktop/Programing/major project/major-project-/decoder_top/LMem1To0_511_circ1_combined_ns_yu_scripted_h1.v:90]
WARNING: [Synth 8-6014] Unused sequential element fifoOut_reg[50][14] was removed.  [C:/Users/sayed/Desktop/Programing/major project/major-project-/decoder_top/LMem1To0_511_circ1_combined_ns_yu_scripted_h1.v:90]
WARNING: [Synth 8-6014] Unused sequential element fifoOut_reg[49][16] was removed.  [C:/Users/sayed/Desktop/Programing/major project/major-project-/decoder_top/LMem1To0_511_circ1_combined_ns_yu_scripted_h1.v:90]
WARNING: [Synth 8-6014] Unused sequential element fifoOut_reg[49][15] was removed.  [C:/Users/sayed/Desktop/Programing/major project/major-project-/decoder_top/LMem1To0_511_circ1_combined_ns_yu_scripted_h1.v:90]
WARNING: [Synth 8-6014] Unused sequential element fifoOut_reg[49][14] was removed.  [C:/Users/sayed/Desktop/Programing/major project/major-project-/decoder_top/LMem1To0_511_circ1_combined_ns_yu_scripted_h1.v:90]
WARNING: [Synth 8-6014] Unused sequential element fifoOut_reg[48][16] was removed.  [C:/Users/sayed/Desktop/Programing/major project/major-project-/decoder_top/LMem1To0_511_circ1_combined_ns_yu_scripted_h1.v:90]
WARNING: [Synth 8-6014] Unused sequential element fifoOut_reg[48][15] was removed.  [C:/Users/sayed/Desktop/Programing/major project/major-project-/decoder_top/LMem1To0_511_circ1_combined_ns_yu_scripted_h1.v:90]
WARNING: [Synth 8-6014] Unused sequential element fifoOut_reg[48][14] was removed.  [C:/Users/sayed/Desktop/Programing/major project/major-project-/decoder_top/LMem1To0_511_circ1_combined_ns_yu_scripted_h1.v:90]
WARNING: [Synth 8-6014] Unused sequential element fifoOut_reg[47][16] was removed.  [C:/Users/sayed/Desktop/Programing/major project/major-project-/decoder_top/LMem1To0_511_circ1_combined_ns_yu_scripted_h1.v:90]
WARNING: [Synth 8-6014] Unused sequential element fifoOut_reg[47][15] was removed.  [C:/Users/sayed/Desktop/Programing/major project/major-project-/decoder_top/LMem1To0_511_circ1_combined_ns_yu_scripted_h1.v:90]
WARNING: [Synth 8-6014] Unused sequential element fifoOut_reg[47][14] was removed.  [C:/Users/sayed/Desktop/Programing/major project/major-project-/decoder_top/LMem1To0_511_circ1_combined_ns_yu_scripted_h1.v:90]
WARNING: [Synth 8-6014] Unused sequential element fifoOut_reg[46][16] was removed.  [C:/Users/sayed/Desktop/Programing/major project/major-project-/decoder_top/LMem1To0_511_circ1_combined_ns_yu_scripted_h1.v:90]
WARNING: [Synth 8-6014] Unused sequential element fifoOut_reg[46][15] was removed.  [C:/Users/sayed/Desktop/Programing/major project/major-project-/decoder_top/LMem1To0_511_circ1_combined_ns_yu_scripted_h1.v:90]
WARNING: [Synth 8-6014] Unused sequential element fifoOut_reg[46][14] was removed.  [C:/Users/sayed/Desktop/Programing/major project/major-project-/decoder_top/LMem1To0_511_circ1_combined_ns_yu_scripted_h1.v:90]
WARNING: [Synth 8-6014] Unused sequential element fifoOut_reg[45][16] was removed.  [C:/Users/sayed/Desktop/Programing/major project/major-project-/decoder_top/LMem1To0_511_circ1_combined_ns_yu_scripted_h1.v:90]
WARNING: [Synth 8-6014] Unused sequential element fifoOut_reg[45][15] was removed.  [C:/Users/sayed/Desktop/Programing/major project/major-project-/decoder_top/LMem1To0_511_circ1_combined_ns_yu_scripted_h1.v:90]
WARNING: [Synth 8-6014] Unused sequential element fifoOut_reg[45][14] was removed.  [C:/Users/sayed/Desktop/Programing/major project/major-project-/decoder_top/LMem1To0_511_circ1_combined_ns_yu_scripted_h1.v:90]
WARNING: [Synth 8-6014] Unused sequential element fifoOut_reg[44][16] was removed.  [C:/Users/sayed/Desktop/Programing/major project/major-project-/decoder_top/LMem1To0_511_circ1_combined_ns_yu_scripted_h1.v:90]
WARNING: [Synth 8-6014] Unused sequential element fifoOut_reg[44][15] was removed.  [C:/Users/sayed/Desktop/Programing/major project/major-project-/decoder_top/LMem1To0_511_circ1_combined_ns_yu_scripted_h1.v:90]
WARNING: [Synth 8-6014] Unused sequential element fifoOut_reg[44][14] was removed.  [C:/Users/sayed/Desktop/Programing/major project/major-project-/decoder_top/LMem1To0_511_circ1_combined_ns_yu_scripted_h1.v:90]
WARNING: [Synth 8-6014] Unused sequential element fifoOut_reg[43][16] was removed.  [C:/Users/sayed/Desktop/Programing/major project/major-project-/decoder_top/LMem1To0_511_circ1_combined_ns_yu_scripted_h1.v:90]
WARNING: [Synth 8-6014] Unused sequential element fifoOut_reg[43][15] was removed.  [C:/Users/sayed/Desktop/Programing/major project/major-project-/decoder_top/LMem1To0_511_circ1_combined_ns_yu_scripted_h1.v:90]
WARNING: [Synth 8-6014] Unused sequential element fifoOut_reg[43][14] was removed.  [C:/Users/sayed/Desktop/Programing/major project/major-project-/decoder_top/LMem1To0_511_circ1_combined_ns_yu_scripted_h1.v:90]
INFO: [Common 17-14] Message 'Synth 8-6014' appears 100 times and further instances of the messages will be disabled. Use the Tcl command set_msg_config to change the current settings.
INFO: [Synth 8-6155] done synthesizing module 'LMem1To0_511_circ1_combined_ns_yu_scripted' (37#1) [C:/Users/sayed/Desktop/Programing/major project/major-project-/decoder_top/LMem1To0_511_circ1_combined_ns_yu_scripted_h1.v:2]
INFO: [Synth 8-6157] synthesizing module 'LMem1To0_511_circ2_combined_ns_yu_scripted' [C:/Users/sayed/Desktop/Programing/major project/major-project-/decoder_top/LMem1To0_511_circ2_combined_ns_yu_scripted_h1.v:2]
	Parameter w bound to: 6 - type: integer 
	Parameter r bound to: 52 - type: integer 
	Parameter r_lower bound to: 32 - type: integer 
	Parameter c bound to: 17 - type: integer 
	Parameter ADDRESSWIDTH bound to: 5 - type: integer 
	Parameter muxOutSymbols bound to: 52 - type: integer 
	Parameter unloadMuxOutBits bound to: 32 - type: integer 
	Parameter maxVal bound to: 6'b011111 
	Parameter READDISABLEDCASE bound to: 5'b11111 
WARNING: [Synth 8-5856] 3D RAM fifoOut_reg  for this pattern/configuration is not supported. This will most likely be implemented in registers
INFO: [Synth 8-6155] done synthesizing module 'LMem1To0_511_circ2_combined_ns_yu_scripted' (38#1) [C:/Users/sayed/Desktop/Programing/major project/major-project-/decoder_top/LMem1To0_511_circ2_combined_ns_yu_scripted_h1.v:2]
INFO: [Synth 8-6157] synthesizing module 'LMem1To0_511_circ3_combined_ns_yu_scripted' [C:/Users/sayed/Desktop/Programing/major project/major-project-/decoder_top/LMem1To0_511_circ3_combined_ns_yu_scripted_h1.v:2]
	Parameter w bound to: 6 - type: integer 
	Parameter r bound to: 52 - type: integer 
	Parameter r_lower bound to: 32 - type: integer 
	Parameter c bound to: 17 - type: integer 
	Parameter ADDRESSWIDTH bound to: 5 - type: integer 
	Parameter muxOutSymbols bound to: 52 - type: integer 
	Parameter unloadMuxOutBits bound to: 32 - type: integer 
	Parameter maxVal bound to: 6'b011111 
	Parameter READDISABLEDCASE bound to: 5'b11111 
WARNING: [Synth 8-5856] 3D RAM fifoOut_reg  for this pattern/configuration is not supported. This will most likely be implemented in registers
INFO: [Synth 8-6155] done synthesizing module 'LMem1To0_511_circ3_combined_ns_yu_scripted' (39#1) [C:/Users/sayed/Desktop/Programing/major project/major-project-/decoder_top/LMem1To0_511_circ3_combined_ns_yu_scripted_h1.v:2]
INFO: [Synth 8-6157] synthesizing module 'LMem1To0_511_circ4_combined_ns_yu_scripted' [C:/Users/sayed/Desktop/Programing/major project/major-project-/decoder_top/LMem1To0_511_circ4_combined_ns_yu_scripted_h1.v:2]
	Parameter w bound to: 6 - type: integer 
	Parameter r bound to: 52 - type: integer 
	Parameter r_lower bound to: 32 - type: integer 
	Parameter c bound to: 17 - type: integer 
	Parameter ADDRESSWIDTH bound to: 5 - type: integer 
	Parameter muxOutSymbols bound to: 52 - type: integer 
	Parameter unloadMuxOutBits bound to: 32 - type: integer 
	Parameter maxVal bound to: 6'b011111 
	Parameter READDISABLEDCASE bound to: 5'b11111 
WARNING: [Synth 8-5856] 3D RAM fifoOut_reg  for this pattern/configuration is not supported. This will most likely be implemented in registers
INFO: [Synth 8-6155] done synthesizing module 'LMem1To0_511_circ4_combined_ns_yu_scripted' (40#1) [C:/Users/sayed/Desktop/Programing/major project/major-project-/decoder_top/LMem1To0_511_circ4_combined_ns_yu_scripted_h1.v:2]
INFO: [Synth 8-6157] synthesizing module 'LMem1To0_511_circ5_combined_ns_yu_scripted' [C:/Users/sayed/Desktop/Programing/major project/major-project-/decoder_top/LMem1To0_511_circ5_combined_ns_yu_scripted_h1.v:2]
	Parameter w bound to: 6 - type: integer 
	Parameter r bound to: 52 - type: integer 
	Parameter r_lower bound to: 32 - type: integer 
	Parameter c bound to: 17 - type: integer 
	Parameter ADDRESSWIDTH bound to: 5 - type: integer 
	Parameter muxOutSymbols bound to: 52 - type: integer 
	Parameter unloadMuxOutBits bound to: 32 - type: integer 
	Parameter maxVal bound to: 6'b011111 
	Parameter READDISABLEDCASE bound to: 5'b11111 
WARNING: [Synth 8-5856] 3D RAM fifoOut_reg  for this pattern/configuration is not supported. This will most likely be implemented in registers
INFO: [Synth 8-6155] done synthesizing module 'LMem1To0_511_circ5_combined_ns_yu_scripted' (41#1) [C:/Users/sayed/Desktop/Programing/major project/major-project-/decoder_top/LMem1To0_511_circ5_combined_ns_yu_scripted_h1.v:2]
INFO: [Synth 8-6157] synthesizing module 'LMem1To0_511_circ6_combined_ns_yu_scripted' [C:/Users/sayed/Desktop/Programing/major project/major-project-/decoder_top/LMem1To0_511_circ6_combined_ns_yu_scripted_h1.v:2]
	Parameter w bound to: 6 - type: integer 
	Parameter r bound to: 52 - type: integer 
	Parameter r_lower bound to: 32 - type: integer 
	Parameter c bound to: 17 - type: integer 
	Parameter ADDRESSWIDTH bound to: 5 - type: integer 
	Parameter muxOutSymbols bound to: 52 - type: integer 
	Parameter unloadMuxOutBits bound to: 32 - type: integer 
	Parameter maxVal bound to: 6'b011111 
	Parameter READDISABLEDCASE bound to: 5'b11111 
WARNING: [Synth 8-5856] 3D RAM fifoOut_reg  for this pattern/configuration is not supported. This will most likely be implemented in registers
INFO: [Synth 8-6155] done synthesizing module 'LMem1To0_511_circ6_combined_ns_yu_scripted' (42#1) [C:/Users/sayed/Desktop/Programing/major project/major-project-/decoder_top/LMem1To0_511_circ6_combined_ns_yu_scripted_h1.v:2]
INFO: [Synth 8-6157] synthesizing module 'LMem1To0_511_circ7_combined_ns_yu_scripted' [C:/Users/sayed/Desktop/Programing/major project/major-project-/decoder_top/LMem1To0_511_circ7_combined_ns_yu_scripted_h1.v:2]
	Parameter w bound to: 6 - type: integer 
	Parameter r bound to: 52 - type: integer 
	Parameter r_lower bound to: 32 - type: integer 
	Parameter c bound to: 17 - type: integer 
	Parameter ADDRESSWIDTH bound to: 5 - type: integer 
	Parameter muxOutSymbols bound to: 52 - type: integer 
	Parameter unloadMuxOutBits bound to: 32 - type: integer 
	Parameter maxVal bound to: 6'b011111 
	Parameter READDISABLEDCASE bound to: 5'b11111 
WARNING: [Synth 8-5856] 3D RAM fifoOut_reg  for this pattern/configuration is not supported. This will most likely be implemented in registers
INFO: [Synth 8-6155] done synthesizing module 'LMem1To0_511_circ7_combined_ns_yu_scripted' (43#1) [C:/Users/sayed/Desktop/Programing/major project/major-project-/decoder_top/LMem1To0_511_circ7_combined_ns_yu_scripted_h1.v:2]
INFO: [Synth 8-6157] synthesizing module 'LMem1To0_511_circ8_combined_ns_yu_scripted' [C:/Users/sayed/Desktop/Programing/major project/major-project-/decoder_top/LMem1To0_511_circ8_combined_ns_yu_scripted_h1.v:2]
	Parameter w bound to: 6 - type: integer 
	Parameter r bound to: 52 - type: integer 
	Parameter r_lower bound to: 32 - type: integer 
	Parameter c bound to: 17 - type: integer 
	Parameter ADDRESSWIDTH bound to: 5 - type: integer 
	Parameter muxOutSymbols bound to: 52 - type: integer 
	Parameter unloadMuxOutBits bound to: 32 - type: integer 
	Parameter maxVal bound to: 6'b011111 
	Parameter READDISABLEDCASE bound to: 5'b11111 
WARNING: [Synth 8-5856] 3D RAM fifoOut_reg  for this pattern/configuration is not supported. This will most likely be implemented in registers
INFO: [Synth 8-6155] done synthesizing module 'LMem1To0_511_circ8_combined_ns_yu_scripted' (44#1) [C:/Users/sayed/Desktop/Programing/major project/major-project-/decoder_top/LMem1To0_511_circ8_combined_ns_yu_scripted_h1.v:2]
INFO: [Synth 8-6157] synthesizing module 'LMem1To0_511_circ9_combined_ns_yu_scripted' [C:/Users/sayed/Desktop/Programing/major project/major-project-/decoder_top/LMem1To0_511_circ9_combined_ns_yu_scripted_h1.v:2]
	Parameter w bound to: 6 - type: integer 
	Parameter r bound to: 52 - type: integer 
	Parameter r_lower bound to: 32 - type: integer 
	Parameter c bound to: 17 - type: integer 
	Parameter ADDRESSWIDTH bound to: 5 - type: integer 
	Parameter muxOutSymbols bound to: 52 - type: integer 
	Parameter unloadMuxOutBits bound to: 32 - type: integer 
	Parameter maxVal bound to: 6'b011111 
	Parameter READDISABLEDCASE bound to: 5'b11111 
WARNING: [Synth 8-5856] 3D RAM fifoOut_reg  for this pattern/configuration is not supported. This will most likely be implemented in registers
INFO: [Synth 8-6155] done synthesizing module 'LMem1To0_511_circ9_combined_ns_yu_scripted' (45#1) [C:/Users/sayed/Desktop/Programing/major project/major-project-/decoder_top/LMem1To0_511_circ9_combined_ns_yu_scripted_h1.v:2]
INFO: [Synth 8-6157] synthesizing module 'LMem1To0_511_circ10_combined_ns_yu_scripted' [C:/Users/sayed/Desktop/Programing/major project/major-project-/decoder_top/LMem1To0_511_circ10_combined_ns_yu_scripted_h1.v:2]
	Parameter w bound to: 6 - type: integer 
	Parameter r bound to: 52 - type: integer 
	Parameter r_lower bound to: 32 - type: integer 
	Parameter c bound to: 17 - type: integer 
	Parameter ADDRESSWIDTH bound to: 5 - type: integer 
	Parameter muxOutSymbols bound to: 52 - type: integer 
	Parameter unloadMuxOutBits bound to: 32 - type: integer 
	Parameter maxVal bound to: 6'b011111 
	Parameter READDISABLEDCASE bound to: 5'b11111 
WARNING: [Synth 8-5856] 3D RAM fifoOut_reg  for this pattern/configuration is not supported. This will most likely be implemented in registers
INFO: [Synth 8-6155] done synthesizing module 'LMem1To0_511_circ10_combined_ns_yu_scripted' (46#1) [C:/Users/sayed/Desktop/Programing/major project/major-project-/decoder_top/LMem1To0_511_circ10_combined_ns_yu_scripted_h1.v:2]
INFO: [Synth 8-6157] synthesizing module 'LMem1To0_511_circ11_combined_ns_yu_scripted' [C:/Users/sayed/Desktop/Programing/major project/major-project-/decoder_top/LMem1To0_511_circ11_combined_ns_yu_scripted_h1.v:2]
	Parameter w bound to: 6 - type: integer 
	Parameter r bound to: 52 - type: integer 
	Parameter r_lower bound to: 32 - type: integer 
	Parameter c bound to: 17 - type: integer 
	Parameter ADDRESSWIDTH bound to: 5 - type: integer 
	Parameter muxOutSymbols bound to: 52 - type: integer 
	Parameter unloadMuxOutBits bound to: 32 - type: integer 
	Parameter maxVal bound to: 6'b011111 
	Parameter READDISABLEDCASE bound to: 5'b11111 
WARNING: [Synth 8-5856] 3D RAM fifoOut_reg  for this pattern/configuration is not supported. This will most likely be implemented in registers
INFO: [Synth 8-6155] done synthesizing module 'LMem1To0_511_circ11_combined_ns_yu_scripted' (47#1) [C:/Users/sayed/Desktop/Programing/major project/major-project-/decoder_top/LMem1To0_511_circ11_combined_ns_yu_scripted_h1.v:2]
INFO: [Synth 8-6157] synthesizing module 'LMem1To0_511_circ12_combined_ns_yu_scripted' [C:/Users/sayed/Desktop/Programing/major project/major-project-/decoder_top/LMem1To0_511_circ12_combined_ns_yu_scripted_h1.v:2]
	Parameter w bound to: 6 - type: integer 
	Parameter r bound to: 52 - type: integer 
	Parameter r_lower bound to: 32 - type: integer 
	Parameter c bound to: 17 - type: integer 
	Parameter ADDRESSWIDTH bound to: 5 - type: integer 
	Parameter muxOutSymbols bound to: 52 - type: integer 
	Parameter unloadMuxOutBits bound to: 32 - type: integer 
	Parameter maxVal bound to: 6'b011111 
	Parameter READDISABLEDCASE bound to: 5'b11111 
WARNING: [Synth 8-5856] 3D RAM fifoOut_reg  for this pattern/configuration is not supported. This will most likely be implemented in registers
INFO: [Synth 8-6155] done synthesizing module 'LMem1To0_511_circ12_combined_ns_yu_scripted' (48#1) [C:/Users/sayed/Desktop/Programing/major project/major-project-/decoder_top/LMem1To0_511_circ12_combined_ns_yu_scripted_h1.v:2]
INFO: [Synth 8-6157] synthesizing module 'LMem1To0_511_circ13_combined_ns_yu_scripted' [C:/Users/sayed/Desktop/Programing/major project/major-project-/decoder_top/LMem1To0_511_circ13_combined_ns_yu_scripted_h1.v:2]
	Parameter w bound to: 6 - type: integer 
	Parameter r bound to: 52 - type: integer 
	Parameter r_lower bound to: 32 - type: integer 
	Parameter c bound to: 17 - type: integer 
	Parameter ADDRESSWIDTH bound to: 5 - type: integer 
	Parameter muxOutSymbols bound to: 52 - type: integer 
	Parameter unloadMuxOutBits bound to: 32 - type: integer 
	Parameter maxVal bound to: 6'b011111 
	Parameter READDISABLEDCASE bound to: 5'b11111 
WARNING: [Synth 8-5856] 3D RAM fifoOut_reg  for this pattern/configuration is not supported. This will most likely be implemented in registers
INFO: [Synth 8-6155] done synthesizing module 'LMem1To0_511_circ13_combined_ns_yu_scripted' (49#1) [C:/Users/sayed/Desktop/Programing/major project/major-project-/decoder_top/LMem1To0_511_circ13_combined_ns_yu_scripted_h1.v:2]
INFO: [Synth 8-6157] synthesizing module 'LMem1To0_511_circ14_combined_ns_yu_scripted' [C:/Users/sayed/Desktop/Programing/major project/major-project-/decoder_top/LMem1To0_511_circ14_combined_ns_yu_scripted_h1.v:2]
	Parameter w bound to: 6 - type: integer 
	Parameter r bound to: 52 - type: integer 
	Parameter r_lower bound to: 32 - type: integer 
	Parameter c bound to: 17 - type: integer 
	Parameter ADDRESSWIDTH bound to: 5 - type: integer 
	Parameter muxOutSymbols bound to: 52 - type: integer 
	Parameter maxVal bound to: 6'b011111 
	Parameter READDISABLEDCASE bound to: 5'b11111 
WARNING: [Synth 8-5856] 3D RAM fifoOut_reg  for this pattern/configuration is not supported. This will most likely be implemented in registers
INFO: [Synth 8-6155] done synthesizing module 'LMem1To0_511_circ14_combined_ns_yu_scripted' (50#1) [C:/Users/sayed/Desktop/Programing/major project/major-project-/decoder_top/LMem1To0_511_circ14_combined_ns_yu_scripted_h1.v:2]
INFO: [Synth 8-6157] synthesizing module 'LMem1To0_511_circ15_combined_ns_yu_scripted' [C:/Users/sayed/Desktop/Programing/major project/major-project-/decoder_top/LMem1To0_511_circ15_combined_ns_yu_scripted_h1.v:2]
	Parameter w bound to: 6 - type: integer 
	Parameter r bound to: 52 - type: integer 
	Parameter r_lower bound to: 32 - type: integer 
	Parameter c bound to: 17 - type: integer 
	Parameter ADDRESSWIDTH bound to: 5 - type: integer 
	Parameter muxOutSymbols bound to: 52 - type: integer 
	Parameter maxVal bound to: 6'b011111 
	Parameter READDISABLEDCASE bound to: 5'b11111 
WARNING: [Synth 8-5856] 3D RAM fifoOut_reg  for this pattern/configuration is not supported. This will most likely be implemented in registers
INFO: [Synth 8-6155] done synthesizing module 'LMem1To0_511_circ15_combined_ns_yu_scripted' (51#1) [C:/Users/sayed/Desktop/Programing/major project/major-project-/decoder_top/LMem1To0_511_circ15_combined_ns_yu_scripted_h1.v:2]
INFO: [Synth 8-6155] done synthesizing module 'Lmem_SRQtype_combined_ns_reginout2pipe' (52#1) [C:/Users/sayed/Desktop/Programing/major project/major-project-/decoder_top/Lmem_SRQtype_combined_ns_reginout2pipe.v:33]
INFO: [Synth 8-6157] synthesizing module 'Dmem_SRQtype_regout' [C:/Users/sayed/Desktop/Programing/major project/major-project-/decoder_top/Dmem_SRQtype.v:27]
	Parameter W bound to: 6 - type: integer 
	Parameter P bound to: 26 - type: integer 
	Parameter Nb bound to: 16 - type: integer 
	Parameter Wt bound to: 2 - type: integer 
	Parameter ADDRESSWIDTH bound to: 5 - type: integer 
	Parameter r bound to: 52 - type: integer 
	Parameter w bound to: 6 - type: integer 
INFO: [Synth 8-6157] synthesizing module 'Dmem_circ0_scripted' [C:/Users/sayed/Desktop/Programing/major project/major-project-/decoder_top/Dmem_circ0_scripted.v:2]
	Parameter r bound to: 52 - type: integer 
	Parameter c bound to: 13 - type: integer 
	Parameter w bound to: 6 - type: integer 
	Parameter ADDRESSWIDTH bound to: 5 - type: integer 
	Parameter READDISABLEDCASE bound to: 5'b11111 
WARNING: [Synth 8-5856] 3D RAM fifoOut_reg  for this pattern/configuration is not supported. This will most likely be implemented in registers
INFO: [Synth 8-6155] done synthesizing module 'Dmem_circ0_scripted' (53#1) [C:/Users/sayed/Desktop/Programing/major project/major-project-/decoder_top/Dmem_circ0_scripted.v:2]
INFO: [Synth 8-6157] synthesizing module 'Dmem_circ1_scripted' [C:/Users/sayed/Desktop/Programing/major project/major-project-/decoder_top/Dmem_circ1_scripted.v:2]
	Parameter r bound to: 52 - type: integer 
	Parameter c bound to: 12 - type: integer 
	Parameter w bound to: 6 - type: integer 
	Parameter ADDRESSWIDTH bound to: 5 - type: integer 
	Parameter READDISABLEDCASE bound to: 5'b11111 
WARNING: [Synth 8-5856] 3D RAM fifoOut_reg  for this pattern/configuration is not supported. This will most likely be implemented in registers
INFO: [Synth 8-6155] done synthesizing module 'Dmem_circ1_scripted' (54#1) [C:/Users/sayed/Desktop/Programing/major project/major-project-/decoder_top/Dmem_circ1_scripted.v:2]
INFO: [Synth 8-6157] synthesizing module 'Dmem_circ2_scripted' [C:/Users/sayed/Desktop/Programing/major project/major-project-/decoder_top/Dmem_circ2_scripted.v:2]
	Parameter r bound to: 52 - type: integer 
	Parameter c bound to: 12 - type: integer 
	Parameter w bound to: 6 - type: integer 
	Parameter ADDRESSWIDTH bound to: 5 - type: integer 
	Parameter READDISABLEDCASE bound to: 5'b11111 
WARNING: [Synth 8-5856] 3D RAM fifoOut_reg  for this pattern/configuration is not supported. This will most likely be implemented in registers
INFO: [Synth 8-6155] done synthesizing module 'Dmem_circ2_scripted' (55#1) [C:/Users/sayed/Desktop/Programing/major project/major-project-/decoder_top/Dmem_circ2_scripted.v:2]
INFO: [Synth 8-6157] synthesizing module 'Dmem_circ3_scripted' [C:/Users/sayed/Desktop/Programing/major project/major-project-/decoder_top/Dmem_circ3_scripted.v:2]
	Parameter r bound to: 52 - type: integer 
	Parameter c bound to: 14 - type: integer 
	Parameter w bound to: 6 - type: integer 
	Parameter ADDRESSWIDTH bound to: 5 - type: integer 
	Parameter READDISABLEDCASE bound to: 5'b11111 
WARNING: [Synth 8-5856] 3D RAM fifoOut_reg  for this pattern/configuration is not supported. This will most likely be implemented in registers
INFO: [Synth 8-6155] done synthesizing module 'Dmem_circ3_scripted' (56#1) [C:/Users/sayed/Desktop/Programing/major project/major-project-/decoder_top/Dmem_circ3_scripted.v:2]
INFO: [Synth 8-6157] synthesizing module 'Dmem_circ4_scripted' [C:/Users/sayed/Desktop/Programing/major project/major-project-/decoder_top/Dmem_circ4_scripted.v:2]
	Parameter r bound to: 52 - type: integer 
	Parameter c bound to: 14 - type: integer 
	Parameter w bound to: 6 - type: integer 
	Parameter ADDRESSWIDTH bound to: 5 - type: integer 
	Parameter READDISABLEDCASE bound to: 5'b11111 
WARNING: [Synth 8-5856] 3D RAM fifoOut_reg  for this pattern/configuration is not supported. This will most likely be implemented in registers
INFO: [Synth 8-6155] done synthesizing module 'Dmem_circ4_scripted' (57#1) [C:/Users/sayed/Desktop/Programing/major project/major-project-/decoder_top/Dmem_circ4_scripted.v:2]
INFO: [Synth 8-6157] synthesizing module 'Dmem_circ5_scripted' [C:/Users/sayed/Desktop/Programing/major project/major-project-/decoder_top/Dmem_circ5_scripted.v:2]
	Parameter r bound to: 52 - type: integer 
	Parameter c bound to: 11 - type: integer 
	Parameter w bound to: 6 - type: integer 
	Parameter ADDRESSWIDTH bound to: 5 - type: integer 
	Parameter READDISABLEDCASE bound to: 5'b11111 
WARNING: [Synth 8-5856] 3D RAM fifoOut_reg  for this pattern/configuration is not supported. This will most likely be implemented in registers
INFO: [Synth 8-6155] done synthesizing module 'Dmem_circ5_scripted' (58#1) [C:/Users/sayed/Desktop/Programing/major project/major-project-/decoder_top/Dmem_circ5_scripted.v:2]
INFO: [Synth 8-6157] synthesizing module 'Dmem_circ6_scripted' [C:/Users/sayed/Desktop/Programing/major project/major-project-/decoder_top/Dmem_circ6_scripted.v:2]
	Parameter r bound to: 52 - type: integer 
	Parameter c bound to: 12 - type: integer 
	Parameter w bound to: 6 - type: integer 
	Parameter ADDRESSWIDTH bound to: 5 - type: integer 
	Parameter READDISABLEDCASE bound to: 5'b11111 
WARNING: [Synth 8-5856] 3D RAM fifoOut_reg  for this pattern/configuration is not supported. This will most likely be implemented in registers
INFO: [Synth 8-6155] done synthesizing module 'Dmem_circ6_scripted' (59#1) [C:/Users/sayed/Desktop/Programing/major project/major-project-/decoder_top/Dmem_circ6_scripted.v:2]
INFO: [Synth 8-6157] synthesizing module 'Dmem_circ7_scripted' [C:/Users/sayed/Desktop/Programing/major project/major-project-/decoder_top/Dmem_circ7_scripted.v:2]
	Parameter r bound to: 52 - type: integer 
	Parameter c bound to: 12 - type: integer 
	Parameter w bound to: 6 - type: integer 
	Parameter ADDRESSWIDTH bound to: 5 - type: integer 
	Parameter READDISABLEDCASE bound to: 5'b11111 
WARNING: [Synth 8-5856] 3D RAM fifoOut_reg  for this pattern/configuration is not supported. This will most likely be implemented in registers
INFO: [Synth 8-6155] done synthesizing module 'Dmem_circ7_scripted' (60#1) [C:/Users/sayed/Desktop/Programing/major project/major-project-/decoder_top/Dmem_circ7_scripted.v:2]
INFO: [Synth 8-6157] synthesizing module 'Dmem_circ8_scripted' [C:/Users/sayed/Desktop/Programing/major project/major-project-/decoder_top/Dmem_circ8_scripted.v:2]
	Parameter r bound to: 52 - type: integer 
	Parameter c bound to: 12 - type: integer 
	Parameter w bound to: 6 - type: integer 
	Parameter ADDRESSWIDTH bound to: 5 - type: integer 
	Parameter READDISABLEDCASE bound to: 5'b11111 
WARNING: [Synth 8-5856] 3D RAM fifoOut_reg  for this pattern/configuration is not supported. This will most likely be implemented in registers
INFO: [Synth 8-6155] done synthesizing module 'Dmem_circ8_scripted' (61#1) [C:/Users/sayed/Desktop/Programing/major project/major-project-/decoder_top/Dmem_circ8_scripted.v:2]
INFO: [Synth 8-6157] synthesizing module 'Dmem_circ9_scripted' [C:/Users/sayed/Desktop/Programing/major project/major-project-/decoder_top/Dmem_circ9_scripted.v:2]
	Parameter r bound to: 52 - type: integer 
	Parameter c bound to: 12 - type: integer 
	Parameter w bound to: 6 - type: integer 
	Parameter ADDRESSWIDTH bound to: 5 - type: integer 
	Parameter READDISABLEDCASE bound to: 5'b11111 
WARNING: [Synth 8-5856] 3D RAM fifoOut_reg  for this pattern/configuration is not supported. This will most likely be implemented in registers
INFO: [Synth 8-6155] done synthesizing module 'Dmem_circ9_scripted' (62#1) [C:/Users/sayed/Desktop/Programing/major project/major-project-/decoder_top/Dmem_circ9_scripted.v:2]
INFO: [Synth 8-6157] synthesizing module 'Dmem_circ10_scripted' [C:/Users/sayed/Desktop/Programing/major project/major-project-/decoder_top/Dmem_circ10_scripted.v:2]
	Parameter r bound to: 52 - type: integer 
	Parameter c bound to: 10 - type: integer 
	Parameter w bound to: 6 - type: integer 
	Parameter ADDRESSWIDTH bound to: 5 - type: integer 
	Parameter READDISABLEDCASE bound to: 5'b11111 
WARNING: [Synth 8-5856] 3D RAM fifoOut_reg  for this pattern/configuration is not supported. This will most likely be implemented in registers
INFO: [Synth 8-6155] done synthesizing module 'Dmem_circ10_scripted' (63#1) [C:/Users/sayed/Desktop/Programing/major project/major-project-/decoder_top/Dmem_circ10_scripted.v:2]
INFO: [Synth 8-6157] synthesizing module 'Dmem_circ11_scripted' [C:/Users/sayed/Desktop/Programing/major project/major-project-/decoder_top/Dmem_circ11_scripted.v:2]
	Parameter r bound to: 52 - type: integer 
	Parameter c bound to: 11 - type: integer 
	Parameter w bound to: 6 - type: integer 
	Parameter ADDRESSWIDTH bound to: 5 - type: integer 
	Parameter READDISABLEDCASE bound to: 5'b11111 
WARNING: [Synth 8-5856] 3D RAM fifoOut_reg  for this pattern/configuration is not supported. This will most likely be implemented in registers
INFO: [Synth 8-6155] done synthesizing module 'Dmem_circ11_scripted' (64#1) [C:/Users/sayed/Desktop/Programing/major project/major-project-/decoder_top/Dmem_circ11_scripted.v:2]
INFO: [Synth 8-6157] synthesizing module 'Dmem_circ12_scripted' [C:/Users/sayed/Desktop/Programing/major project/major-project-/decoder_top/Dmem_circ12_scripted.v:2]
	Parameter r bound to: 52 - type: integer 
	Parameter c bound to: 14 - type: integer 
	Parameter w bound to: 6 - type: integer 
	Parameter ADDRESSWIDTH bound to: 5 - type: integer 
	Parameter READDISABLEDCASE bound to: 5'b11111 
WARNING: [Synth 8-5856] 3D RAM fifoOut_reg  for this pattern/configuration is not supported. This will most likely be implemented in registers
INFO: [Synth 8-6155] done synthesizing module 'Dmem_circ12_scripted' (65#1) [C:/Users/sayed/Desktop/Programing/major project/major-project-/decoder_top/Dmem_circ12_scripted.v:2]
INFO: [Synth 8-6157] synthesizing module 'Dmem_circ13_scripted' [C:/Users/sayed/Desktop/Programing/major project/major-project-/decoder_top/Dmem_circ13_scripted.v:2]
	Parameter r bound to: 52 - type: integer 
	Parameter c bound to: 14 - type: integer 
	Parameter w bound to: 6 - type: integer 
	Parameter ADDRESSWIDTH bound to: 5 - type: integer 
	Parameter READDISABLEDCASE bound to: 5'b11111 
WARNING: [Synth 8-5856] 3D RAM fifoOut_reg  for this pattern/configuration is not supported. This will most likely be implemented in registers
INFO: [Synth 8-6155] done synthesizing module 'Dmem_circ13_scripted' (66#1) [C:/Users/sayed/Desktop/Programing/major project/major-project-/decoder_top/Dmem_circ13_scripted.v:2]
INFO: [Synth 8-6157] synthesizing module 'Dmem_circ14_scripted' [C:/Users/sayed/Desktop/Programing/major project/major-project-/decoder_top/Dmem_circ14_scripted.v:2]
	Parameter r bound to: 52 - type: integer 
	Parameter c bound to: 11 - type: integer 
	Parameter w bound to: 6 - type: integer 
	Parameter ADDRESSWIDTH bound to: 5 - type: integer 
	Parameter READDISABLEDCASE bound to: 5'b11111 
WARNING: [Synth 8-5856] 3D RAM fifoOut_reg  for this pattern/configuration is not supported. This will most likely be implemented in registers
INFO: [Synth 8-6155] done synthesizing module 'Dmem_circ14_scripted' (67#1) [C:/Users/sayed/Desktop/Programing/major project/major-project-/decoder_top/Dmem_circ14_scripted.v:2]
INFO: [Synth 8-6157] synthesizing module 'Dmem_circ15_scripted' [C:/Users/sayed/Desktop/Programing/major project/major-project-/decoder_top/Dmem_circ15_scripted.v:2]
	Parameter r bound to: 52 - type: integer 
	Parameter c bound to: 10 - type: integer 
	Parameter w bound to: 6 - type: integer 
	Parameter ADDRESSWIDTH bound to: 5 - type: integer 
	Parameter READDISABLEDCASE bound to: 5'b11111 
WARNING: [Synth 8-5856] 3D RAM fifoOut_reg  for this pattern/configuration is not supported. This will most likely be implemented in registers
INFO: [Synth 8-6155] done synthesizing module 'Dmem_circ15_scripted' (68#1) [C:/Users/sayed/Desktop/Programing/major project/major-project-/decoder_top/Dmem_circ15_scripted.v:2]
INFO: [Synth 8-6155] done synthesizing module 'Dmem_SRQtype_regout' (69#1) [C:/Users/sayed/Desktop/Programing/major project/major-project-/decoder_top/Dmem_SRQtype.v:27]
ERROR: [Synth 8-476] no matching instance 'controller_' for defparam [C:/Users/sayed/Desktop/Programing/major project/major-project-/decoder_top/ne_rowcomputer_SRQ_p26.v:135]
ERROR: [Synth 8-6156] failed synthesizing module 'ne_rowcomputer_SRQ_p26' [C:/Users/sayed/Desktop/Programing/major project/major-project-/decoder_top/ne_rowcomputer_SRQ_p26.v:24]
