Exception at PC 0x00007FFD3DBDD759
Exception at PC 0x00007FFD3DBDD759
Exception at PC 0x00007FFD3DBDD759
Exception at PC 0x00007FFD3DBDD759
Exception at PC 0x00007FFD3DBDD759
Exception at PC 0x00007FFD3DBDD759
Exception at PC 0x00007FFD3DBDD759
Unable to capture context for thread 17296 in process 11372, can not generate back trace
Exception at PC 0x00007FFD3DBDD759
Unable to capture context for thread 17296 in process 11372, can not generate back trace
Exception at PC 0x00007FFCB96EBB93
Printing stacktrace...

Exception at PC 0x00007FFD3DBDD759
Exception at PC 0x00007FFD3DBDD759
Exception at PC 0x00007FFD3DBDD759
Exception at PC 0x00007FFD3DBDD759
Exception at PC 0x00007FFD3DBDD759
Exception at PC 0x00007FFD3DBDD759
Exception at PC 0x00007FFD3DBDD759
Exception at PC 0x00007FFD3DBDD759
Exception at PC 0x00007FFD3DBDD759
Exception at PC 0x00007FFD3DBDD759
Exception at PC 0x00007FFD3DBDD759
Exception at PC 0x00007FFD3DBDD759
[0]  [0x00007FFCB96EBB93]
[1]  [0x00007FFCB96EBB93]
[2]  [0x00007FFCB96EB4A1]
[3]  [0x00007FFCB96EB3EF]
[4]  [0x00007FFCB96D19FE]
[5]  [0x00007FFCB96D0ED1]
[6]  [0x00007FFCB96D0D76]
[7]  [0x00007FFCB96779F6]
[8]  [0x00007FFCB9667AFB]
[9]  [0x00007FFCB978E90A]
[10]  [0x00007FFCB97A9F87]
[11]  [0x00007FFCB97AA05F]
[12] (BaseThreadInitThunk+0x14) [0x00007FFD40067034]
[13] (RtlUserThreadStart+0x21) [0x00007FFD4019D0D1]
Done
